date
Wed Sep 29 01:22:17 2021
set_host_options -max_cores 8
1
set compile_seqmap_propagate_constants     false
false
set compile_seqmap_propagate_high_effort   false
false
set compile_enable_register_merging        false
false
set write_sdc_output_net_resistance        false
false
set timing_separate_clock_gating_group     true
true
set verilogout_no_tri tru
tru
set html_log_enable true
true
set design       [getenv "DESIGN"]
jscL_Nulla
set clkname      [getenv "CLKNAME"]
CLK
set clkperiod    [getenv "CLK_PERIOD"]
460
set target_lib   [getenv "SYNTH_LIBRARY"]
/home/home2/students/esmailid/NCSU-FreePDK45-1.4/FreePDK45/osu_soc/lib/source/signalstorm/files/gscl45nm.db
set tech         [getenv "TECH"]
45nm
set work_dir     ${design}_synth_${tech}_${clkperiod}ps
jscL_Nulla_synth_45nm_460ps
#if {[file exist $work_dir]} {
#sh rm -rf $work_dir
#}
sh mkdir -p $work_dir/reports
sh mkdir -p $work_dir/netlist
set search_path [concat * $search_path]
* . /opt/synopsys/syn/P-2019.03-SP1-1/libraries/syn /opt/synopsys/syn/P-2019.03-SP1-1/dw/syn_ver /opt/synopsys/syn/P-2019.03-SP1-1/dw/sim_ver
sh rm -rf ./work
define_design_lib WORK -path ./work
1
set_svf $design.svf
1
set target_library $target_lib
/home/home2/students/esmailid/NCSU-FreePDK45-1.4/FreePDK45/osu_soc/lib/source/signalstorm/files/gscl45nm.db
set link_library $target_lib
/home/home2/students/esmailid/NCSU-FreePDK45-1.4/FreePDK45/osu_soc/lib/source/signalstorm/files/gscl45nm.db
#source -echo -verbose ../../../../../memlib/link_mem.tcl
if {[file exist ./set_design.tcl]} {
  source ./set_design.tcl
} else {
  source -echo -verbose ./analyze.tcl
}
analyze -library WORK -format verilog ../rtl/kernel_1.v;
Warning: HTML log file will be overwritten: '/home/home2/students/esmailid/template/synth/default.html'
        If this is not desired then please use the following variable to rename the HTML file: html_log_filename (DCSH-019)
Running PRESTO HDLC
Compiling source file ../rtl/kernel_1.v
Presto compilation completed successfully.
Loading db file '/home/home2/students/esmailid/NCSU-FreePDK45-1.4/FreePDK45/osu_soc/lib/source/signalstorm/files/gscl45nm.db'
1
analyze -library WORK -format verilog ../rtl/kernel_2.v;
Running PRESTO HDLC
Compiling source file ../rtl/kernel_2.v
Presto compilation completed successfully.
1
analyze -library WORK -format verilog ../rtl/kernel_3.v;
Running PRESTO HDLC
Compiling source file ../rtl/kernel_3.v
Presto compilation completed successfully.
1
analyze -library WORK -format verilog ../rtl/kernel_4.v;
Running PRESTO HDLC
Compiling source file ../rtl/kernel_4.v
Presto compilation completed successfully.
1
analyze -library WORK -format verilog ../rtl/kernel_5.v;
Running PRESTO HDLC
Compiling source file ../rtl/kernel_5.v
Presto compilation completed successfully.
1
analyze -library WORK -format verilog ../rtl/kernel_6.v;
Running PRESTO HDLC
Compiling source file ../rtl/kernel_6.v
Presto compilation completed successfully.
1
analyze -library WORK -format verilog ../rtl/jscL_Nulla.v;
Running PRESTO HDLC
Compiling source file ../rtl/jscL_Nulla.v
Presto compilation completed successfully.
1
1
elaborate $design
Loading db file '/opt/synopsys/syn/P-2019.03-SP1-1/libraries/syn/gtech.db'
Loading db file '/opt/synopsys/syn/P-2019.03-SP1-1/libraries/syn/standard.sldb'
  Loading link library 'gscl45nm'
  Loading link library 'gtech'
Running PRESTO HDLC

Inferred memory devices in process
        in routine jscL_Nulla line 36 in file
                '../rtl/jscL_Nulla.v'.
==================================================================================
|     Register Name      |   Type    | Width | Bus | MB | AR | AS | SR | SS | ST |
==================================================================================
| reg1_mem_read_data_reg | Flip-flop |  96   |  Y  | N  | N  | N  | N  | N  | N  |
| reg2_mem_read_data_reg | Flip-flop |  192  |  Y  | N  | N  | N  | N  | N  | N  |
| reg3_mem_read_data_reg | Flip-flop |  576  |  Y  | N  | N  | N  | N  | N  | N  |
| reg4_mem_read_data_reg | Flip-flop |  576  |  Y  | N  | N  | N  | N  | N  | N  |
| reg5_mem_read_data_reg | Flip-flop |  48   |  Y  | N  | N  | N  | N  | N  | N  |
| reg6_mem_read_data_reg | Flip-flop |  35   |  Y  | N  | N  | N  | N  | N  | N  |
| reg0_mem_read_data_reg | Flip-flop |  64   |  Y  | N  | N  | N  | N  | N  | N  |
==================================================================================
Presto compilation completed successfully. (jscL_Nulla)
Elaborated 1 design.
Current design is now 'jscL_Nulla'.
Information: Building the design 'kernel_1'. (HDL-193)
Presto compilation completed successfully. (kernel_1)
Information: Building the design 'kernel_2'. (HDL-193)
Presto compilation completed successfully. (kernel_2)
Information: Building the design 'kernel_3'. (HDL-193)
Presto compilation completed successfully. (kernel_3)
Information: Building the design 'kernel_4'. (HDL-193)
Presto compilation completed successfully. (kernel_4)
Information: Building the design 'kernel_5'. (HDL-193)
Presto compilation completed successfully. (kernel_5)
Information: Building the design 'kernel_6'. (HDL-193)
Presto compilation completed successfully. (kernel_6)
Information: Building the design 'kernel_1_0'. (HDL-193)
Presto compilation completed successfully. (kernel_1_0)
Information: Building the design 'kernel_1_1'. (HDL-193)
Presto compilation completed successfully. (kernel_1_1)
Information: Building the design 'kernel_1_2'. (HDL-193)
Presto compilation completed successfully. (kernel_1_2)
Information: Building the design 'kernel_1_3'. (HDL-193)
Presto compilation completed successfully. (kernel_1_3)
Information: Building the design 'kernel_1_4'. (HDL-193)
Presto compilation completed successfully. (kernel_1_4)
Information: Building the design 'kernel_1_5'. (HDL-193)
Presto compilation completed successfully. (kernel_1_5)
Information: Building the design 'kernel_1_6'. (HDL-193)
Presto compilation completed successfully. (kernel_1_6)
Information: Building the design 'kernel_1_7'. (HDL-193)
Presto compilation completed successfully. (kernel_1_7)
Information: Building the design 'kernel_1_8'. (HDL-193)
Presto compilation completed successfully. (kernel_1_8)
Information: Building the design 'kernel_1_9'. (HDL-193)
Presto compilation completed successfully. (kernel_1_9)
Information: Building the design 'kernel_1_10'. (HDL-193)
Presto compilation completed successfully. (kernel_1_10)
Information: Building the design 'kernel_1_11'. (HDL-193)
Presto compilation completed successfully. (kernel_1_11)
Information: Building the design 'kernel_1_12'. (HDL-193)
Presto compilation completed successfully. (kernel_1_12)
Information: Building the design 'kernel_1_13'. (HDL-193)
Presto compilation completed successfully. (kernel_1_13)
Information: Building the design 'kernel_1_14'. (HDL-193)
Presto compilation completed successfully. (kernel_1_14)
Information: Building the design 'kernel_1_15'. (HDL-193)
Presto compilation completed successfully. (kernel_1_15)
Information: Building the design 'kernel_1_16'. (HDL-193)
Presto compilation completed successfully. (kernel_1_16)
Information: Building the design 'kernel_1_17'. (HDL-193)
Presto compilation completed successfully. (kernel_1_17)
Information: Building the design 'kernel_1_18'. (HDL-193)
Presto compilation completed successfully. (kernel_1_18)
Information: Building the design 'kernel_1_19'. (HDL-193)
Presto compilation completed successfully. (kernel_1_19)
Information: Building the design 'kernel_1_20'. (HDL-193)
Presto compilation completed successfully. (kernel_1_20)
Information: Building the design 'kernel_1_21'. (HDL-193)
Presto compilation completed successfully. (kernel_1_21)
Information: Building the design 'kernel_1_22'. (HDL-193)
Presto compilation completed successfully. (kernel_1_22)
Information: Building the design 'kernel_1_23'. (HDL-193)
Presto compilation completed successfully. (kernel_1_23)
Information: Building the design 'kernel_1_24'. (HDL-193)
Presto compilation completed successfully. (kernel_1_24)
Information: Building the design 'kernel_1_25'. (HDL-193)
Presto compilation completed successfully. (kernel_1_25)
Information: Building the design 'kernel_1_26'. (HDL-193)
Presto compilation completed successfully. (kernel_1_26)
Information: Building the design 'kernel_1_27'. (HDL-193)
Presto compilation completed successfully. (kernel_1_27)
Information: Building the design 'kernel_1_28'. (HDL-193)
Presto compilation completed successfully. (kernel_1_28)
Information: Building the design 'kernel_1_29'. (HDL-193)
Presto compilation completed successfully. (kernel_1_29)
Information: Building the design 'kernel_1_30'. (HDL-193)
Presto compilation completed successfully. (kernel_1_30)
Information: Building the design 'kernel_1_31'. (HDL-193)
Presto compilation completed successfully. (kernel_1_31)
Information: Building the design 'kernel_2_0'. (HDL-193)
Presto compilation completed successfully. (kernel_2_0)
Information: Building the design 'kernel_2_1'. (HDL-193)
Presto compilation completed successfully. (kernel_2_1)
Information: Building the design 'kernel_2_2'. (HDL-193)
Presto compilation completed successfully. (kernel_2_2)
Information: Building the design 'kernel_2_3'. (HDL-193)
Presto compilation completed successfully. (kernel_2_3)
Information: Building the design 'kernel_2_4'. (HDL-193)
Presto compilation completed successfully. (kernel_2_4)
Information: Building the design 'kernel_2_5'. (HDL-193)
Presto compilation completed successfully. (kernel_2_5)
Information: Building the design 'kernel_2_6'. (HDL-193)
Presto compilation completed successfully. (kernel_2_6)
Information: Building the design 'kernel_2_7'. (HDL-193)
Presto compilation completed successfully. (kernel_2_7)
Information: Building the design 'kernel_2_8'. (HDL-193)
Presto compilation completed successfully. (kernel_2_8)
Information: Building the design 'kernel_2_9'. (HDL-193)
Presto compilation completed successfully. (kernel_2_9)
Information: Building the design 'kernel_2_10'. (HDL-193)
Presto compilation completed successfully. (kernel_2_10)
Information: Building the design 'kernel_2_11'. (HDL-193)
Presto compilation completed successfully. (kernel_2_11)
Information: Building the design 'kernel_2_12'. (HDL-193)
Presto compilation completed successfully. (kernel_2_12)
Information: Building the design 'kernel_2_13'. (HDL-193)
Presto compilation completed successfully. (kernel_2_13)
Information: Building the design 'kernel_2_14'. (HDL-193)
Presto compilation completed successfully. (kernel_2_14)
Information: Building the design 'kernel_2_15'. (HDL-193)
Presto compilation completed successfully. (kernel_2_15)
Information: Building the design 'kernel_2_16'. (HDL-193)
Presto compilation completed successfully. (kernel_2_16)
Information: Building the design 'kernel_2_17'. (HDL-193)
Presto compilation completed successfully. (kernel_2_17)
Information: Building the design 'kernel_2_18'. (HDL-193)
Presto compilation completed successfully. (kernel_2_18)
Information: Building the design 'kernel_2_19'. (HDL-193)
Presto compilation completed successfully. (kernel_2_19)
Information: Building the design 'kernel_2_20'. (HDL-193)
Presto compilation completed successfully. (kernel_2_20)
Information: Building the design 'kernel_2_21'. (HDL-193)
Presto compilation completed successfully. (kernel_2_21)
Information: Building the design 'kernel_2_22'. (HDL-193)
Presto compilation completed successfully. (kernel_2_22)
Information: Building the design 'kernel_2_23'. (HDL-193)
Presto compilation completed successfully. (kernel_2_23)
Information: Building the design 'kernel_2_24'. (HDL-193)
Presto compilation completed successfully. (kernel_2_24)
Information: Building the design 'kernel_2_25'. (HDL-193)
Presto compilation completed successfully. (kernel_2_25)
Information: Building the design 'kernel_2_26'. (HDL-193)
Presto compilation completed successfully. (kernel_2_26)
Information: Building the design 'kernel_2_27'. (HDL-193)
Presto compilation completed successfully. (kernel_2_27)
Information: Building the design 'kernel_2_28'. (HDL-193)
Presto compilation completed successfully. (kernel_2_28)
Information: Building the design 'kernel_2_29'. (HDL-193)
Presto compilation completed successfully. (kernel_2_29)
Information: Building the design 'kernel_2_30'. (HDL-193)
Presto compilation completed successfully. (kernel_2_30)
Information: Building the design 'kernel_2_31'. (HDL-193)
Presto compilation completed successfully. (kernel_2_31)
Information: Building the design 'kernel_2_32'. (HDL-193)
Presto compilation completed successfully. (kernel_2_32)
Information: Building the design 'kernel_2_33'. (HDL-193)
Presto compilation completed successfully. (kernel_2_33)
Information: Building the design 'kernel_2_34'. (HDL-193)
Presto compilation completed successfully. (kernel_2_34)
Information: Building the design 'kernel_2_35'. (HDL-193)
Presto compilation completed successfully. (kernel_2_35)
Information: Building the design 'kernel_2_36'. (HDL-193)
Presto compilation completed successfully. (kernel_2_36)
Information: Building the design 'kernel_2_37'. (HDL-193)
Presto compilation completed successfully. (kernel_2_37)
Information: Building the design 'kernel_2_38'. (HDL-193)
Presto compilation completed successfully. (kernel_2_38)
Information: Building the design 'kernel_2_39'. (HDL-193)
Presto compilation completed successfully. (kernel_2_39)
Information: Building the design 'kernel_2_40'. (HDL-193)
Presto compilation completed successfully. (kernel_2_40)
Information: Building the design 'kernel_2_41'. (HDL-193)
Presto compilation completed successfully. (kernel_2_41)
Information: Building the design 'kernel_2_42'. (HDL-193)
Presto compilation completed successfully. (kernel_2_42)
Information: Building the design 'kernel_2_43'. (HDL-193)
Presto compilation completed successfully. (kernel_2_43)
Information: Building the design 'kernel_2_44'. (HDL-193)
Presto compilation completed successfully. (kernel_2_44)
Information: Building the design 'kernel_2_45'. (HDL-193)
Presto compilation completed successfully. (kernel_2_45)
Information: Building the design 'kernel_2_46'. (HDL-193)
Presto compilation completed successfully. (kernel_2_46)
Information: Building the design 'kernel_2_47'. (HDL-193)
Presto compilation completed successfully. (kernel_2_47)
Information: Building the design 'kernel_2_48'. (HDL-193)
Presto compilation completed successfully. (kernel_2_48)
Information: Building the design 'kernel_2_49'. (HDL-193)
Presto compilation completed successfully. (kernel_2_49)
Information: Building the design 'kernel_2_50'. (HDL-193)
Presto compilation completed successfully. (kernel_2_50)
Information: Building the design 'kernel_2_51'. (HDL-193)
Presto compilation completed successfully. (kernel_2_51)
Information: Building the design 'kernel_2_52'. (HDL-193)
Presto compilation completed successfully. (kernel_2_52)
Information: Building the design 'kernel_2_53'. (HDL-193)
Presto compilation completed successfully. (kernel_2_53)
Information: Building the design 'kernel_2_54'. (HDL-193)
Presto compilation completed successfully. (kernel_2_54)
Information: Building the design 'kernel_2_55'. (HDL-193)
Presto compilation completed successfully. (kernel_2_55)
Information: Building the design 'kernel_2_56'. (HDL-193)
Presto compilation completed successfully. (kernel_2_56)
Information: Building the design 'kernel_2_57'. (HDL-193)
Presto compilation completed successfully. (kernel_2_57)
Information: Building the design 'kernel_2_58'. (HDL-193)
Presto compilation completed successfully. (kernel_2_58)
Information: Building the design 'kernel_2_59'. (HDL-193)
Presto compilation completed successfully. (kernel_2_59)
Information: Building the design 'kernel_2_60'. (HDL-193)
Presto compilation completed successfully. (kernel_2_60)
Information: Building the design 'kernel_2_61'. (HDL-193)
Presto compilation completed successfully. (kernel_2_61)
Information: Building the design 'kernel_2_62'. (HDL-193)
Presto compilation completed successfully. (kernel_2_62)
Information: Building the design 'kernel_2_63'. (HDL-193)
Presto compilation completed successfully. (kernel_2_63)
Information: Building the design 'kernel_3_0'. (HDL-193)
Presto compilation completed successfully. (kernel_3_0)
Information: Building the design 'kernel_3_1'. (HDL-193)
Presto compilation completed successfully. (kernel_3_1)
Information: Building the design 'kernel_3_2'. (HDL-193)
Presto compilation completed successfully. (kernel_3_2)
Information: Building the design 'kernel_3_3'. (HDL-193)
Presto compilation completed successfully. (kernel_3_3)
Information: Building the design 'kernel_3_4'. (HDL-193)
Presto compilation completed successfully. (kernel_3_4)
Information: Building the design 'kernel_3_5'. (HDL-193)
Presto compilation completed successfully. (kernel_3_5)
Information: Building the design 'kernel_3_6'. (HDL-193)
Presto compilation completed successfully. (kernel_3_6)
Information: Building the design 'kernel_3_7'. (HDL-193)
Presto compilation completed successfully. (kernel_3_7)
Information: Building the design 'kernel_3_8'. (HDL-193)
Presto compilation completed successfully. (kernel_3_8)
Information: Building the design 'kernel_3_9'. (HDL-193)
Presto compilation completed successfully. (kernel_3_9)
Information: Building the design 'kernel_3_10'. (HDL-193)
Presto compilation completed successfully. (kernel_3_10)
Information: Building the design 'kernel_3_11'. (HDL-193)
Presto compilation completed successfully. (kernel_3_11)
Information: Building the design 'kernel_3_12'. (HDL-193)
Presto compilation completed successfully. (kernel_3_12)
Information: Building the design 'kernel_3_13'. (HDL-193)
Presto compilation completed successfully. (kernel_3_13)
Information: Building the design 'kernel_3_14'. (HDL-193)
Presto compilation completed successfully. (kernel_3_14)
Information: Building the design 'kernel_3_15'. (HDL-193)
Presto compilation completed successfully. (kernel_3_15)
Information: Building the design 'kernel_3_16'. (HDL-193)
Presto compilation completed successfully. (kernel_3_16)
Information: Building the design 'kernel_3_17'. (HDL-193)
Presto compilation completed successfully. (kernel_3_17)
Information: Building the design 'kernel_3_18'. (HDL-193)
Presto compilation completed successfully. (kernel_3_18)
Information: Building the design 'kernel_3_19'. (HDL-193)
Presto compilation completed successfully. (kernel_3_19)
Information: Building the design 'kernel_3_20'. (HDL-193)
Presto compilation completed successfully. (kernel_3_20)
Information: Building the design 'kernel_3_21'. (HDL-193)
Presto compilation completed successfully. (kernel_3_21)
Information: Building the design 'kernel_3_22'. (HDL-193)
Presto compilation completed successfully. (kernel_3_22)
Information: Building the design 'kernel_3_23'. (HDL-193)
Presto compilation completed successfully. (kernel_3_23)
Information: Building the design 'kernel_3_24'. (HDL-193)
Presto compilation completed successfully. (kernel_3_24)
Information: Building the design 'kernel_3_25'. (HDL-193)
Presto compilation completed successfully. (kernel_3_25)
Information: Building the design 'kernel_3_26'. (HDL-193)
Presto compilation completed successfully. (kernel_3_26)
Information: Building the design 'kernel_3_27'. (HDL-193)
Presto compilation completed successfully. (kernel_3_27)
Information: Building the design 'kernel_3_28'. (HDL-193)
Presto compilation completed successfully. (kernel_3_28)
Information: Building the design 'kernel_3_29'. (HDL-193)
Presto compilation completed successfully. (kernel_3_29)
Information: Building the design 'kernel_3_30'. (HDL-193)
Presto compilation completed successfully. (kernel_3_30)
Information: Building the design 'kernel_3_31'. (HDL-193)
Presto compilation completed successfully. (kernel_3_31)
Information: Building the design 'kernel_3_32'. (HDL-193)
Presto compilation completed successfully. (kernel_3_32)
Information: Building the design 'kernel_3_33'. (HDL-193)
Presto compilation completed successfully. (kernel_3_33)
Information: Building the design 'kernel_3_34'. (HDL-193)
Presto compilation completed successfully. (kernel_3_34)
Information: Building the design 'kernel_3_35'. (HDL-193)
Presto compilation completed successfully. (kernel_3_35)
Information: Building the design 'kernel_3_36'. (HDL-193)
Presto compilation completed successfully. (kernel_3_36)
Information: Building the design 'kernel_3_37'. (HDL-193)
Presto compilation completed successfully. (kernel_3_37)
Information: Building the design 'kernel_3_38'. (HDL-193)
Presto compilation completed successfully. (kernel_3_38)
Information: Building the design 'kernel_3_39'. (HDL-193)
Presto compilation completed successfully. (kernel_3_39)
Information: Building the design 'kernel_3_40'. (HDL-193)
Presto compilation completed successfully. (kernel_3_40)
Information: Building the design 'kernel_3_41'. (HDL-193)
Presto compilation completed successfully. (kernel_3_41)
Information: Building the design 'kernel_3_42'. (HDL-193)
Presto compilation completed successfully. (kernel_3_42)
Information: Building the design 'kernel_3_43'. (HDL-193)
Presto compilation completed successfully. (kernel_3_43)
Information: Building the design 'kernel_3_44'. (HDL-193)
Presto compilation completed successfully. (kernel_3_44)
Information: Building the design 'kernel_3_45'. (HDL-193)
Presto compilation completed successfully. (kernel_3_45)
Information: Building the design 'kernel_3_46'. (HDL-193)
Presto compilation completed successfully. (kernel_3_46)
Information: Building the design 'kernel_3_47'. (HDL-193)
Presto compilation completed successfully. (kernel_3_47)
Information: Building the design 'kernel_3_48'. (HDL-193)
Presto compilation completed successfully. (kernel_3_48)
Information: Building the design 'kernel_3_49'. (HDL-193)
Presto compilation completed successfully. (kernel_3_49)
Information: Building the design 'kernel_3_50'. (HDL-193)
Presto compilation completed successfully. (kernel_3_50)
Information: Building the design 'kernel_3_51'. (HDL-193)
Presto compilation completed successfully. (kernel_3_51)
Information: Building the design 'kernel_3_52'. (HDL-193)
Presto compilation completed successfully. (kernel_3_52)
Information: Building the design 'kernel_3_53'. (HDL-193)
Presto compilation completed successfully. (kernel_3_53)
Information: Building the design 'kernel_3_54'. (HDL-193)
Presto compilation completed successfully. (kernel_3_54)
Information: Building the design 'kernel_3_55'. (HDL-193)
Presto compilation completed successfully. (kernel_3_55)
Information: Building the design 'kernel_3_56'. (HDL-193)
Presto compilation completed successfully. (kernel_3_56)
Information: Building the design 'kernel_3_57'. (HDL-193)
Presto compilation completed successfully. (kernel_3_57)
Information: Building the design 'kernel_3_58'. (HDL-193)
Presto compilation completed successfully. (kernel_3_58)
Information: Building the design 'kernel_3_59'. (HDL-193)
Presto compilation completed successfully. (kernel_3_59)
Information: Building the design 'kernel_3_60'. (HDL-193)
Presto compilation completed successfully. (kernel_3_60)
Information: Building the design 'kernel_3_61'. (HDL-193)
Presto compilation completed successfully. (kernel_3_61)
Information: Building the design 'kernel_3_62'. (HDL-193)
Presto compilation completed successfully. (kernel_3_62)
Information: Building the design 'kernel_3_63'. (HDL-193)
Presto compilation completed successfully. (kernel_3_63)
Information: Building the design 'kernel_3_64'. (HDL-193)
Presto compilation completed successfully. (kernel_3_64)
Information: Building the design 'kernel_3_65'. (HDL-193)
Presto compilation completed successfully. (kernel_3_65)
Information: Building the design 'kernel_3_66'. (HDL-193)
Presto compilation completed successfully. (kernel_3_66)
Information: Building the design 'kernel_3_67'. (HDL-193)
Presto compilation completed successfully. (kernel_3_67)
Information: Building the design 'kernel_3_68'. (HDL-193)
Presto compilation completed successfully. (kernel_3_68)
Information: Building the design 'kernel_3_69'. (HDL-193)
Presto compilation completed successfully. (kernel_3_69)
Information: Building the design 'kernel_3_70'. (HDL-193)
Presto compilation completed successfully. (kernel_3_70)
Information: Building the design 'kernel_3_71'. (HDL-193)
Presto compilation completed successfully. (kernel_3_71)
Information: Building the design 'kernel_3_72'. (HDL-193)
Presto compilation completed successfully. (kernel_3_72)
Information: Building the design 'kernel_3_73'. (HDL-193)
Presto compilation completed successfully. (kernel_3_73)
Information: Building the design 'kernel_3_74'. (HDL-193)
Presto compilation completed successfully. (kernel_3_74)
Information: Building the design 'kernel_3_75'. (HDL-193)
Presto compilation completed successfully. (kernel_3_75)
Information: Building the design 'kernel_3_76'. (HDL-193)
Presto compilation completed successfully. (kernel_3_76)
Information: Building the design 'kernel_3_77'. (HDL-193)
Presto compilation completed successfully. (kernel_3_77)
Information: Building the design 'kernel_3_78'. (HDL-193)
Presto compilation completed successfully. (kernel_3_78)
Information: Building the design 'kernel_3_79'. (HDL-193)
Presto compilation completed successfully. (kernel_3_79)
Information: Building the design 'kernel_3_80'. (HDL-193)
Presto compilation completed successfully. (kernel_3_80)
Information: Building the design 'kernel_3_81'. (HDL-193)
Presto compilation completed successfully. (kernel_3_81)
Information: Building the design 'kernel_3_82'. (HDL-193)
Presto compilation completed successfully. (kernel_3_82)
Information: Building the design 'kernel_3_83'. (HDL-193)
Presto compilation completed successfully. (kernel_3_83)
Information: Building the design 'kernel_3_84'. (HDL-193)
Presto compilation completed successfully. (kernel_3_84)
Information: Building the design 'kernel_3_85'. (HDL-193)
Presto compilation completed successfully. (kernel_3_85)
Information: Building the design 'kernel_3_86'. (HDL-193)
Presto compilation completed successfully. (kernel_3_86)
Information: Building the design 'kernel_3_87'. (HDL-193)
Presto compilation completed successfully. (kernel_3_87)
Information: Building the design 'kernel_3_88'. (HDL-193)
Presto compilation completed successfully. (kernel_3_88)
Information: Building the design 'kernel_3_89'. (HDL-193)
Presto compilation completed successfully. (kernel_3_89)
Information: Building the design 'kernel_3_90'. (HDL-193)
Presto compilation completed successfully. (kernel_3_90)
Information: Building the design 'kernel_3_91'. (HDL-193)
Presto compilation completed successfully. (kernel_3_91)
Information: Building the design 'kernel_3_92'. (HDL-193)
Presto compilation completed successfully. (kernel_3_92)
Information: Building the design 'kernel_3_93'. (HDL-193)
Presto compilation completed successfully. (kernel_3_93)
Information: Building the design 'kernel_3_94'. (HDL-193)
Presto compilation completed successfully. (kernel_3_94)
Information: Building the design 'kernel_3_95'. (HDL-193)
Presto compilation completed successfully. (kernel_3_95)
Information: Building the design 'kernel_3_96'. (HDL-193)
Presto compilation completed successfully. (kernel_3_96)
Information: Building the design 'kernel_3_97'. (HDL-193)
Presto compilation completed successfully. (kernel_3_97)
Information: Building the design 'kernel_3_98'. (HDL-193)
Presto compilation completed successfully. (kernel_3_98)
Information: Building the design 'kernel_3_99'. (HDL-193)
Presto compilation completed successfully. (kernel_3_99)
Information: Building the design 'kernel_3_100'. (HDL-193)
Presto compilation completed successfully. (kernel_3_100)
Information: Building the design 'kernel_3_101'. (HDL-193)
Presto compilation completed successfully. (kernel_3_101)
Information: Building the design 'kernel_3_102'. (HDL-193)
Presto compilation completed successfully. (kernel_3_102)
Information: Building the design 'kernel_3_103'. (HDL-193)
Presto compilation completed successfully. (kernel_3_103)
Information: Building the design 'kernel_3_104'. (HDL-193)
Presto compilation completed successfully. (kernel_3_104)
Information: Building the design 'kernel_3_105'. (HDL-193)
Presto compilation completed successfully. (kernel_3_105)
Information: Building the design 'kernel_3_106'. (HDL-193)
Presto compilation completed successfully. (kernel_3_106)
Information: Building the design 'kernel_3_107'. (HDL-193)
Presto compilation completed successfully. (kernel_3_107)
Information: Building the design 'kernel_3_108'. (HDL-193)
Presto compilation completed successfully. (kernel_3_108)
Information: Building the design 'kernel_3_109'. (HDL-193)
Presto compilation completed successfully. (kernel_3_109)
Information: Building the design 'kernel_3_110'. (HDL-193)
Presto compilation completed successfully. (kernel_3_110)
Information: Building the design 'kernel_3_111'. (HDL-193)
Presto compilation completed successfully. (kernel_3_111)
Information: Building the design 'kernel_3_112'. (HDL-193)
Presto compilation completed successfully. (kernel_3_112)
Information: Building the design 'kernel_3_113'. (HDL-193)
Presto compilation completed successfully. (kernel_3_113)
Information: Building the design 'kernel_3_114'. (HDL-193)
Presto compilation completed successfully. (kernel_3_114)
Information: Building the design 'kernel_3_115'. (HDL-193)
Presto compilation completed successfully. (kernel_3_115)
Information: Building the design 'kernel_3_116'. (HDL-193)
Presto compilation completed successfully. (kernel_3_116)
Information: Building the design 'kernel_3_117'. (HDL-193)
Presto compilation completed successfully. (kernel_3_117)
Information: Building the design 'kernel_3_118'. (HDL-193)
Presto compilation completed successfully. (kernel_3_118)
Information: Building the design 'kernel_3_119'. (HDL-193)
Presto compilation completed successfully. (kernel_3_119)
Information: Building the design 'kernel_3_120'. (HDL-193)
Presto compilation completed successfully. (kernel_3_120)
Information: Building the design 'kernel_3_121'. (HDL-193)
Presto compilation completed successfully. (kernel_3_121)
Information: Building the design 'kernel_3_122'. (HDL-193)
Presto compilation completed successfully. (kernel_3_122)
Information: Building the design 'kernel_3_123'. (HDL-193)
Presto compilation completed successfully. (kernel_3_123)
Information: Building the design 'kernel_3_124'. (HDL-193)
Presto compilation completed successfully. (kernel_3_124)
Information: Building the design 'kernel_3_125'. (HDL-193)
Presto compilation completed successfully. (kernel_3_125)
Information: Building the design 'kernel_3_126'. (HDL-193)
Presto compilation completed successfully. (kernel_3_126)
Information: Building the design 'kernel_3_127'. (HDL-193)
Presto compilation completed successfully. (kernel_3_127)
Information: Building the design 'kernel_3_128'. (HDL-193)
Presto compilation completed successfully. (kernel_3_128)
Information: Building the design 'kernel_3_129'. (HDL-193)
Presto compilation completed successfully. (kernel_3_129)
Information: Building the design 'kernel_3_130'. (HDL-193)
Presto compilation completed successfully. (kernel_3_130)
Information: Building the design 'kernel_3_131'. (HDL-193)
Presto compilation completed successfully. (kernel_3_131)
Information: Building the design 'kernel_3_132'. (HDL-193)
Presto compilation completed successfully. (kernel_3_132)
Information: Building the design 'kernel_3_133'. (HDL-193)
Presto compilation completed successfully. (kernel_3_133)
Information: Building the design 'kernel_3_134'. (HDL-193)
Presto compilation completed successfully. (kernel_3_134)
Information: Building the design 'kernel_3_135'. (HDL-193)
Presto compilation completed successfully. (kernel_3_135)
Information: Building the design 'kernel_3_136'. (HDL-193)
Presto compilation completed successfully. (kernel_3_136)
Information: Building the design 'kernel_3_137'. (HDL-193)
Presto compilation completed successfully. (kernel_3_137)
Information: Building the design 'kernel_3_138'. (HDL-193)
Presto compilation completed successfully. (kernel_3_138)
Information: Building the design 'kernel_3_139'. (HDL-193)
Presto compilation completed successfully. (kernel_3_139)
Information: Building the design 'kernel_3_140'. (HDL-193)
Presto compilation completed successfully. (kernel_3_140)
Information: Building the design 'kernel_3_141'. (HDL-193)
Presto compilation completed successfully. (kernel_3_141)
Information: Building the design 'kernel_3_142'. (HDL-193)
Presto compilation completed successfully. (kernel_3_142)
Information: Building the design 'kernel_3_143'. (HDL-193)
Presto compilation completed successfully. (kernel_3_143)
Information: Building the design 'kernel_3_144'. (HDL-193)
Presto compilation completed successfully. (kernel_3_144)
Information: Building the design 'kernel_3_145'. (HDL-193)
Presto compilation completed successfully. (kernel_3_145)
Information: Building the design 'kernel_3_146'. (HDL-193)
Presto compilation completed successfully. (kernel_3_146)
Information: Building the design 'kernel_3_147'. (HDL-193)
Presto compilation completed successfully. (kernel_3_147)
Information: Building the design 'kernel_3_148'. (HDL-193)
Presto compilation completed successfully. (kernel_3_148)
Information: Building the design 'kernel_3_149'. (HDL-193)
Presto compilation completed successfully. (kernel_3_149)
Information: Building the design 'kernel_3_150'. (HDL-193)
Presto compilation completed successfully. (kernel_3_150)
Information: Building the design 'kernel_3_151'. (HDL-193)
Presto compilation completed successfully. (kernel_3_151)
Information: Building the design 'kernel_3_152'. (HDL-193)
Presto compilation completed successfully. (kernel_3_152)
Information: Building the design 'kernel_3_153'. (HDL-193)
Presto compilation completed successfully. (kernel_3_153)
Information: Building the design 'kernel_3_154'. (HDL-193)
Presto compilation completed successfully. (kernel_3_154)
Information: Building the design 'kernel_3_155'. (HDL-193)
Presto compilation completed successfully. (kernel_3_155)
Information: Building the design 'kernel_3_156'. (HDL-193)
Presto compilation completed successfully. (kernel_3_156)
Information: Building the design 'kernel_3_157'. (HDL-193)
Presto compilation completed successfully. (kernel_3_157)
Information: Building the design 'kernel_3_158'. (HDL-193)
Presto compilation completed successfully. (kernel_3_158)
Information: Building the design 'kernel_3_159'. (HDL-193)
Presto compilation completed successfully. (kernel_3_159)
Information: Building the design 'kernel_3_160'. (HDL-193)
Presto compilation completed successfully. (kernel_3_160)
Information: Building the design 'kernel_3_161'. (HDL-193)
Presto compilation completed successfully. (kernel_3_161)
Information: Building the design 'kernel_3_162'. (HDL-193)
Presto compilation completed successfully. (kernel_3_162)
Information: Building the design 'kernel_3_163'. (HDL-193)
Presto compilation completed successfully. (kernel_3_163)
Information: Building the design 'kernel_3_164'. (HDL-193)
Presto compilation completed successfully. (kernel_3_164)
Information: Building the design 'kernel_3_165'. (HDL-193)
Presto compilation completed successfully. (kernel_3_165)
Information: Building the design 'kernel_3_166'. (HDL-193)
Presto compilation completed successfully. (kernel_3_166)
Information: Building the design 'kernel_3_167'. (HDL-193)
Presto compilation completed successfully. (kernel_3_167)
Information: Building the design 'kernel_3_168'. (HDL-193)
Presto compilation completed successfully. (kernel_3_168)
Information: Building the design 'kernel_3_169'. (HDL-193)
Presto compilation completed successfully. (kernel_3_169)
Information: Building the design 'kernel_3_170'. (HDL-193)
Presto compilation completed successfully. (kernel_3_170)
Information: Building the design 'kernel_3_171'. (HDL-193)
Presto compilation completed successfully. (kernel_3_171)
Information: Building the design 'kernel_3_172'. (HDL-193)
Presto compilation completed successfully. (kernel_3_172)
Information: Building the design 'kernel_3_173'. (HDL-193)
Presto compilation completed successfully. (kernel_3_173)
Information: Building the design 'kernel_3_174'. (HDL-193)
Presto compilation completed successfully. (kernel_3_174)
Information: Building the design 'kernel_3_175'. (HDL-193)
Presto compilation completed successfully. (kernel_3_175)
Information: Building the design 'kernel_3_176'. (HDL-193)
Presto compilation completed successfully. (kernel_3_176)
Information: Building the design 'kernel_3_177'. (HDL-193)
Presto compilation completed successfully. (kernel_3_177)
Information: Building the design 'kernel_3_178'. (HDL-193)
Presto compilation completed successfully. (kernel_3_178)
Information: Building the design 'kernel_3_179'. (HDL-193)
Presto compilation completed successfully. (kernel_3_179)
Information: Building the design 'kernel_3_180'. (HDL-193)
Presto compilation completed successfully. (kernel_3_180)
Information: Building the design 'kernel_3_181'. (HDL-193)
Presto compilation completed successfully. (kernel_3_181)
Information: Building the design 'kernel_3_182'. (HDL-193)
Presto compilation completed successfully. (kernel_3_182)
Information: Building the design 'kernel_3_183'. (HDL-193)
Presto compilation completed successfully. (kernel_3_183)
Information: Building the design 'kernel_3_184'. (HDL-193)
Presto compilation completed successfully. (kernel_3_184)
Information: Building the design 'kernel_3_185'. (HDL-193)
Presto compilation completed successfully. (kernel_3_185)
Information: Building the design 'kernel_3_186'. (HDL-193)
Presto compilation completed successfully. (kernel_3_186)
Information: Building the design 'kernel_3_187'. (HDL-193)
Presto compilation completed successfully. (kernel_3_187)
Information: Building the design 'kernel_3_188'. (HDL-193)
Presto compilation completed successfully. (kernel_3_188)
Information: Building the design 'kernel_3_189'. (HDL-193)
Presto compilation completed successfully. (kernel_3_189)
Information: Building the design 'kernel_3_190'. (HDL-193)
Presto compilation completed successfully. (kernel_3_190)
Information: Building the design 'kernel_3_191'. (HDL-193)
Presto compilation completed successfully. (kernel_3_191)
Information: Building the design 'kernel_4_0'. (HDL-193)
Presto compilation completed successfully. (kernel_4_0)
Information: Building the design 'kernel_4_1'. (HDL-193)
Presto compilation completed successfully. (kernel_4_1)
Information: Building the design 'kernel_4_2'. (HDL-193)
Presto compilation completed successfully. (kernel_4_2)
Information: Building the design 'kernel_4_3'. (HDL-193)
Presto compilation completed successfully. (kernel_4_3)
Information: Building the design 'kernel_4_4'. (HDL-193)
Presto compilation completed successfully. (kernel_4_4)
Information: Building the design 'kernel_4_5'. (HDL-193)
Presto compilation completed successfully. (kernel_4_5)
Information: Building the design 'kernel_4_6'. (HDL-193)
Presto compilation completed successfully. (kernel_4_6)
Information: Building the design 'kernel_4_7'. (HDL-193)
Presto compilation completed successfully. (kernel_4_7)
Information: Building the design 'kernel_4_8'. (HDL-193)
Presto compilation completed successfully. (kernel_4_8)
Information: Building the design 'kernel_4_9'. (HDL-193)
Presto compilation completed successfully. (kernel_4_9)
Information: Building the design 'kernel_4_10'. (HDL-193)
Presto compilation completed successfully. (kernel_4_10)
Information: Building the design 'kernel_4_11'. (HDL-193)
Presto compilation completed successfully. (kernel_4_11)
Information: Building the design 'kernel_4_12'. (HDL-193)
Presto compilation completed successfully. (kernel_4_12)
Information: Building the design 'kernel_4_13'. (HDL-193)
Presto compilation completed successfully. (kernel_4_13)
Information: Building the design 'kernel_4_14'. (HDL-193)
Presto compilation completed successfully. (kernel_4_14)
Information: Building the design 'kernel_4_15'. (HDL-193)
Presto compilation completed successfully. (kernel_4_15)
Information: Building the design 'kernel_4_16'. (HDL-193)
Presto compilation completed successfully. (kernel_4_16)
Information: Building the design 'kernel_4_17'. (HDL-193)
Presto compilation completed successfully. (kernel_4_17)
Information: Building the design 'kernel_4_18'. (HDL-193)
Presto compilation completed successfully. (kernel_4_18)
Information: Building the design 'kernel_4_19'. (HDL-193)
Presto compilation completed successfully. (kernel_4_19)
Information: Building the design 'kernel_4_20'. (HDL-193)
Presto compilation completed successfully. (kernel_4_20)
Information: Building the design 'kernel_4_21'. (HDL-193)
Presto compilation completed successfully. (kernel_4_21)
Information: Building the design 'kernel_4_22'. (HDL-193)
Presto compilation completed successfully. (kernel_4_22)
Information: Building the design 'kernel_4_23'. (HDL-193)
Presto compilation completed successfully. (kernel_4_23)
Information: Building the design 'kernel_4_24'. (HDL-193)
Presto compilation completed successfully. (kernel_4_24)
Information: Building the design 'kernel_4_25'. (HDL-193)
Presto compilation completed successfully. (kernel_4_25)
Information: Building the design 'kernel_4_26'. (HDL-193)
Presto compilation completed successfully. (kernel_4_26)
Information: Building the design 'kernel_4_27'. (HDL-193)
Presto compilation completed successfully. (kernel_4_27)
Information: Building the design 'kernel_4_28'. (HDL-193)
Presto compilation completed successfully. (kernel_4_28)
Information: Building the design 'kernel_4_29'. (HDL-193)
Presto compilation completed successfully. (kernel_4_29)
Information: Building the design 'kernel_4_30'. (HDL-193)
Presto compilation completed successfully. (kernel_4_30)
Information: Building the design 'kernel_4_31'. (HDL-193)
Presto compilation completed successfully. (kernel_4_31)
Information: Building the design 'kernel_4_32'. (HDL-193)
Presto compilation completed successfully. (kernel_4_32)
Information: Building the design 'kernel_4_33'. (HDL-193)
Presto compilation completed successfully. (kernel_4_33)
Information: Building the design 'kernel_4_34'. (HDL-193)
Presto compilation completed successfully. (kernel_4_34)
Information: Building the design 'kernel_4_35'. (HDL-193)
Presto compilation completed successfully. (kernel_4_35)
Information: Building the design 'kernel_4_36'. (HDL-193)
Presto compilation completed successfully. (kernel_4_36)
Information: Building the design 'kernel_4_37'. (HDL-193)
Presto compilation completed successfully. (kernel_4_37)
Information: Building the design 'kernel_4_38'. (HDL-193)
Presto compilation completed successfully. (kernel_4_38)
Information: Building the design 'kernel_4_39'. (HDL-193)
Presto compilation completed successfully. (kernel_4_39)
Information: Building the design 'kernel_4_40'. (HDL-193)
Presto compilation completed successfully. (kernel_4_40)
Information: Building the design 'kernel_4_41'. (HDL-193)
Presto compilation completed successfully. (kernel_4_41)
Information: Building the design 'kernel_4_42'. (HDL-193)
Presto compilation completed successfully. (kernel_4_42)
Information: Building the design 'kernel_4_43'. (HDL-193)
Presto compilation completed successfully. (kernel_4_43)
Information: Building the design 'kernel_4_44'. (HDL-193)
Presto compilation completed successfully. (kernel_4_44)
Information: Building the design 'kernel_4_45'. (HDL-193)
Presto compilation completed successfully. (kernel_4_45)
Information: Building the design 'kernel_4_46'. (HDL-193)
Presto compilation completed successfully. (kernel_4_46)
Information: Building the design 'kernel_4_47'. (HDL-193)
Presto compilation completed successfully. (kernel_4_47)
Information: Building the design 'kernel_4_48'. (HDL-193)
Presto compilation completed successfully. (kernel_4_48)
Information: Building the design 'kernel_4_49'. (HDL-193)
Presto compilation completed successfully. (kernel_4_49)
Information: Building the design 'kernel_4_50'. (HDL-193)
Presto compilation completed successfully. (kernel_4_50)
Information: Building the design 'kernel_4_51'. (HDL-193)
Presto compilation completed successfully. (kernel_4_51)
Information: Building the design 'kernel_4_52'. (HDL-193)
Presto compilation completed successfully. (kernel_4_52)
Information: Building the design 'kernel_4_53'. (HDL-193)
Presto compilation completed successfully. (kernel_4_53)
Information: Building the design 'kernel_4_54'. (HDL-193)
Presto compilation completed successfully. (kernel_4_54)
Information: Building the design 'kernel_4_55'. (HDL-193)
Presto compilation completed successfully. (kernel_4_55)
Information: Building the design 'kernel_4_56'. (HDL-193)
Presto compilation completed successfully. (kernel_4_56)
Information: Building the design 'kernel_4_57'. (HDL-193)
Presto compilation completed successfully. (kernel_4_57)
Information: Building the design 'kernel_4_58'. (HDL-193)
Presto compilation completed successfully. (kernel_4_58)
Information: Building the design 'kernel_4_59'. (HDL-193)
Presto compilation completed successfully. (kernel_4_59)
Information: Building the design 'kernel_4_60'. (HDL-193)
Presto compilation completed successfully. (kernel_4_60)
Information: Building the design 'kernel_4_61'. (HDL-193)
Presto compilation completed successfully. (kernel_4_61)
Information: Building the design 'kernel_4_62'. (HDL-193)
Presto compilation completed successfully. (kernel_4_62)
Information: Building the design 'kernel_4_63'. (HDL-193)
Presto compilation completed successfully. (kernel_4_63)
Information: Building the design 'kernel_4_64'. (HDL-193)
Presto compilation completed successfully. (kernel_4_64)
Information: Building the design 'kernel_4_65'. (HDL-193)
Presto compilation completed successfully. (kernel_4_65)
Information: Building the design 'kernel_4_66'. (HDL-193)
Presto compilation completed successfully. (kernel_4_66)
Information: Building the design 'kernel_4_67'. (HDL-193)
Presto compilation completed successfully. (kernel_4_67)
Information: Building the design 'kernel_4_68'. (HDL-193)
Presto compilation completed successfully. (kernel_4_68)
Information: Building the design 'kernel_4_69'. (HDL-193)
Presto compilation completed successfully. (kernel_4_69)
Information: Building the design 'kernel_4_70'. (HDL-193)
Presto compilation completed successfully. (kernel_4_70)
Information: Building the design 'kernel_4_71'. (HDL-193)
Presto compilation completed successfully. (kernel_4_71)
Information: Building the design 'kernel_4_72'. (HDL-193)
Presto compilation completed successfully. (kernel_4_72)
Information: Building the design 'kernel_4_73'. (HDL-193)
Presto compilation completed successfully. (kernel_4_73)
Information: Building the design 'kernel_4_74'. (HDL-193)
Presto compilation completed successfully. (kernel_4_74)
Information: Building the design 'kernel_4_75'. (HDL-193)
Presto compilation completed successfully. (kernel_4_75)
Information: Building the design 'kernel_4_76'. (HDL-193)
Presto compilation completed successfully. (kernel_4_76)
Information: Building the design 'kernel_4_77'. (HDL-193)
Presto compilation completed successfully. (kernel_4_77)
Information: Building the design 'kernel_4_78'. (HDL-193)
Presto compilation completed successfully. (kernel_4_78)
Information: Building the design 'kernel_4_79'. (HDL-193)
Presto compilation completed successfully. (kernel_4_79)
Information: Building the design 'kernel_4_80'. (HDL-193)
Presto compilation completed successfully. (kernel_4_80)
Information: Building the design 'kernel_4_81'. (HDL-193)
Presto compilation completed successfully. (kernel_4_81)
Information: Building the design 'kernel_4_82'. (HDL-193)
Presto compilation completed successfully. (kernel_4_82)
Information: Building the design 'kernel_4_83'. (HDL-193)
Presto compilation completed successfully. (kernel_4_83)
Information: Building the design 'kernel_4_84'. (HDL-193)
Presto compilation completed successfully. (kernel_4_84)
Information: Building the design 'kernel_4_85'. (HDL-193)
Presto compilation completed successfully. (kernel_4_85)
Information: Building the design 'kernel_4_86'. (HDL-193)
Presto compilation completed successfully. (kernel_4_86)
Information: Building the design 'kernel_4_87'. (HDL-193)
Presto compilation completed successfully. (kernel_4_87)
Information: Building the design 'kernel_4_88'. (HDL-193)
Presto compilation completed successfully. (kernel_4_88)
Information: Building the design 'kernel_4_89'. (HDL-193)
Presto compilation completed successfully. (kernel_4_89)
Information: Building the design 'kernel_4_90'. (HDL-193)
Presto compilation completed successfully. (kernel_4_90)
Information: Building the design 'kernel_4_91'. (HDL-193)
Presto compilation completed successfully. (kernel_4_91)
Information: Building the design 'kernel_4_92'. (HDL-193)
Presto compilation completed successfully. (kernel_4_92)
Information: Building the design 'kernel_4_93'. (HDL-193)
Presto compilation completed successfully. (kernel_4_93)
Information: Building the design 'kernel_4_94'. (HDL-193)
Presto compilation completed successfully. (kernel_4_94)
Information: Building the design 'kernel_4_95'. (HDL-193)
Presto compilation completed successfully. (kernel_4_95)
Information: Building the design 'kernel_4_96'. (HDL-193)
Presto compilation completed successfully. (kernel_4_96)
Information: Building the design 'kernel_4_97'. (HDL-193)
Presto compilation completed successfully. (kernel_4_97)
Information: Building the design 'kernel_4_98'. (HDL-193)
Presto compilation completed successfully. (kernel_4_98)
Information: Building the design 'kernel_4_99'. (HDL-193)
Presto compilation completed successfully. (kernel_4_99)
Information: Building the design 'kernel_4_100'. (HDL-193)
Presto compilation completed successfully. (kernel_4_100)
Information: Building the design 'kernel_4_101'. (HDL-193)
Presto compilation completed successfully. (kernel_4_101)
Information: Building the design 'kernel_4_102'. (HDL-193)
Presto compilation completed successfully. (kernel_4_102)
Information: Building the design 'kernel_4_103'. (HDL-193)
Presto compilation completed successfully. (kernel_4_103)
Information: Building the design 'kernel_4_104'. (HDL-193)
Presto compilation completed successfully. (kernel_4_104)
Information: Building the design 'kernel_4_105'. (HDL-193)
Presto compilation completed successfully. (kernel_4_105)
Information: Building the design 'kernel_4_106'. (HDL-193)
Presto compilation completed successfully. (kernel_4_106)
Information: Building the design 'kernel_4_107'. (HDL-193)
Presto compilation completed successfully. (kernel_4_107)
Information: Building the design 'kernel_4_108'. (HDL-193)
Presto compilation completed successfully. (kernel_4_108)
Information: Building the design 'kernel_4_109'. (HDL-193)
Presto compilation completed successfully. (kernel_4_109)
Information: Building the design 'kernel_4_110'. (HDL-193)
Presto compilation completed successfully. (kernel_4_110)
Information: Building the design 'kernel_4_111'. (HDL-193)
Presto compilation completed successfully. (kernel_4_111)
Information: Building the design 'kernel_4_112'. (HDL-193)
Presto compilation completed successfully. (kernel_4_112)
Information: Building the design 'kernel_4_113'. (HDL-193)
Presto compilation completed successfully. (kernel_4_113)
Information: Building the design 'kernel_4_114'. (HDL-193)
Presto compilation completed successfully. (kernel_4_114)
Information: Building the design 'kernel_4_115'. (HDL-193)
Presto compilation completed successfully. (kernel_4_115)
Information: Building the design 'kernel_4_116'. (HDL-193)
Presto compilation completed successfully. (kernel_4_116)
Information: Building the design 'kernel_4_117'. (HDL-193)
Presto compilation completed successfully. (kernel_4_117)
Information: Building the design 'kernel_4_118'. (HDL-193)
Presto compilation completed successfully. (kernel_4_118)
Information: Building the design 'kernel_4_119'. (HDL-193)
Presto compilation completed successfully. (kernel_4_119)
Information: Building the design 'kernel_4_120'. (HDL-193)
Presto compilation completed successfully. (kernel_4_120)
Information: Building the design 'kernel_4_121'. (HDL-193)
Presto compilation completed successfully. (kernel_4_121)
Information: Building the design 'kernel_4_122'. (HDL-193)
Presto compilation completed successfully. (kernel_4_122)
Information: Building the design 'kernel_4_123'. (HDL-193)
Presto compilation completed successfully. (kernel_4_123)
Information: Building the design 'kernel_4_124'. (HDL-193)
Presto compilation completed successfully. (kernel_4_124)
Information: Building the design 'kernel_4_125'. (HDL-193)
Presto compilation completed successfully. (kernel_4_125)
Information: Building the design 'kernel_4_126'. (HDL-193)
Presto compilation completed successfully. (kernel_4_126)
Information: Building the design 'kernel_4_127'. (HDL-193)
Presto compilation completed successfully. (kernel_4_127)
Information: Building the design 'kernel_4_128'. (HDL-193)
Presto compilation completed successfully. (kernel_4_128)
Information: Building the design 'kernel_4_129'. (HDL-193)
Presto compilation completed successfully. (kernel_4_129)
Information: Building the design 'kernel_4_130'. (HDL-193)
Presto compilation completed successfully. (kernel_4_130)
Information: Building the design 'kernel_4_131'. (HDL-193)
Presto compilation completed successfully. (kernel_4_131)
Information: Building the design 'kernel_4_132'. (HDL-193)
Presto compilation completed successfully. (kernel_4_132)
Information: Building the design 'kernel_4_133'. (HDL-193)
Presto compilation completed successfully. (kernel_4_133)
Information: Building the design 'kernel_4_134'. (HDL-193)
Presto compilation completed successfully. (kernel_4_134)
Information: Building the design 'kernel_4_135'. (HDL-193)
Presto compilation completed successfully. (kernel_4_135)
Information: Building the design 'kernel_4_136'. (HDL-193)
Presto compilation completed successfully. (kernel_4_136)
Information: Building the design 'kernel_4_137'. (HDL-193)
Presto compilation completed successfully. (kernel_4_137)
Information: Building the design 'kernel_4_138'. (HDL-193)
Presto compilation completed successfully. (kernel_4_138)
Information: Building the design 'kernel_4_139'. (HDL-193)
Presto compilation completed successfully. (kernel_4_139)
Information: Building the design 'kernel_4_140'. (HDL-193)
Presto compilation completed successfully. (kernel_4_140)
Information: Building the design 'kernel_4_141'. (HDL-193)
Presto compilation completed successfully. (kernel_4_141)
Information: Building the design 'kernel_4_142'. (HDL-193)
Presto compilation completed successfully. (kernel_4_142)
Information: Building the design 'kernel_4_143'. (HDL-193)
Presto compilation completed successfully. (kernel_4_143)
Information: Building the design 'kernel_4_144'. (HDL-193)
Presto compilation completed successfully. (kernel_4_144)
Information: Building the design 'kernel_4_145'. (HDL-193)
Presto compilation completed successfully. (kernel_4_145)
Information: Building the design 'kernel_4_146'. (HDL-193)
Presto compilation completed successfully. (kernel_4_146)
Information: Building the design 'kernel_4_147'. (HDL-193)
Presto compilation completed successfully. (kernel_4_147)
Information: Building the design 'kernel_4_148'. (HDL-193)
Presto compilation completed successfully. (kernel_4_148)
Information: Building the design 'kernel_4_149'. (HDL-193)
Presto compilation completed successfully. (kernel_4_149)
Information: Building the design 'kernel_4_150'. (HDL-193)
Presto compilation completed successfully. (kernel_4_150)
Information: Building the design 'kernel_4_151'. (HDL-193)
Presto compilation completed successfully. (kernel_4_151)
Information: Building the design 'kernel_4_152'. (HDL-193)
Presto compilation completed successfully. (kernel_4_152)
Information: Building the design 'kernel_4_153'. (HDL-193)
Presto compilation completed successfully. (kernel_4_153)
Information: Building the design 'kernel_4_154'. (HDL-193)
Presto compilation completed successfully. (kernel_4_154)
Information: Building the design 'kernel_4_155'. (HDL-193)
Presto compilation completed successfully. (kernel_4_155)
Information: Building the design 'kernel_4_156'. (HDL-193)
Presto compilation completed successfully. (kernel_4_156)
Information: Building the design 'kernel_4_157'. (HDL-193)
Presto compilation completed successfully. (kernel_4_157)
Information: Building the design 'kernel_4_158'. (HDL-193)
Presto compilation completed successfully. (kernel_4_158)
Information: Building the design 'kernel_4_159'. (HDL-193)
Presto compilation completed successfully. (kernel_4_159)
Information: Building the design 'kernel_4_160'. (HDL-193)
Presto compilation completed successfully. (kernel_4_160)
Information: Building the design 'kernel_4_161'. (HDL-193)
Presto compilation completed successfully. (kernel_4_161)
Information: Building the design 'kernel_4_162'. (HDL-193)
Presto compilation completed successfully. (kernel_4_162)
Information: Building the design 'kernel_4_163'. (HDL-193)
Presto compilation completed successfully. (kernel_4_163)
Information: Building the design 'kernel_4_164'. (HDL-193)
Presto compilation completed successfully. (kernel_4_164)
Information: Building the design 'kernel_4_165'. (HDL-193)
Presto compilation completed successfully. (kernel_4_165)
Information: Building the design 'kernel_4_166'. (HDL-193)
Presto compilation completed successfully. (kernel_4_166)
Information: Building the design 'kernel_4_167'. (HDL-193)
Presto compilation completed successfully. (kernel_4_167)
Information: Building the design 'kernel_4_168'. (HDL-193)
Presto compilation completed successfully. (kernel_4_168)
Information: Building the design 'kernel_4_169'. (HDL-193)
Presto compilation completed successfully. (kernel_4_169)
Information: Building the design 'kernel_4_170'. (HDL-193)
Presto compilation completed successfully. (kernel_4_170)
Information: Building the design 'kernel_4_171'. (HDL-193)
Presto compilation completed successfully. (kernel_4_171)
Information: Building the design 'kernel_4_172'. (HDL-193)
Presto compilation completed successfully. (kernel_4_172)
Information: Building the design 'kernel_4_173'. (HDL-193)
Presto compilation completed successfully. (kernel_4_173)
Information: Building the design 'kernel_4_174'. (HDL-193)
Presto compilation completed successfully. (kernel_4_174)
Information: Building the design 'kernel_4_175'. (HDL-193)
Presto compilation completed successfully. (kernel_4_175)
Information: Building the design 'kernel_4_176'. (HDL-193)
Presto compilation completed successfully. (kernel_4_176)
Information: Building the design 'kernel_4_177'. (HDL-193)
Presto compilation completed successfully. (kernel_4_177)
Information: Building the design 'kernel_4_178'. (HDL-193)
Presto compilation completed successfully. (kernel_4_178)
Information: Building the design 'kernel_4_179'. (HDL-193)
Presto compilation completed successfully. (kernel_4_179)
Information: Building the design 'kernel_4_180'. (HDL-193)
Presto compilation completed successfully. (kernel_4_180)
Information: Building the design 'kernel_4_181'. (HDL-193)
Presto compilation completed successfully. (kernel_4_181)
Information: Building the design 'kernel_4_182'. (HDL-193)
Presto compilation completed successfully. (kernel_4_182)
Information: Building the design 'kernel_4_183'. (HDL-193)
Presto compilation completed successfully. (kernel_4_183)
Information: Building the design 'kernel_4_184'. (HDL-193)
Presto compilation completed successfully. (kernel_4_184)
Information: Building the design 'kernel_4_185'. (HDL-193)
Presto compilation completed successfully. (kernel_4_185)
Information: Building the design 'kernel_4_186'. (HDL-193)
Presto compilation completed successfully. (kernel_4_186)
Information: Building the design 'kernel_4_187'. (HDL-193)
Presto compilation completed successfully. (kernel_4_187)
Information: Building the design 'kernel_4_188'. (HDL-193)
Presto compilation completed successfully. (kernel_4_188)
Information: Building the design 'kernel_4_189'. (HDL-193)
Presto compilation completed successfully. (kernel_4_189)
Information: Building the design 'kernel_4_190'. (HDL-193)
Presto compilation completed successfully. (kernel_4_190)
Information: Building the design 'kernel_4_191'. (HDL-193)
Presto compilation completed successfully. (kernel_4_191)
Information: Building the design 'kernel_5_0'. (HDL-193)
Presto compilation completed successfully. (kernel_5_0)
Information: Building the design 'kernel_5_1'. (HDL-193)
Presto compilation completed successfully. (kernel_5_1)
Information: Building the design 'kernel_5_2'. (HDL-193)
Presto compilation completed successfully. (kernel_5_2)
Information: Building the design 'kernel_5_3'. (HDL-193)
Presto compilation completed successfully. (kernel_5_3)
Information: Building the design 'kernel_5_4'. (HDL-193)
Presto compilation completed successfully. (kernel_5_4)
Information: Building the design 'kernel_5_5'. (HDL-193)
Presto compilation completed successfully. (kernel_5_5)
Information: Building the design 'kernel_5_6'. (HDL-193)
Presto compilation completed successfully. (kernel_5_6)
Information: Building the design 'kernel_5_7'. (HDL-193)
Presto compilation completed successfully. (kernel_5_7)
Information: Building the design 'kernel_5_8'. (HDL-193)
Presto compilation completed successfully. (kernel_5_8)
Information: Building the design 'kernel_5_9'. (HDL-193)
Presto compilation completed successfully. (kernel_5_9)
Information: Building the design 'kernel_5_10'. (HDL-193)
Presto compilation completed successfully. (kernel_5_10)
Information: Building the design 'kernel_5_11'. (HDL-193)
Presto compilation completed successfully. (kernel_5_11)
Information: Building the design 'kernel_5_12'. (HDL-193)
Presto compilation completed successfully. (kernel_5_12)
Information: Building the design 'kernel_5_13'. (HDL-193)
Presto compilation completed successfully. (kernel_5_13)
Information: Building the design 'kernel_5_14'. (HDL-193)
Presto compilation completed successfully. (kernel_5_14)
Information: Building the design 'kernel_5_15'. (HDL-193)
Presto compilation completed successfully. (kernel_5_15)
Information: Building the design 'kernel_6_0'. (HDL-193)
Presto compilation completed successfully. (kernel_6_0)
Information: Building the design 'kernel_6_1'. (HDL-193)
Presto compilation completed successfully. (kernel_6_1)
Information: Building the design 'kernel_6_2'. (HDL-193)
Presto compilation completed successfully. (kernel_6_2)
Information: Building the design 'kernel_6_3'. (HDL-193)
Presto compilation completed successfully. (kernel_6_3)
Information: Building the design 'kernel_6_4'. (HDL-193)
Presto compilation completed successfully. (kernel_6_4)
1
date
Wed Sep 29 01:24:56 2021
link

  Linking design 'jscL_Nulla'
  Using the following designs and libraries:
  --------------------------------------------------------------------------
  gscl45nm (library)          /home/home2/students/esmailid/NCSU-FreePDK45-1.4/FreePDK45/osu_soc/lib/source/signalstorm/files/gscl45nm.db

1
set_max_area 0
1
set_clock_gating_style -sequential_cell latch -positive_edge_logic {nand} -negative_edge_logic {nor} -minimum_bitwidth 5 -max_fanout 64

Current clock gating style....
Sequential cell: latch
Minimum bank bitwidth: 5
Minimum bank bitwidth for enhanced clock gating: 10
Maximum fanout: 64
Setup time for clock gate: 0.000000
Hold time for clock gate: 0.000000
Clock gating circuitry (positive edge): nand
 Note: inverter between clock gating circuitry 
       and (positive edge) register clock pin.
Clock gating circuitry (negative edge): nor
Control point insertion: none
Control signal for control point: scan_enable
Observation point insertion: false
Observation logic depth: 5
1
source -echo -verbose ./constraints.tcl
create_clock $clkname  -name CLK  -period $clkperiod
Warning: Can't find object 'CLK' in design 'jscL_Nulla'. (UID-95)
Error: Value for list 'source_objects' must have 1 elements. (CMD-036)
0
#set_multicycle_path -setup 2 -from I2/Z_S_reg* -to I2/Z_S_reg*
#set_multicycle_path -hold  1 -from I2/Z_S_reg* -to I2/Z_S_reg*
#set_multicycle_path -setup 2 -from I1/Z_S_reg* -to I2/Z_S_reg*
#set_multicycle_path -hold  1 -from I1/Z_S_reg* -to I2/Z_S_reg*
#set_multicycle_path -setup 2 -from I1/Z_C_reg* -to I2/Z_S_reg*
#set_multicycle_path -hold  1 -from I1/Z_C_reg* -to I2/Z_S_reg*
#set_multicycle_path -setup 2 -from I1/C_reg*   -to I2/Z_S_reg*
#set_multicycle_path -hold  1 -from I1/C_reg*   -to I2/Z_S_reg*
#set_multicycle_path -setup 2 -from M_reg* -to I2/Z_S_reg*
#set_multicycle_path -hold  1 -from M_reg* -to I2/Z_S_reg*
set input_ports  [remove_from_collection [all_inputs] $clkname]
Warning: Nothing implicitly matched 'CLK' (SEL-003)
{in[63] in[62] in[61] in[60] in[59] in[58] in[57] in[56] in[55] in[54] in[53] in[52] in[51] in[50] in[49] in[48] in[47] in[46] in[45] in[44] in[43] in[42] in[41] in[40] in[39] in[38] in[37] in[36] in[35] in[34] in[33] in[32] in[31] in[30] in[29] in[28] in[27] in[26] in[25] in[24] in[23] in[22] in[21] in[20] in[19] in[18] in[17] in[16] in[15] in[14] in[13] in[12] in[11] in[10] in[9] in[8] in[7] in[6] in[5] in[4] in[3] in[2] in[1] in[0] clk}
set output_ports [all_outputs]
{out[34] out[33] out[32] out[31] out[30] out[29] out[28] out[27] out[26] out[25] out[24] out[23] out[22] out[21] out[20] out[19] out[18] out[17] out[16] out[15] out[14] out[13] out[12] out[11] out[10] out[9] out[8] out[7] out[6] out[5] out[4] out[3] out[2] out[1] out[0]}
#############################################################################################
#set_input_delay  -max [expr $clkperiod/4]   [get_ports $input_ports ]  -clock CLK
#set_input_delay  -min 0   [get_ports $input_ports ]  -clock CLK
#set_output_delay -max [expr $clkperiod/4]   [get_ports $output_ports ] -clock CLK
#set_output_delay -min 0.5            [get_ports $output_ports ] -clock CLK
#############################################################################################
##  set_input_transition -max 0.5 [get_ports $input_ports]
##  set_input_transition -min 0   [get_ports $input_ports]
##  set_load -max .001   [get_ports $output_ports]
##  set_load -min .0005  [get_ports $output_ports]
group_path -name output_group -to   [all_outputs]
1
group_path -name input_group  -from [all_inputs]
1
#set_max_delay [expr $clkperiod/2] -from [all_inputs] -to [all_outputs] -group_path "io_group"
infer_switching_activity -apply
Information: Updating design information... (UID-85)
Warning: Design 'jscL_Nulla' contains 168 high-fanout nets. A fanout number of 1000 will be used for delay calculations involving these nets. (TIM-134)
--------------------------------------------------------------------------------
Applying switching-activity annotation.
1
set_switching_activity [get_ports $input_ports]  -static_probability 0.5 -toggle_rate .1 -base_clock CLK
Warning: Given -base_clock argument 'CLK' does not exist. (PWR-410)
1
1
group_path -name output_group -to   [all_outputs]
1
group_path -name input_group  -from [all_inputs]
1
date
Wed Sep 29 01:25:40 2021
mem -all -verbose
Main process mem-peak:   1586 Mb
No child process

1624712
compile_ultra -no_autoungroup -no_seq_output_inversion -no_boundary_optimization -gate_clock -area_high_effort_script
Warning: The value of variable 'compile_preserve_subdesign_interfaces' has been changed to true because '-no_boundary_optimization' is used. (OPT-133)
Information: Starting from 2013.12 release, constant propagation is enabled even when boundary optimization is disabled. (OPT-1318)
Loading db file '/opt/synopsys/syn/P-2019.03-SP1-1/libraries/syn/dw_foundation.sldb'
Warning: DesignWare synthetic library dw_foundation.sldb is added to the synthetic_library in the current command. (UISN-40)
Warning: The -area_high_effort_script option is ignored. To enable further area optimization, use the optimize_netlist -area command. (OPT-1341)
Information: Performing power optimization. (PWR-850)
Analyzing: "/home/home2/students/esmailid/NCSU-FreePDK45-1.4/FreePDK45/osu_soc/lib/source/signalstorm/files/gscl45nm.db"
Library analysis succeeded.
Information: Running optimization using a maximum of 8 cores. (OPT-1500)
Information: Evaluating DesignWare library utilization. (UISN-27)

============================================================================
| DesignWare Building Block Library  |         Version         | Available |
============================================================================
| Basic DW Building Blocks           | P-2019.03-DWBB_201903.1 |     *     |
| Licensed DW Building Blocks        | P-2019.03-DWBB_201903.1 |     *     |
============================================================================


Information: There are 3205 potential problems in your design. Please run 'check_design' for more information. (LINT-99)

  Simplifying Design 'jscL_Nulla'

Loaded alib file './alib-52/gscl45nm.db.alib'
Information: State dependent leakage is now switched from on to off.

  Beginning Pass 1 Mapping
  ------------------------
.....