 
****************************************
Report : design
Design : jscS_Nulla
Version: P-2019.03-SP1-1
Date   : Thu Oct 21 19:21:55 2021
****************************************

Design allows ideal nets on clock nets.

Library(s) Used:

    gscl45nm (File: /home/home2/students/esmailid/NCSU-FreePDK45-1.4/FreePDK45/osu_soc/lib/files/gscl45nm.db)

Local Link Library:

    {/home/home2/students/esmailid/NCSU-FreePDK45-1.4/FreePDK45/osu_soc/lib/files/gscl45nm.db}

Flip-Flop Types:

    No flip-flop types specified.

Latch Types:

    No latch types specified.

Operating Conditions:


    Operating Condition Name : typical
    Library : gscl45nm
    Process :   1.00
    Temperature :  27.00
    Voltage :   1.10

Wire Loading Model:

    No wire loading specified.


Wire Loading Model Mode: top.

Timing Ranges:

    No timing ranges specified.

Pin Input Delays:

    None specified.

Pin Output Delays:

    None specified.

Disabled Timing Arcs:

    No arcs disabled.

Required Licenses:

    None Required

Design Parameters:

    None specified.
1
