 
****************************************
Report : area
Design : jscS_Nulla
Version: P-2019.03-SP1-1
Date   : Thu Oct 21 19:21:56 2021
****************************************

Library(s) Used:

    gscl45nm (File: /home/home2/students/esmailid/NCSU-FreePDK45-1.4/FreePDK45/osu_soc/lib/files/gscl45nm.db)

Number of ports:                         2391
Number of nets:                          4944
Number of cells:                         3065
Number of combinational cells:           2379
Number of sequential cells:               275
Number of macros/black boxes:               0
Number of buf/inv:                        674
Number of references:                       6

Combinational area:               5530.700393
Buf/Inv area:                      948.924584
Noncombinational area:            2193.977451
Macro/Black Box area:                0.000000
Net Interconnect area:      undefined  (No wire load specified)

Total cell area:                  7724.677844
Total area:                 undefined

Hierarchical area distribution
------------------------------

                                  Global cell area          Local cell area
                                  ------------------  ---------------------------- 
Hierarchical cell                 Absolute   Percent  Combi-     Noncombi-  Black-
                                  Total      Total    national   national   boxes   Design
--------------------------------  ---------  -------  ---------  ---------  ------  -------------
jscS_Nulla                        7724.6778    100.0     0.0000  2193.9775  0.0000  jscS_Nulla
kernel_1_0                        1843.8797     23.9     5.6316     0.0000  0.0000  kernel_1
kernel_1_0/k_1_0_1                   5.1623      0.1     5.1623     0.0000  0.0000  kernel_1_0_1
kernel_1_0/k_1_10_0                 27.2194      0.4    27.2194     0.0000  0.0000  kernel_1_10_0
kernel_1_0/k_1_10_1                 24.4036      0.3    24.4036     0.0000  0.0000  kernel_1_10_1
kernel_1_0/k_1_11_0                  8.9167      0.1     8.9167     0.0000  0.0000  kernel_1_11_0
kernel_1_0/k_1_11_1                  0.0000      0.0     0.0000     0.0000  0.0000  kernel_1_11_1
kernel_1_0/k_1_12_0                 30.9738      0.4    30.9738     0.0000  0.0000  kernel_1_12_0
kernel_1_0/k_1_12_1                 20.1799      0.3    20.1799     0.0000  0.0000  kernel_1_12_1
kernel_1_0/k_1_13_0                 45.9914      0.6    45.9914     0.0000  0.0000  kernel_1_13_0
kernel_1_0/k_1_13_1                 29.5659      0.4    29.5659     0.0000  0.0000  kernel_1_13_1
kernel_1_0/k_1_14_0                 24.8729      0.3    24.8729     0.0000  0.0000  kernel_1_14_0
kernel_1_0/k_1_14_1                 27.6887      0.4    27.6887     0.0000  0.0000  kernel_1_14_1
kernel_1_0/k_1_16_0                 19.7106      0.3    19.7106     0.0000  0.0000  kernel_1_16_0
kernel_1_0/k_1_16_1                 13.6097      0.2    13.6097     0.0000  0.0000  kernel_1_16_1
kernel_1_0/k_1_17_0                 28.1580      0.4    28.1580     0.0000  0.0000  kernel_1_17_0
kernel_1_0/k_1_17_1                 12.6711      0.2    12.6711     0.0000  0.0000  kernel_1_17_1
kernel_1_0/k_1_19_0                 20.1799      0.3    20.1799     0.0000  0.0000  kernel_1_19_0
kernel_1_0/k_1_19_1                 32.3817      0.4    32.3817     0.0000  0.0000  kernel_1_19_1
kernel_1_0/k_1_1_0                  18.3027      0.2    18.3027     0.0000  0.0000  kernel_1_1_0
kernel_1_0/k_1_1_1                  14.5483      0.2    14.5483     0.0000  0.0000  kernel_1_1_1
kernel_1_0/k_1_21_0                 24.4036      0.3    24.4036     0.0000  0.0000  kernel_1_21_0
kernel_1_0/k_1_21_1                 19.2413      0.2    19.2413     0.0000  0.0000  kernel_1_21_1
kernel_1_0/k_1_23_0                 21.1185      0.3    21.1185     0.0000  0.0000  kernel_1_23_0
kernel_1_0/k_1_23_1                  8.9167      0.1     8.9167     0.0000  0.0000  kernel_1_23_1
kernel_1_0/k_1_24_0                 21.1185      0.3    21.1185     0.0000  0.0000  kernel_1_24_0
kernel_1_0/k_1_24_1                 17.3641      0.2    17.3641     0.0000  0.0000  kernel_1_24_1
kernel_1_0/k_1_25_0                 34.7282      0.4    34.7282     0.0000  0.0000  kernel_1_25_0
kernel_1_0/k_1_25_1                 14.5483      0.2    14.5483     0.0000  0.0000  kernel_1_25_1
kernel_1_0/k_1_26_0                 11.7325      0.2    11.7325     0.0000  0.0000  kernel_1_26_0
kernel_1_0/k_1_26_1                 11.7325      0.2    11.7325     0.0000  0.0000  kernel_1_26_1
kernel_1_0/k_1_27_0                 17.3641      0.2    17.3641     0.0000  0.0000  kernel_1_27_0
kernel_1_0/k_1_27_1                  5.1623      0.1     5.1623     0.0000  0.0000  kernel_1_27_1
kernel_1_0/k_1_28_0                 16.4255      0.2    16.4255     0.0000  0.0000  kernel_1_28_0
kernel_1_0/k_1_28_1                  7.9781      0.1     7.9781     0.0000  0.0000  kernel_1_28_1
kernel_1_0/k_1_30_0                 32.3817      0.4    32.3817     0.0000  0.0000  kernel_1_30_0
kernel_1_0/k_1_30_1                 14.5483      0.2    14.5483     0.0000  0.0000  kernel_1_30_1
kernel_1_0/k_1_31_0                 25.3422      0.3    25.3422     0.0000  0.0000  kernel_1_31_0
kernel_1_0/k_1_31_1                 17.8334      0.2    17.8334     0.0000  0.0000  kernel_1_31_1
kernel_1_0/k_1_33_0                 10.3246      0.1    10.3246     0.0000  0.0000  kernel_1_33_0
kernel_1_0/k_1_33_1                  6.5702      0.1     6.5702     0.0000  0.0000  kernel_1_33_1
kernel_1_0/k_1_34_0                 15.0176      0.2    15.0176     0.0000  0.0000  kernel_1_34_0
kernel_1_0/k_1_34_1                 12.2018      0.2    12.2018     0.0000  0.0000  kernel_1_34_1
kernel_1_0/k_1_35_0                 13.6097      0.2    13.6097     0.0000  0.0000  kernel_1_35_0
kernel_1_0/k_1_35_1                 15.9562      0.2    15.9562     0.0000  0.0000  kernel_1_35_1
kernel_1_0/k_1_36_0                 26.2808      0.3    26.2808     0.0000  0.0000  kernel_1_36_0
kernel_1_0/k_1_36_1                 17.8334      0.2    17.8334     0.0000  0.0000  kernel_1_36_1
kernel_1_0/k_1_38_0                 22.9957      0.3    22.9957     0.0000  0.0000  kernel_1_38_0
kernel_1_0/k_1_38_1                 24.8729      0.3    24.8729     0.0000  0.0000  kernel_1_38_1
kernel_1_0/k_1_3_0                  26.2808      0.3    26.2808     0.0000  0.0000  kernel_1_3_0
kernel_1_0/k_1_3_1                   7.9781      0.1     7.9781     0.0000  0.0000  kernel_1_3_1
kernel_1_0/k_1_41_0                 30.0352      0.4    30.0352     0.0000  0.0000  kernel_1_41_0
kernel_1_0/k_1_41_1                 24.8729      0.3    24.8729     0.0000  0.0000  kernel_1_41_1
kernel_1_0/k_1_42_0                 34.7282      0.4    34.7282     0.0000  0.0000  kernel_1_42_0
kernel_1_0/k_1_42_1                 18.7720      0.2    18.7720     0.0000  0.0000  kernel_1_42_1
kernel_1_0/k_1_43_0                 15.9562      0.2    15.9562     0.0000  0.0000  kernel_1_43_0
kernel_1_0/k_1_43_1                 10.7939      0.1    10.7939     0.0000  0.0000  kernel_1_43_1
kernel_1_0/k_1_44_0                 52.5616      0.7    52.5616     0.0000  0.0000  kernel_1_44_0
kernel_1_0/k_1_44_1                 23.9343      0.3    23.9343     0.0000  0.0000  kernel_1_44_1
kernel_1_0/k_1_45_0                 27.2194      0.4    27.2194     0.0000  0.0000  kernel_1_45_0
kernel_1_0/k_1_45_1                 28.1580      0.4    28.1580     0.0000  0.0000  kernel_1_45_1
kernel_1_0/k_1_46_0                 16.8948      0.2    16.8948     0.0000  0.0000  kernel_1_46_0
kernel_1_0/k_1_46_1                 14.5483      0.2    14.5483     0.0000  0.0000  kernel_1_46_1
kernel_1_0/k_1_47_0                 14.5483      0.2    14.5483     0.0000  0.0000  kernel_1_47_0
kernel_1_0/k_1_47_1                  2.3465      0.0     2.3465     0.0000  0.0000  kernel_1_47_1
kernel_1_0/k_1_48_0                 29.5659      0.4    29.5659     0.0000  0.0000  kernel_1_48_0
kernel_1_0/k_1_48_1                 23.4650      0.3    23.4650     0.0000  0.0000  kernel_1_48_1
kernel_1_0/k_1_49_0                  2.3465      0.0     2.3465     0.0000  0.0000  kernel_1_49_0
kernel_1_0/k_1_49_1                  2.3465      0.0     2.3465     0.0000  0.0000  kernel_1_49_1
kernel_1_0/k_1_4_0                  15.4869      0.2    15.4869     0.0000  0.0000  kernel_1_4_0
kernel_1_0/k_1_4_1                   8.4474      0.1     8.4474     0.0000  0.0000  kernel_1_4_1
kernel_1_0/k_1_50_1                 12.6711      0.2    12.6711     0.0000  0.0000  kernel_1_50_1
kernel_1_0/k_1_51_0                  5.1623      0.1     5.1623     0.0000  0.0000  kernel_1_51_0
kernel_1_0/k_1_51_1                  5.1623      0.1     5.1623     0.0000  0.0000  kernel_1_51_1
kernel_1_0/k_1_52_0                 33.7896      0.4    33.7896     0.0000  0.0000  kernel_1_52_0
kernel_1_0/k_1_52_1                 35.6668      0.5    35.6668     0.0000  0.0000  kernel_1_52_1
kernel_1_0/k_1_54_0                 15.4869      0.2    15.4869     0.0000  0.0000  kernel_1_54_0
kernel_1_0/k_1_54_1                  7.9781      0.1     7.9781     0.0000  0.0000  kernel_1_54_1
kernel_1_0/k_1_56_0                 21.5878      0.3    21.5878     0.0000  0.0000  kernel_1_56_0
kernel_1_0/k_1_56_1                 18.3027      0.2    18.3027     0.0000  0.0000  kernel_1_56_1
kernel_1_0/k_1_57_0                 28.1580      0.4    28.1580     0.0000  0.0000  kernel_1_57_0
kernel_1_0/k_1_57_1                 16.4255      0.2    16.4255     0.0000  0.0000  kernel_1_57_1
kernel_1_0/k_1_58_0                  5.1623      0.1     5.1623     0.0000  0.0000  kernel_1_58_0
kernel_1_0/k_1_58_1                  5.1623      0.1     5.1623     0.0000  0.0000  kernel_1_58_1
kernel_1_0/k_1_59_0                 27.2194      0.4    27.2194     0.0000  0.0000  kernel_1_59_0
kernel_1_0/k_1_59_1                 15.0176      0.2    15.0176     0.0000  0.0000  kernel_1_59_1
kernel_1_0/k_1_5_0                  27.6887      0.4    27.6887     0.0000  0.0000  kernel_1_5_0
kernel_1_0/k_1_5_1                   7.5088      0.1     7.5088     0.0000  0.0000  kernel_1_5_1
kernel_1_0/k_1_60_0                  9.3860      0.1     9.3860     0.0000  0.0000  kernel_1_60_0
kernel_1_0/k_1_60_1                  7.9781      0.1     7.9781     0.0000  0.0000  kernel_1_60_1
kernel_1_0/k_1_61_0                 17.3641      0.2    17.3641     0.0000  0.0000  kernel_1_61_0
kernel_1_0/k_1_61_1                 16.8948      0.2    16.8948     0.0000  0.0000  kernel_1_61_1
kernel_1_0/k_1_63_0                 67.1099      0.9    67.1099     0.0000  0.0000  kernel_1_63_0
kernel_1_0/k_1_63_1                 30.0352      0.4    30.0352     0.0000  0.0000  kernel_1_63_1
kernel_1_0/k_1_6_0                  13.1404      0.2    13.1404     0.0000  0.0000  kernel_1_6_0
kernel_1_0/k_1_6_1                  15.4869      0.2    15.4869     0.0000  0.0000  kernel_1_6_1
kernel_1_0/k_1_7_0                   5.6316      0.1     5.6316     0.0000  0.0000  kernel_1_7_0
kernel_1_0/k_1_7_1                   7.9781      0.1     7.9781     0.0000  0.0000  kernel_1_7_1
kernel_1_0/k_1_9_0                  19.2413      0.2    19.2413     0.0000  0.0000  kernel_1_9_0
kernel_1_0/k_1_9_1                  16.4255      0.2    16.4255     0.0000  0.0000  kernel_1_9_1
kernel_2_0                        1499.4135     19.4     0.0000     0.0000  0.0000  kernel_2
kernel_2_0/k_2_0_0                  58.6625      0.8    58.6625     0.0000  0.0000  kernel_2_0_0
kernel_2_0/k_2_0_1                  15.9562      0.2    15.9562     0.0000  0.0000  kernel_2_0_1
kernel_2_0/k_2_11_0                 33.3203      0.4    33.3203     0.0000  0.0000  kernel_2_11_0
kernel_2_0/k_2_11_1                 25.8115      0.3    25.8115     0.0000  0.0000  kernel_2_11_1
kernel_2_0/k_2_12_0                 20.6492      0.3    20.6492     0.0000  0.0000  kernel_2_12_0
kernel_2_0/k_2_12_1                 13.6097      0.2    13.6097     0.0000  0.0000  kernel_2_12_1
kernel_2_0/k_2_13_0                 52.0923      0.7    52.0923     0.0000  0.0000  kernel_2_13_0
kernel_2_0/k_2_13_1                 19.2413      0.2    19.2413     0.0000  0.0000  kernel_2_13_1
kernel_2_0/k_2_14_0                 46.4607      0.6    46.4607     0.0000  0.0000  kernel_2_14_0
kernel_2_0/k_2_14_1                 31.9124      0.4    31.9124     0.0000  0.0000  kernel_2_14_1
kernel_2_0/k_2_15_0                 15.4869      0.2    15.4869     0.0000  0.0000  kernel_2_15_0
kernel_2_0/k_2_15_1                 13.1404      0.2    13.1404     0.0000  0.0000  kernel_2_15_1
kernel_2_0/k_2_16_0                 35.6668      0.5    35.6668     0.0000  0.0000  kernel_2_16_0
kernel_2_0/k_2_16_1                 15.0176      0.2    15.0176     0.0000  0.0000  kernel_2_16_1
kernel_2_0/k_2_17_0                 26.2808      0.3    26.2808     0.0000  0.0000  kernel_2_17_0
kernel_2_0/k_2_17_1                 24.4036      0.3    24.4036     0.0000  0.0000  kernel_2_17_1
kernel_2_0/k_2_18_0                 27.2194      0.4    27.2194     0.0000  0.0000  kernel_2_18_0
kernel_2_0/k_2_18_1                  9.3860      0.1     9.3860     0.0000  0.0000  kernel_2_18_1
kernel_2_0/k_2_19_0                 66.1713      0.9    66.1713     0.0000  0.0000  kernel_2_19_0
kernel_2_0/k_2_19_1                 27.6887      0.4    27.6887     0.0000  0.0000  kernel_2_19_1
kernel_2_0/k_2_1_0                  50.2151      0.7    50.2151     0.0000  0.0000  kernel_2_1_0
kernel_2_0/k_2_1_1                  15.9562      0.2    15.9562     0.0000  0.0000  kernel_2_1_1
kernel_2_0/k_2_20_0                 17.8334      0.2    17.8334     0.0000  0.0000  kernel_2_20_0
kernel_2_0/k_2_20_1                  5.1623      0.1     5.1623     0.0000  0.0000  kernel_2_20_1
kernel_2_0/k_2_21_0                 37.0747      0.5    37.0747     0.0000  0.0000  kernel_2_21_0
kernel_2_0/k_2_21_1                 28.1580      0.4    28.1580     0.0000  0.0000  kernel_2_21_1
kernel_2_0/k_2_22_0                  6.1009      0.1     6.1009     0.0000  0.0000  kernel_2_22_0
kernel_2_0/k_2_22_1                  2.3465      0.0     2.3465     0.0000  0.0000  kernel_2_22_1
kernel_2_0/k_2_23_0                 19.2413      0.2    19.2413     0.0000  0.0000  kernel_2_23_0
kernel_2_0/k_2_23_1                  5.1623      0.1     5.1623     0.0000  0.0000  kernel_2_23_1
kernel_2_0/k_2_24_0                 15.4869      0.2    15.4869     0.0000  0.0000  kernel_2_24_0
kernel_2_0/k_2_24_1                  9.8553      0.1     9.8553     0.0000  0.0000  kernel_2_24_1
kernel_2_0/k_2_25_0                 10.7939      0.1    10.7939     0.0000  0.0000  kernel_2_25_0
kernel_2_0/k_2_25_1                  6.5702      0.1     6.5702     0.0000  0.0000  kernel_2_25_1
kernel_2_0/k_2_26_0                 38.0133      0.5    38.0133     0.0000  0.0000  kernel_2_26_0
kernel_2_0/k_2_26_1                 29.0966      0.4    29.0966     0.0000  0.0000  kernel_2_26_1
kernel_2_0/k_2_27_0                 13.1404      0.2    13.1404     0.0000  0.0000  kernel_2_27_0
kernel_2_0/k_2_27_1                 13.6097      0.2    13.6097     0.0000  0.0000  kernel_2_27_1
kernel_2_0/k_2_28_0                 31.4431      0.4    31.4431     0.0000  0.0000  kernel_2_28_0
kernel_2_0/k_2_28_1                 12.6711      0.2    12.6711     0.0000  0.0000  kernel_2_28_1
kernel_2_0/k_2_29_0                 28.1580      0.4    28.1580     0.0000  0.0000  kernel_2_29_0
kernel_2_0/k_2_29_1                 24.4036      0.3    24.4036     0.0000  0.0000  kernel_2_29_1
kernel_2_0/k_2_2_0                  19.7106      0.3    19.7106     0.0000  0.0000  kernel_2_2_0
kernel_2_0/k_2_2_1                  12.6711      0.2    12.6711     0.0000  0.0000  kernel_2_2_1
kernel_2_0/k_2_30_0                 32.3817      0.4    32.3817     0.0000  0.0000  kernel_2_30_0
kernel_2_0/k_2_30_1                 27.2194      0.4    27.2194     0.0000  0.0000  kernel_2_30_1
kernel_2_0/k_2_31_0                 52.5616      0.7    52.5616     0.0000  0.0000  kernel_2_31_0
kernel_2_0/k_2_31_1                 27.2194      0.4    27.2194     0.0000  0.0000  kernel_2_31_1
kernel_2_0/k_2_4_0                  45.5221      0.6    45.5221     0.0000  0.0000  kernel_2_4_0
kernel_2_0/k_2_4_1                  22.9957      0.3    22.9957     0.0000  0.0000  kernel_2_4_1
kernel_2_0/k_2_5_0                  68.5178      0.9    68.5178     0.0000  0.0000  kernel_2_5_0
kernel_2_0/k_2_5_1                  28.1580      0.4    28.1580     0.0000  0.0000  kernel_2_5_1
kernel_2_0/k_2_6_0                  31.4431      0.4    31.4431     0.0000  0.0000  kernel_2_6_0
kernel_2_0/k_2_6_1                  18.3027      0.2    18.3027     0.0000  0.0000  kernel_2_6_1
kernel_2_0/k_2_7_0                  18.3027      0.2    18.3027     0.0000  0.0000  kernel_2_7_0
kernel_2_0/k_2_7_1                   7.0395      0.1     7.0395     0.0000  0.0000  kernel_2_7_1
kernel_2_0/k_2_8_0                  25.8115      0.3    25.8115     0.0000  0.0000  kernel_2_8_0
kernel_2_0/k_2_8_1                  29.0966      0.4    29.0966     0.0000  0.0000  kernel_2_8_1
kernel_2_0/k_2_9_0                  20.6492      0.3    20.6492     0.0000  0.0000  kernel_2_9_0
kernel_2_0/k_2_9_1                  13.1404      0.2    13.1404     0.0000  0.0000  kernel_2_9_1
kernel_3_0                        1095.8155     14.2     0.0000     0.0000  0.0000  kernel_3
kernel_3_0/k_3_0_0                  20.1799      0.3    20.1799     0.0000  0.0000  kernel_3_0_0
kernel_3_0/k_3_0_1                  13.1404      0.2    13.1404     0.0000  0.0000  kernel_3_0_1
kernel_3_0/k_3_11_0                 40.8291      0.5    40.8291     0.0000  0.0000  kernel_3_11_0
kernel_3_0/k_3_11_1                 31.4431      0.4    31.4431     0.0000  0.0000  kernel_3_11_1
kernel_3_0/k_3_12_0                 28.1580      0.4    28.1580     0.0000  0.0000  kernel_3_12_0
kernel_3_0/k_3_12_1                  5.1623      0.1     5.1623     0.0000  0.0000  kernel_3_12_1
kernel_3_0/k_3_14_0                 22.9957      0.3    22.9957     0.0000  0.0000  kernel_3_14_0
kernel_3_0/k_3_14_1                  8.9167      0.1     8.9167     0.0000  0.0000  kernel_3_14_1
kernel_3_0/k_3_15_0                 15.9562      0.2    15.9562     0.0000  0.0000  kernel_3_15_0
kernel_3_0/k_3_15_1                  7.5088      0.1     7.5088     0.0000  0.0000  kernel_3_15_1
kernel_3_0/k_3_16_0                  4.2237      0.1     4.2237     0.0000  0.0000  kernel_3_16_0
kernel_3_0/k_3_16_1                  6.5702      0.1     6.5702     0.0000  0.0000  kernel_3_16_1
kernel_3_0/k_3_18_0                 38.0133      0.5    38.0133     0.0000  0.0000  kernel_3_18_0
kernel_3_0/k_3_18_1                 17.3641      0.2    17.3641     0.0000  0.0000  kernel_3_18_1
kernel_3_0/k_3_19_0                 21.5878      0.3    21.5878     0.0000  0.0000  kernel_3_19_0
kernel_3_0/k_3_19_1                 17.3641      0.2    17.3641     0.0000  0.0000  kernel_3_19_1
kernel_3_0/k_3_1_0                  19.2413      0.2    19.2413     0.0000  0.0000  kernel_3_1_0
kernel_3_0/k_3_1_1                  13.6097      0.2    13.6097     0.0000  0.0000  kernel_3_1_1
kernel_3_0/k_3_22_0                 26.7501      0.3    26.7501     0.0000  0.0000  kernel_3_22_0
kernel_3_0/k_3_22_1                 15.4869      0.2    15.4869     0.0000  0.0000  kernel_3_22_1
kernel_3_0/k_3_23_0                 51.6230      0.7    51.6230     0.0000  0.0000  kernel_3_23_0
kernel_3_0/k_3_23_1                 25.8115      0.3    25.8115     0.0000  0.0000  kernel_3_23_1
kernel_3_0/k_3_24_0                 47.8686      0.6    47.8686     0.0000  0.0000  kernel_3_24_0
kernel_3_0/k_3_24_1                 26.7501      0.3    26.7501     0.0000  0.0000  kernel_3_24_1
kernel_3_0/k_3_25_0                 30.9738      0.4    30.9738     0.0000  0.0000  kernel_3_25_0
kernel_3_0/k_3_25_1                 19.7106      0.3    19.7106     0.0000  0.0000  kernel_3_25_1
kernel_3_0/k_3_29_0                 32.8510      0.4    32.8510     0.0000  0.0000  kernel_3_29_0
kernel_3_0/k_3_29_1                 15.4869      0.2    15.4869     0.0000  0.0000  kernel_3_29_1
kernel_3_0/k_3_2_0                  60.0704      0.8    60.0704     0.0000  0.0000  kernel_3_2_0
kernel_3_0/k_3_2_1                  21.1185      0.3    21.1185     0.0000  0.0000  kernel_3_2_1
kernel_3_0/k_3_3_0                  39.4212      0.5    39.4212     0.0000  0.0000  kernel_3_3_0
kernel_3_0/k_3_3_1                  15.0176      0.2    15.0176     0.0000  0.0000  kernel_3_3_1
kernel_3_0/k_3_4_0                  13.6097      0.2    13.6097     0.0000  0.0000  kernel_3_4_0
kernel_3_0/k_3_4_1                   2.3465      0.0     2.3465     0.0000  0.0000  kernel_3_4_1
kernel_3_0/k_3_5_0                  33.3203      0.4    33.3203     0.0000  0.0000  kernel_3_5_0
kernel_3_0/k_3_5_1                  19.7106      0.3    19.7106     0.0000  0.0000  kernel_3_5_1
kernel_3_0/k_3_6_0                  43.1756      0.6    43.1756     0.0000  0.0000  kernel_3_6_0
kernel_3_0/k_3_6_1                  16.4255      0.2    16.4255     0.0000  0.0000  kernel_3_6_1
kernel_3_0/k_3_7_0                  39.8905      0.5    39.8905     0.0000  0.0000  kernel_3_7_0
kernel_3_0/k_3_7_1                  23.4650      0.3    23.4650     0.0000  0.0000  kernel_3_7_1
kernel_3_0/k_3_8_0                  15.4869      0.2    15.4869     0.0000  0.0000  kernel_3_8_0
kernel_3_0/k_3_8_1                   8.9167      0.1     8.9167     0.0000  0.0000  kernel_3_8_1
kernel_3_0/k_3_9_0                  83.5354      1.1    83.5354     0.0000  0.0000  kernel_3_9_0
kernel_3_0/k_3_9_1                  34.7282      0.4    34.7282     0.0000  0.0000  kernel_3_9_1
kernel_4_0                         726.9457      9.4     0.0000     0.0000  0.0000  kernel_4
kernel_4_0/k_4_10_0                 54.4388      0.7    54.4388     0.0000  0.0000  kernel_4_10_0
kernel_4_0/k_4_10_1                 35.1975      0.5    35.1975     0.0000  0.0000  kernel_4_10_1
kernel_4_0/k_4_13_0                 35.6668      0.5    35.6668     0.0000  0.0000  kernel_4_13_0
kernel_4_0/k_4_13_1                 32.8510      0.4    32.8510     0.0000  0.0000  kernel_4_13_1
kernel_4_0/k_4_14_0                 56.3160      0.7    56.3160     0.0000  0.0000  kernel_4_14_0
kernel_4_0/k_4_14_1                 27.6887      0.4    27.6887     0.0000  0.0000  kernel_4_14_1
kernel_4_0/k_4_15_0                 22.5264      0.3    22.5264     0.0000  0.0000  kernel_4_15_0
kernel_4_0/k_4_15_1                 18.7720      0.2    18.7720     0.0000  0.0000  kernel_4_15_1
kernel_4_0/k_4_17_0                 52.0923      0.7    52.0923     0.0000  0.0000  kernel_4_17_0
kernel_4_0/k_4_17_1                 20.1799      0.3    20.1799     0.0000  0.0000  kernel_4_17_1
kernel_4_0/k_4_19_0                 19.2413      0.2    19.2413     0.0000  0.0000  kernel_4_19_0
kernel_4_0/k_4_19_1                 14.0790      0.2    14.0790     0.0000  0.0000  kernel_4_19_1
kernel_4_0/k_4_1_0                  25.8115      0.3    25.8115     0.0000  0.0000  kernel_4_1_0
kernel_4_0/k_4_1_1                  18.7720      0.2    18.7720     0.0000  0.0000  kernel_4_1_1
kernel_4_0/k_4_20_0                 24.4036      0.3    24.4036     0.0000  0.0000  kernel_4_20_0
kernel_4_0/k_4_20_1                  0.0000      0.0     0.0000     0.0000  0.0000  kernel_4_20_1
kernel_4_0/k_4_21_0                 47.8686      0.6    47.8686     0.0000  0.0000  kernel_4_21_0
kernel_4_0/k_4_21_1                 17.3641      0.2    17.3641     0.0000  0.0000  kernel_4_21_1
kernel_4_0/k_4_2_0                  20.6492      0.3    20.6492     0.0000  0.0000  kernel_4_2_0
kernel_4_0/k_4_2_1                   7.9781      0.1     7.9781     0.0000  0.0000  kernel_4_2_1
kernel_4_0/k_4_6_0                  38.4826      0.5    38.4826     0.0000  0.0000  kernel_4_6_0
kernel_4_0/k_4_6_1                  23.4650      0.3    23.4650     0.0000  0.0000  kernel_4_6_1
kernel_4_0/k_4_8_0                  39.8905      0.5    39.8905     0.0000  0.0000  kernel_4_8_0
kernel_4_0/k_4_8_1                  16.4255      0.2    16.4255     0.0000  0.0000  kernel_4_8_1
kernel_4_0/k_4_9_0                  38.9519      0.5    38.9519     0.0000  0.0000  kernel_4_9_0
kernel_4_0/k_4_9_1                  17.8334      0.2    17.8334     0.0000  0.0000  kernel_4_9_1
kernel_5_0                         364.6461      4.7     0.0000     0.0000  0.0000  kernel_5
kernel_5_0/k_5_0_0                  42.7063      0.6    42.7063     0.0000  0.0000  kernel_5_0_0
kernel_5_0/k_5_0_1                  17.3641      0.2    17.3641     0.0000  0.0000  kernel_5_0_1
kernel_5_0/k_5_1_0                  47.8686      0.6    47.8686     0.0000  0.0000  kernel_5_1_0
kernel_5_0/k_5_1_1                  22.5264      0.3    22.5264     0.0000  0.0000  kernel_5_1_1
kernel_5_0/k_5_2_0                  56.3160      0.7    56.3160     0.0000  0.0000  kernel_5_2_0
kernel_5_0/k_5_2_1                  28.1580      0.4    28.1580     0.0000  0.0000  kernel_5_2_1
kernel_5_0/k_5_3_0                  61.4783      0.8    61.4783     0.0000  0.0000  kernel_5_3_0
kernel_5_0/k_5_3_1                  22.0571      0.3    22.0571     0.0000  0.0000  kernel_5_3_1
kernel_5_0/k_5_4_0                  43.1756      0.6    43.1756     0.0000  0.0000  kernel_5_4_0
kernel_5_0/k_5_4_1                  22.9957      0.3    22.9957     0.0000  0.0000  kernel_5_4_1
--------------------------------  ---------  -------  ---------  ---------  ------  -------------
Total                                                 5530.7004  2193.9775  0.0000

1
