Information: Propagating switching activity (high effort zero delay simulation). (PWR-6)
Warning: Design has unannotated sequential cell outputs. (PWR-415)
 
****************************************
Report : power
        -hier
        -analysis_effort high
Design : jscS_Nulla
Version: P-2019.03-SP1-1
Date   : Thu Oct 21 19:21:56 2021
****************************************


Library(s) Used:

    gscl45nm (File: /home/home2/students/esmailid/NCSU-FreePDK45-1.4/FreePDK45/osu_soc/lib/files/gscl45nm.db)


Operating Conditions: typical   Library: gscl45nm
Wire Load Model Mode: top


Global Operating Voltage = 1.1  
Power-specific unit information :
    Voltage Units = 1V
    Capacitance Units = 1.000000pf
    Time Units = 1ns
    Dynamic Power Units = 1mW    (derived from V,C,T units)
    Leakage Power Units = 1nW


--------------------------------------------------------------------------------
                                       Switch   Int      Leak     Total
Hierarchy                              Power    Power    Power    Power    %
--------------------------------------------------------------------------------
jscS_Nulla                                0.182    0.886 2.97e+04    1.098 100.0
  kernel_5_0 (kernel_5)                1.03e-02 1.39e-02  976.069 2.52e-02   2.3
    k_5_4_0 (kernel_5_4_0)             1.43e-03 1.42e-03   75.131 2.92e-03   0.3
    k_5_4_1 (kernel_5_4_1)             6.54e-04 6.92e-04   36.543 1.38e-03   0.1
    k_5_3_0 (kernel_5_3_0)             1.58e-03 2.39e-03  186.930 4.16e-03   0.4
    k_5_3_1 (kernel_5_3_1)             4.06e-04 4.68e-04   50.881 9.25e-04   0.1
    k_5_2_0 (kernel_5_2_0)             1.78e-03 2.55e-03  178.577 4.51e-03   0.4
    k_5_2_1 (kernel_5_2_1)             6.21e-04 7.44e-04   68.851 1.43e-03   0.1
    k_5_1_0 (kernel_5_1_0)             1.74e-03 2.41e-03  164.812 4.32e-03   0.4
    k_5_1_1 (kernel_5_1_1)             5.37e-04 6.22e-04   38.801 1.20e-03   0.1
    k_5_0_0 (kernel_5_0_0)             1.31e-03 1.90e-03  122.494 3.33e-03   0.3
    k_5_0_1 (kernel_5_0_1)             2.88e-04 6.89e-04   53.051 1.03e-03   0.1
  kernel_4_0 (kernel_4)                1.97e-02 2.75e-02 2.09e+03 4.93e-02   4.5
    k_4_21_0 (kernel_4_21_0)           1.47e-03 2.07e-03  128.799 3.68e-03   0.3
    k_4_21_1 (kernel_4_21_1)           2.94e-04 5.43e-04   53.177 8.90e-04   0.1
    k_4_20_0 (kernel_4_20_0)           5.02e-04 1.01e-03  134.242 1.64e-03   0.1
    k_4_20_1 (kernel_4_20_1)              0.000    0.000    0.000    0.000   0.0
    k_4_19_0 (kernel_4_19_0)           4.55e-04 7.02e-04   53.768 1.21e-03   0.1
    k_4_19_1 (kernel_4_19_1)           2.06e-04 3.44e-04   32.695 5.84e-04   0.1
    k_4_17_0 (kernel_4_17_0)           1.63e-03 1.54e-03   89.531 3.26e-03   0.3
    k_4_17_1 (kernel_4_17_1)           6.10e-04 5.67e-04   34.353 1.21e-03   0.1
    k_4_15_0 (kernel_4_15_0)           4.75e-04 9.40e-04   74.370 1.49e-03   0.1
    k_4_15_1 (kernel_4_15_1)           3.76e-04 4.72e-04   45.464 8.94e-04   0.1
    k_4_14_0 (kernel_4_14_0)           1.92e-03 2.70e-03  135.389 4.75e-03   0.4
    k_4_14_1 (kernel_4_14_1)           7.06e-04 1.29e-03   96.048 2.10e-03   0.2
    k_4_13_0 (kernel_4_13_0)           9.66e-04 1.29e-03  153.665 2.41e-03   0.2
    k_4_13_1 (kernel_4_13_1)           7.96e-04 1.48e-03  178.585 2.45e-03   0.2
    k_4_10_0 (kernel_4_10_0)           1.67e-03 2.78e-03  215.541 4.67e-03   0.4
    k_4_10_1 (kernel_4_10_1)           1.24e-03 2.01e-03  141.597 3.40e-03   0.3
    k_4_9_0 (kernel_4_9_0)             1.17e-03 1.66e-03   81.971 2.91e-03   0.3
    k_4_9_1 (kernel_4_9_1)             3.79e-04 5.16e-04   29.402 9.24e-04   0.1
    k_4_8_0 (kernel_4_8_0)             1.24e-03 1.16e-03   69.847 2.47e-03   0.2
    k_4_8_1 (kernel_4_8_1)             3.88e-04 4.45e-04   41.531 8.74e-04   0.1
    k_4_6_0 (kernel_4_6_0)             1.33e-03 1.36e-03   64.979 2.75e-03   0.3
    k_4_6_1 (kernel_4_6_1)             4.83e-04 8.30e-04   75.897 1.39e-03   0.1
    k_4_2_0 (kernel_4_2_0)             2.94e-04 5.23e-04   46.098 8.63e-04   0.1
    k_4_2_1 (kernel_4_2_1)             1.23e-04 1.81e-04   11.984 3.16e-04   0.0
    k_4_1_0 (kernel_4_1_0)             5.85e-04 7.00e-04   55.168 1.34e-03   0.1
    k_4_1_1 (kernel_4_1_1)             3.39e-04 4.35e-04   45.464 8.20e-04   0.1
  kernel_3_0 (kernel_3)                2.15e-02 3.24e-02 2.72e+03 5.66e-02   5.2
    k_3_29_0 (kernel_3_29_0)           5.74e-04 5.92e-04   69.090 1.23e-03   0.1
    k_3_29_1 (kernel_3_29_1)           1.73e-04 3.79e-04   26.063 5.78e-04   0.1
    k_3_25_0 (kernel_3_25_0)           8.20e-04 8.40e-04   52.717 1.71e-03   0.2
    k_3_25_1 (kernel_3_25_1)           2.68e-04 5.13e-04   34.404 8.15e-04   0.1
    k_3_24_0 (kernel_3_24_0)           1.17e-03 1.67e-03  159.185 3.00e-03   0.3
    k_3_24_1 (kernel_3_24_1)           4.82e-04 8.22e-04   53.234 1.36e-03   0.1
    k_3_23_0 (kernel_3_23_0)           1.20e-03 1.47e-03   91.228 2.76e-03   0.3
    k_3_23_1 (kernel_3_23_1)           4.50e-04 5.71e-04   44.404 1.07e-03   0.1
    k_3_22_0 (kernel_3_22_0)           4.35e-04 7.09e-04   84.927 1.23e-03   0.1
    k_3_22_1 (kernel_3_22_1)           2.67e-04 5.27e-04   27.755 8.21e-04   0.1
    k_3_19_0 (kernel_3_19_0)           5.01e-04 8.41e-04   49.373 1.39e-03   0.1
    k_3_19_1 (kernel_3_19_1)           3.88e-04 6.37e-04   27.738 1.05e-03   0.1
    k_3_18_0 (kernel_3_18_0)           7.17e-04 1.68e-03  139.822 2.53e-03   0.2
    k_3_18_1 (kernel_3_18_1)           3.23e-04 5.88e-04   30.342 9.41e-04   0.1
    k_3_16_0 (kernel_3_16_0)           5.40e-05 1.54e-04    7.353 2.16e-04   0.0
    k_3_16_1 (kernel_3_16_1)           8.76e-05 1.53e-04   10.531 2.52e-04   0.0
    k_3_15_0 (kernel_3_15_0)           2.43e-04 4.07e-04   36.120 6.86e-04   0.1
    k_3_15_1 (kernel_3_15_1)           7.66e-05 1.77e-04   23.760 2.77e-04   0.0
    k_3_14_0 (kernel_3_14_0)           4.34e-04 6.71e-04   61.751 1.17e-03   0.1
    k_3_14_1 (kernel_3_14_1)           1.48e-04 3.21e-04   15.774 4.85e-04   0.0
    k_3_12_0 (kernel_3_12_0)           3.82e-04 8.33e-04  104.247 1.32e-03   0.1
    k_3_12_1 (kernel_3_12_1)           4.77e-05 1.23e-04   18.873 1.89e-04   0.0
    k_3_11_0 (kernel_3_11_0)           6.60e-04 1.00e-03  103.496 1.76e-03   0.2
    k_3_11_1 (kernel_3_11_1)           6.11e-04 1.09e-03  140.827 1.84e-03   0.2
    k_3_9_0 (kernel_3_9_0)             2.11e-03 2.75e-03  254.174 5.11e-03   0.5
    k_3_9_1 (kernel_3_9_1)             6.75e-04 1.11e-03   79.029 1.87e-03   0.2
    k_3_8_0 (kernel_3_8_0)             2.32e-04 4.96e-04   37.435 7.65e-04   0.1
    k_3_8_1 (kernel_3_8_1)             1.25e-04 1.82e-04   15.378 3.22e-04   0.0
    k_3_7_0 (kernel_3_7_0)             9.97e-04 1.23e-03   80.169 2.31e-03   0.2
    k_3_7_1 (kernel_3_7_1)             4.44e-04 9.62e-04   73.092 1.48e-03   0.1
    k_3_6_0 (kernel_3_6_0)             1.06e-03 1.45e-03  131.301 2.64e-03   0.2
    k_3_6_1 (kernel_3_6_1)             1.96e-04 4.33e-04   36.112 6.65e-04   0.1
    k_3_5_0 (kernel_3_5_0)             6.04e-04 8.06e-04   87.936 1.50e-03   0.1
    k_3_5_1 (kernel_3_5_1)             2.92e-04 3.45e-04   32.113 6.69e-04   0.1
    k_3_4_0 (kernel_3_4_0)             2.03e-04 4.50e-04   32.935 6.85e-04   0.1
    k_3_4_1 (kernel_3_4_1)             2.24e-05 4.43e-05    3.620 7.03e-05   0.0
    k_3_3_0 (kernel_3_3_0)             6.35e-04 7.83e-04   64.427 1.48e-03   0.1
    k_3_3_1 (kernel_3_3_1)             2.45e-04 3.57e-04   26.848 6.29e-04   0.1
    k_3_2_0 (kernel_3_2_0)             1.63e-03 1.83e-03  146.607 3.61e-03   0.3
    k_3_2_1 (kernel_3_2_1)             4.32e-04 6.66e-04   60.757 1.16e-03   0.1
    k_3_1_0 (kernel_3_1_0)             4.37e-04 5.41e-04   44.356 1.02e-03   0.1
    k_3_1_1 (kernel_3_1_1)             1.86e-04 3.31e-04   22.973 5.40e-04   0.0
    k_3_0_0 (kernel_3_0_0)             2.63e-04 6.07e-04   54.090 9.24e-04   0.1
    k_3_0_1 (kernel_3_0_1)             1.77e-04 2.78e-04   20.867 4.76e-04   0.0
  kernel_2_0 (kernel_2)                2.73e-02 3.92e-02 3.89e+03 7.04e-02   6.4
    k_2_31_0 (kernel_2_31_0)           1.28e-03 1.52e-03  115.418 2.92e-03   0.3
    k_2_31_1 (kernel_2_31_1)           5.59e-04 7.70e-04   76.489 1.41e-03   0.1
    k_2_30_0 (kernel_2_30_0)           4.70e-04 6.31e-04   66.621 1.17e-03   0.1
    k_2_30_1 (kernel_2_30_1)           4.09e-04 5.14e-04   43.350 9.67e-04   0.1
    k_2_29_0 (kernel_2_29_0)           5.36e-04 7.92e-04   97.778 1.43e-03   0.1
    k_2_29_1 (kernel_2_29_1)           4.20e-04 8.55e-04   99.712 1.37e-03   0.1
    k_2_28_0 (kernel_2_28_0)           4.68e-04 5.03e-04   75.635 1.05e-03   0.1
    k_2_28_1 (kernel_2_28_1)           9.87e-05 1.66e-04   22.537 2.87e-04   0.0
    k_2_27_0 (kernel_2_27_0)           2.05e-04 2.90e-04   22.645 5.17e-04   0.0
    k_2_27_1 (kernel_2_27_1)           1.98e-04 3.59e-04   30.157 5.87e-04   0.1
    k_2_26_0 (kernel_2_26_0)           9.28e-04 1.26e-03  102.018 2.29e-03   0.2
    k_2_26_1 (kernel_2_26_1)           3.88e-04 5.73e-04   85.345 1.05e-03   0.1
    k_2_25_0 (kernel_2_25_0)           1.17e-04 3.42e-04   55.312 5.14e-04   0.0
    k_2_25_1 (kernel_2_25_1)           8.05e-05 1.09e-04    9.021 1.98e-04   0.0
    k_2_24_0 (kernel_2_24_0)           1.80e-04 2.47e-04   27.137 4.54e-04   0.0
    k_2_24_1 (kernel_2_24_1)           1.80e-04 1.42e-04   16.791 3.39e-04   0.0
    k_2_23_0 (kernel_2_23_0)           3.76e-04 4.81e-04   33.854 8.91e-04   0.1
    k_2_23_1 (kernel_2_23_1)           6.36e-05 1.67e-04   17.403 2.48e-04   0.0
    k_2_22_0 (kernel_2_22_0)           3.46e-05 5.41e-05   10.203 9.88e-05   0.0
    k_2_22_1 (kernel_2_22_1)           1.94e-05 6.65e-05   15.606 1.01e-04   0.0
    k_2_21_0 (kernel_2_21_0)           8.85e-04 1.42e-03  166.914 2.47e-03   0.2
    k_2_21_1 (kernel_2_21_1)           5.77e-04 1.02e-03  117.855 1.71e-03   0.2
    k_2_20_0 (kernel_2_20_0)           2.89e-04 2.74e-04   28.910 5.91e-04   0.1
    k_2_20_1 (kernel_2_20_1)           3.91e-05 1.09e-04   17.403 1.65e-04   0.0
    k_2_19_0 (kernel_2_19_0)           1.20e-03 1.93e-03  220.199 3.35e-03   0.3
    k_2_19_1 (kernel_2_19_1)           3.97e-04 5.10e-04   75.004 9.81e-04   0.1
    k_2_18_0 (kernel_2_18_0)           4.41e-04 6.76e-04   56.386 1.17e-03   0.1
    k_2_18_1 (kernel_2_18_1)           1.37e-04 2.04e-04   14.150 3.55e-04   0.0
    k_2_17_0 (kernel_2_17_0)           5.08e-04 7.55e-04   65.722 1.33e-03   0.1
    k_2_17_1 (kernel_2_17_1)           4.86e-04 7.40e-04   62.431 1.29e-03   0.1
    k_2_16_0 (kernel_2_16_0)           5.26e-04 8.52e-04  120.470 1.50e-03   0.1
    k_2_16_1 (kernel_2_16_1)           1.17e-04 2.38e-04   37.360 3.93e-04   0.0
    k_2_15_0 (kernel_2_15_0)           2.40e-04 3.69e-04   25.755 6.35e-04   0.1
    k_2_15_1 (kernel_2_15_1)           1.86e-04 3.74e-04   22.779 5.83e-04   0.1
    k_2_14_0 (kernel_2_14_0)           9.26e-04 1.43e-03  124.369 2.49e-03   0.2
    k_2_14_1 (kernel_2_14_1)           6.39e-04 6.17e-04   54.612 1.31e-03   0.1
    k_2_13_0 (kernel_2_13_0)           6.27e-04 8.00e-04   93.306 1.52e-03   0.1
    k_2_13_1 (kernel_2_13_1)           1.74e-04 3.06e-04   32.645 5.12e-04   0.0
    k_2_12_0 (kernel_2_12_0)           3.27e-04 5.64e-04   54.506 9.46e-04   0.1
    k_2_12_1 (kernel_2_12_1)           1.18e-04 1.91e-04   20.819 3.30e-04   0.0
    k_2_11_0 (kernel_2_11_0)           8.40e-04 1.15e-03  117.229 2.11e-03   0.2
    k_2_11_1 (kernel_2_11_1)           5.09e-04 8.27e-04   91.841 1.43e-03   0.1
    k_2_9_0 (kernel_2_9_0)             2.70e-04 4.84e-04   62.140 8.16e-04   0.1
    k_2_9_1 (kernel_2_9_1)             1.94e-04 2.53e-04   22.645 4.70e-04   0.0
    k_2_8_0 (kernel_2_8_0)             5.59e-04 9.05e-04   65.434 1.53e-03   0.1
    k_2_8_1 (kernel_2_8_1)             7.70e-04 1.06e-03   84.213 1.92e-03   0.2
    k_2_7_0 (kernel_2_7_0)             2.98e-04 6.25e-04   58.561 9.81e-04   0.1
    k_2_7_1 (kernel_2_7_1)             8.36e-05 1.85e-04   29.956 2.99e-04   0.0
    k_2_6_0 (kernel_2_6_0)             5.30e-04 8.92e-04  110.154 1.53e-03   0.1
    k_2_6_1 (kernel_2_6_1)             2.92e-04 4.46e-04   52.642 7.91e-04   0.1
    k_2_5_0 (kernel_2_5_0)             1.94e-03 2.55e-03  172.113 4.66e-03   0.4
    k_2_5_1 (kernel_2_5_1)             5.96e-04 5.60e-04   46.871 1.20e-03   0.1
    k_2_4_0 (kernel_2_4_0)             1.05e-03 1.32e-03  135.439 2.51e-03   0.2
    k_2_4_1 (kernel_2_4_1)             5.25e-04 5.49e-04   39.129 1.11e-03   0.1
    k_2_2_0 (kernel_2_2_0)             2.89e-04 7.11e-04   50.999 1.05e-03   0.1
    k_2_2_1 (kernel_2_2_1)             1.44e-04 2.50e-04   22.537 4.16e-04   0.0
    k_2_1_0 (kernel_2_1_0)             5.97e-04 9.70e-04  123.045 1.69e-03   0.2
    k_2_1_1 (kernel_2_1_1)             2.37e-04 3.86e-04   37.822 6.61e-04   0.1
    k_2_0_0 (kernel_2_0_0)             1.49e-03 1.40e-03  111.752 3.00e-03   0.3
    k_2_0_1 (kernel_2_0_1)             2.78e-04 4.50e-04   24.527 7.52e-04   0.1
  kernel_1_0 (kernel_1)                2.75e-02 4.77e-02 4.93e+03 8.02e-02   7.3
    k_1_63_0 (kernel_1_63_0)           1.47e-03 2.39e-03  205.787 4.07e-03   0.4
    k_1_63_1 (kernel_1_63_1)           5.45e-04 1.21e-03  133.605 1.89e-03   0.2
    k_1_61_0 (kernel_1_61_0)           2.30e-04 5.16e-04   67.156 8.13e-04   0.1
    k_1_61_1 (kernel_1_61_1)           2.38e-04 6.47e-04   67.737 9.52e-04   0.1
    k_1_60_0 (kernel_1_60_0)           9.77e-05 1.97e-04   26.226 3.21e-04   0.0
    k_1_60_1 (kernel_1_60_1)           5.58e-05 9.03e-05   13.982 1.60e-04   0.0
    k_1_59_0 (kernel_1_59_0)           5.09e-04 1.13e-03  130.104 1.77e-03   0.2
    k_1_59_1 (kernel_1_59_1)           1.99e-04 3.38e-04   34.531 5.71e-04   0.1
    k_1_58_0 (kernel_1_58_0)           3.49e-05 1.15e-04   19.355 1.69e-04   0.0
    k_1_58_1 (kernel_1_58_1)           3.58e-05 1.29e-04   19.355 1.84e-04   0.0
    k_1_57_0 (kernel_1_57_0)           4.28e-04 7.77e-04   65.701 1.27e-03   0.1
    k_1_57_1 (kernel_1_57_1)           1.96e-04 3.25e-04   21.740 5.43e-04   0.0
    k_1_56_0 (kernel_1_56_0)           3.45e-04 5.75e-04   53.768 9.74e-04   0.1
    k_1_56_1 (kernel_1_56_1)           2.97e-04 3.96e-04   31.795 7.25e-04   0.1
    k_1_54_0 (kernel_1_54_0)           1.45e-04 5.31e-04   77.550 7.54e-04   0.1
    k_1_54_1 (kernel_1_54_1)           3.31e-05 1.22e-04   26.829 1.82e-04   0.0
    k_1_52_0 (kernel_1_52_0)           4.96e-04 9.81e-04   97.016 1.57e-03   0.1
    k_1_52_1 (kernel_1_52_1)           7.60e-04 1.44e-03  143.891 2.34e-03   0.2
    k_1_51_0 (kernel_1_51_0)           4.88e-05 6.45e-05    8.371 1.22e-04   0.0
    k_1_51_1 (kernel_1_51_1)           4.92e-05 6.38e-05    8.371 1.21e-04   0.0
    k_1_50_1 (kernel_1_50_1)           1.59e-04 2.83e-04   22.537 4.65e-04   0.0
    k_1_49_0 (kernel_1_49_0)           1.67e-05 4.08e-05    3.620 6.11e-05   0.0
    k_1_49_1 (kernel_1_49_1)           1.67e-05 4.08e-05    3.620 6.11e-05   0.0
    k_1_48_0 (kernel_1_48_0)           4.30e-04 6.98e-04   48.333 1.18e-03   0.1
    k_1_48_1 (kernel_1_48_1)           3.79e-04 4.58e-04   39.080 8.76e-04   0.1
    k_1_47_0 (kernel_1_47_0)           1.78e-04 2.84e-04   37.767 5.00e-04   0.0
    k_1_47_1 (kernel_1_47_1)           1.63e-05 9.08e-05   13.743 1.21e-04   0.0
    k_1_46_0 (kernel_1_46_0)           2.15e-04 3.03e-04   27.322 5.45e-04   0.0
    k_1_46_1 (kernel_1_46_1)           1.93e-04 2.95e-04   25.347 5.13e-04   0.0
    k_1_45_0 (kernel_1_45_0)           4.37e-04 8.48e-04   82.480 1.37e-03   0.1
    k_1_45_1 (kernel_1_45_1)           3.72e-04 8.62e-04   95.036 1.33e-03   0.1
    k_1_44_0 (kernel_1_44_0)           9.55e-04 1.50e-03  131.190 2.59e-03   0.2
    k_1_44_1 (kernel_1_44_1)           3.30e-04 5.83e-04   73.763 9.86e-04   0.1
    k_1_43_0 (kernel_1_43_0)           1.96e-04 4.93e-04   46.393 7.35e-04   0.1
    k_1_43_1 (kernel_1_43_1)           9.14e-05 2.46e-04   31.959 3.69e-04   0.0
    k_1_42_0 (kernel_1_42_0)           6.15e-04 9.63e-04   82.465 1.66e-03   0.2
    k_1_42_1 (kernel_1_42_1)           2.58e-04 3.65e-04   44.678 6.68e-04   0.1
    k_1_41_0 (kernel_1_41_0)           3.96e-04 5.75e-04   49.409 1.02e-03   0.1
    k_1_41_1 (kernel_1_41_1)           3.32e-04 5.14e-04   41.480 8.88e-04   0.1
    k_1_38_0 (kernel_1_38_0)           3.68e-04 4.43e-04   38.954 8.51e-04   0.1
    k_1_38_1 (kernel_1_38_1)           3.71e-04 5.84e-04   67.744 1.02e-03   0.1
    k_1_36_0 (kernel_1_36_0)           4.01e-04 4.33e-04   44.354 8.79e-04   0.1
    k_1_36_1 (kernel_1_36_1)           2.42e-04 4.43e-04   40.535 7.26e-04   0.1
    k_1_35_0 (kernel_1_35_0)           1.54e-04 3.11e-04   33.097 4.98e-04   0.0
    k_1_35_1 (kernel_1_35_1)           1.51e-04 4.24e-04   76.259 6.51e-04   0.1
    k_1_34_0 (kernel_1_34_0)           1.75e-04 3.23e-04   31.809 5.30e-04   0.0
    k_1_34_1 (kernel_1_34_1)           1.07e-04 2.78e-04   41.618 4.26e-04   0.0
    k_1_33_0 (kernel_1_33_0)           8.73e-05 1.75e-04   25.773 2.88e-04   0.0
    k_1_33_1 (kernel_1_33_1)           2.91e-05 7.49e-05   12.241 1.16e-04   0.0
    k_1_31_0 (kernel_1_31_0)           3.57e-04 5.31e-04   38.212 9.26e-04   0.1
    k_1_31_1 (kernel_1_31_1)           2.19e-04 4.00e-04   36.546 6.56e-04   0.1
    k_1_30_0 (kernel_1_30_0)           5.23e-04 1.08e-03  111.556 1.71e-03   0.2
    k_1_30_1 (kernel_1_30_1)           1.66e-04 3.52e-04   47.354 5.65e-04   0.1
    k_1_28_0 (kernel_1_28_0)           2.35e-04 2.74e-04   24.784 5.33e-04   0.0
    k_1_28_1 (kernel_1_28_1)           7.85e-05 1.11e-04   12.030 2.01e-04   0.0
    k_1_27_0 (kernel_1_27_0)           1.91e-04 3.07e-04   30.870 5.29e-04   0.0
    k_1_27_1 (kernel_1_27_1)           4.56e-05 1.01e-04    7.279 1.54e-04   0.0
    k_1_26_0 (kernel_1_26_0)           1.57e-04 2.16e-04   18.775 3.92e-04   0.0
    k_1_26_1 (kernel_1_26_1)           1.57e-04 2.16e-04   18.775 3.92e-04   0.0
    k_1_25_0 (kernel_1_25_0)           4.65e-04 9.24e-04   96.424 1.49e-03   0.1
    k_1_25_1 (kernel_1_25_1)           1.65e-04 2.99e-04   34.115 4.99e-04   0.0
    k_1_24_0 (kernel_1_24_0)           2.76e-04 4.96e-04   58.628 8.31e-04   0.1
    k_1_24_1 (kernel_1_24_1)           1.66e-04 3.01e-04   30.870 4.99e-04   0.0
    k_1_23_0 (kernel_1_23_0)           2.54e-04 5.38e-04   56.531 8.49e-04   0.1
    k_1_23_1 (kernel_1_23_1)           7.13e-05 1.50e-04   15.774 2.37e-04   0.0
    k_1_21_0 (kernel_1_21_0)           2.74e-04 4.12e-04   40.580 7.27e-04   0.1
    k_1_21_1 (kernel_1_21_1)           2.49e-04 3.55e-04   32.692 6.37e-04   0.1
    k_1_19_0 (kernel_1_19_0)           2.77e-04 4.07e-04   32.693 7.17e-04   0.1
    k_1_19_1 (kernel_1_19_1)           5.86e-04 9.12e-04   96.074 1.59e-03   0.1
    k_1_17_0 (kernel_1_17_0)           4.52e-04 8.01e-04  103.656 1.36e-03   0.1
    k_1_17_1 (kernel_1_17_1)           1.20e-04 2.41e-04   21.961 3.83e-04   0.0
    k_1_16_0 (kernel_1_16_0)           2.50e-04 6.81e-04   91.842 1.02e-03   0.1
    k_1_16_1 (kernel_1_16_1)           1.44e-04 2.80e-04   20.773 4.45e-04   0.0
    k_1_14_0 (kernel_1_14_0)           3.92e-04 7.14e-04   80.312 1.19e-03   0.1
    k_1_14_1 (kernel_1_14_1)           4.29e-04 4.89e-04   45.613 9.64e-04   0.1
    k_1_13_0 (kernel_1_13_0)           7.72e-04 1.23e-03  127.542 2.13e-03   0.2
    k_1_13_1 (kernel_1_13_1)           5.40e-04 1.10e-03  121.202 1.76e-03   0.2
    k_1_12_0 (kernel_1_12_0)           5.39e-04 8.91e-04   95.275 1.52e-03   0.1
    k_1_12_1 (kernel_1_12_1)           2.45e-04 4.76e-04   42.857 7.65e-04   0.1
    k_1_11_0 (kernel_1_11_0)           9.38e-05 1.48e-04   12.640 2.55e-04   0.0
    k_1_11_1 (kernel_1_11_1)              0.000    0.000    0.000    0.000   0.0
    k_1_10_0 (kernel_1_10_0)           4.10e-04 6.27e-04   45.350 1.08e-03   0.1
    k_1_10_1 (kernel_1_10_1)           3.61e-04 5.67e-04   40.663 9.69e-04   0.1
    k_1_9_0 (kernel_1_9_0)             3.45e-04 8.65e-04   97.081 1.31e-03   0.1
    k_1_9_1 (kernel_1_9_1)             2.03e-04 4.08e-04   46.572 6.57e-04   0.1
    k_1_7_0 (kernel_1_7_0)             3.68e-05 1.33e-04   11.223 1.81e-04   0.0
    k_1_7_1 (kernel_1_7_1)             5.83e-05 2.15e-04   24.967 2.98e-04   0.0
    k_1_6_0 (kernel_1_6_0)             1.75e-04 2.79e-04   22.001 4.76e-04   0.0
    k_1_6_1 (kernel_1_6_1)             2.05e-04 5.58e-04   60.635 8.24e-04   0.1
    k_1_5_0 (kernel_1_5_0)             5.99e-04 1.23e-03  153.636 1.98e-03   0.2
    k_1_5_1 (kernel_1_5_1)             5.76e-05 1.53e-04   24.153 2.35e-04   0.0
    k_1_4_0 (kernel_1_4_0)             1.67e-04 4.92e-04   62.262 7.21e-04   0.1
    k_1_4_1 (kernel_1_4_1)             8.74e-05 1.59e-04   13.580 2.60e-04   0.0
    k_1_3_0 (kernel_1_3_0)             4.02e-04 5.09e-04   44.006 9.55e-04   0.1
    k_1_3_1 (kernel_1_3_1)             7.73e-05 1.31e-04   13.540 2.22e-04   0.0
    k_1_1_0 (kernel_1_1_0)             2.99e-04 5.43e-04   50.576 8.93e-04   0.1
    k_1_1_1 (kernel_1_1_1)             1.77e-04 2.83e-04   19.494 4.80e-04   0.0
    k_1_0_1 (kernel_1_0_1)             3.56e-05 1.28e-04   19.355 1.83e-04   0.0
1
