date
Sun Oct  3 23:17:37 2021
set_host_options -max_cores 8
1
set compile_seqmap_propagate_constants     false
false
set compile_seqmap_propagate_high_effort   false
false
set compile_enable_register_merging        false
false
set write_sdc_output_net_resistance        false
false
set timing_separate_clock_gating_group     true
true
set verilogout_no_tri tru
tru
set html_log_enable true
true
set design       [getenv "DESIGN"]
jscL_Nulla
set clkname      [getenv "CLKNAME"]
clk
set clkperiod    [getenv "CLK_PERIOD"]
1000
set target_lib   [getenv "SYNTH_LIBRARY"]
/home/home2/students/esmailid/NCSU-FreePDK45-1.4/FreePDK45/osu_soc/lib/files/gscl45nm.db
set tech         [getenv "TECH"]
45nm
set work_dir     ${design}_synth_${tech}_${clkperiod}ps
jscL_Nulla_synth_45nm_1000ps
#if {[file exist $work_dir]} {
#sh rm -rf $work_dir
#}
sh mkdir -p $work_dir/reports
sh mkdir -p $work_dir/netlist
set search_path [concat * $search_path]
* . /opt/synopsys/syn/P-2019.03-SP1-1/libraries/syn /opt/synopsys/syn/P-2019.03-SP1-1/dw/syn_ver /opt/synopsys/syn/P-2019.03-SP1-1/dw/sim_ver
sh rm -rf ./work
define_design_lib WORK -path ./work
1
set_svf $design.svf
1
set target_library $target_lib
/home/home2/students/esmailid/NCSU-FreePDK45-1.4/FreePDK45/osu_soc/lib/files/gscl45nm.db
set link_library $target_lib
/home/home2/students/esmailid/NCSU-FreePDK45-1.4/FreePDK45/osu_soc/lib/files/gscl45nm.db
#source -echo -verbose ../../../../../memlib/link_mem.tcl
if {[file exist ./set_design.tcl]} {
  source ./set_design.tcl
} else {
  source -echo -verbose ./analyze.tcl
}
analyze -library WORK -format verilog ../rtl/kernel_1.v;
Warning: HTML log file will be overwritten: '/home/home2/students/esmailid/template_5_DC/synth/default.html'
        If this is not desired then please use the following variable to rename the HTML file: html_log_filename (DCSH-019)
Running PRESTO HDLC
Compiling source file ../rtl/kernel_1.v
Presto compilation completed successfully.
Loading db file '/home/home2/students/esmailid/NCSU-FreePDK45-1.4/FreePDK45/osu_soc/lib/files/gscl45nm.db'
1
analyze -library WORK -format verilog ../rtl/kernel_2.v;
Running PRESTO HDLC
Compiling source file ../rtl/kernel_2.v
Presto compilation completed successfully.
1
analyze -library WORK -format verilog ../rtl/kernel_3.v;
Running PRESTO HDLC
Compiling source file ../rtl/kernel_3.v
Presto compilation completed successfully.
1
analyze -library WORK -format verilog ../rtl/kernel_4.v;
Running PRESTO HDLC
Compiling source file ../rtl/kernel_4.v
Presto compilation completed successfully.
1
analyze -library WORK -format verilog ../rtl/kernel_5.v;
Running PRESTO HDLC
Compiling source file ../rtl/kernel_5.v
Presto compilation completed successfully.
1
analyze -library WORK -format verilog ../rtl/kernel_6.v;
Running PRESTO HDLC
Compiling source file ../rtl/kernel_6.v
Presto compilation completed successfully.
1
analyze -library WORK -format verilog ../rtl/jscL_Nulla.v;
Running PRESTO HDLC
Compiling source file ../rtl/jscL_Nulla.v
Presto compilation completed successfully.
1
1
elaborate $design
Loading db file '/opt/synopsys/syn/P-2019.03-SP1-1/libraries/syn/gtech.db'
Loading db file '/opt/synopsys/syn/P-2019.03-SP1-1/libraries/syn/standard.sldb'
  Loading link library 'gscl45nm'
  Loading link library 'gtech'
Running PRESTO HDLC

Inferred memory devices in process
        in routine jscL_Nulla line 36 in file
                '../rtl/jscL_Nulla.v'.
==================================================================================
|     Register Name      |   Type    | Width | Bus | MB | AR | AS | SR | SS | ST |
==================================================================================
| reg1_mem_read_data_reg | Flip-flop |  96   |  Y  | N  | N  | N  | N  | N  | N  |
| reg2_mem_read_data_reg | Flip-flop |  192  |  Y  | N  | N  | N  | N  | N  | N  |
| reg3_mem_read_data_reg | Flip-flop |  576  |  Y  | N  | N  | N  | N  | N  | N  |
| reg4_mem_read_data_reg | Flip-flop |  576  |  Y  | N  | N  | N  | N  | N  | N  |
| reg5_mem_read_data_reg | Flip-flop |  48   |  Y  | N  | N  | N  | N  | N  | N  |
| reg6_mem_read_data_reg | Flip-flop |  35   |  Y  | N  | N  | N  | N  | N  | N  |
| reg0_mem_read_data_reg | Flip-flop |  64   |  Y  | N  | N  | N  | N  | N  | N  |
==================================================================================
Presto compilation completed successfully. (jscL_Nulla)
Elaborated 1 design.
Current design is now 'jscL_Nulla'.
Information: Building the design 'kernel_1'. (HDL-193)
Presto compilation completed successfully. (kernel_1)
Information: Building the design 'kernel_2'. (HDL-193)
Presto compilation completed successfully. (kernel_2)
Information: Building the design 'kernel_3'. (HDL-193)
Presto compilation completed successfully. (kernel_3)
Information: Building the design 'kernel_4'. (HDL-193)
Presto compilation completed successfully. (kernel_4)
Information: Building the design 'kernel_5'. (HDL-193)
Presto compilation completed successfully. (kernel_5)
Information: Building the design 'kernel_6'. (HDL-193)
Presto compilation completed successfully. (kernel_6)
Information: Building the design 'kernel_1_0_0'. (HDL-193)
Presto compilation completed successfully. (kernel_1_0_0)
Information: Building the design 'kernel_1_1_0'. (HDL-193)
Presto compilation completed successfully. (kernel_1_1_0)
Information: Building the design 'kernel_1_2_0'. (HDL-193)
Presto compilation completed successfully. (kernel_1_2_0)
Information: Building the design 'kernel_1_3_0'. (HDL-193)
Presto compilation completed successfully. (kernel_1_3_0)
Information: Building the design 'kernel_1_4_0'. (HDL-193)
Presto compilation completed successfully. (kernel_1_4_0)
Information: Building the design 'kernel_1_5_0'. (HDL-193)
Presto compilation completed successfully. (kernel_1_5_0)
Information: Building the design 'kernel_1_6_0'. (HDL-193)
Presto compilation completed successfully. (kernel_1_6_0)
Information: Building the design 'kernel_1_7_0'. (HDL-193)
Presto compilation completed successfully. (kernel_1_7_0)
Information: Building the design 'kernel_1_8_0'. (HDL-193)
Presto compilation completed successfully. (kernel_1_8_0)
Information: Building the design 'kernel_1_9_0'. (HDL-193)
Presto compilation completed successfully. (kernel_1_9_0)
Information: Building the design 'kernel_1_10_0'. (HDL-193)
Presto compilation completed successfully. (kernel_1_10_0)
Information: Building the design 'kernel_1_11_0'. (HDL-193)
Presto compilation completed successfully. (kernel_1_11_0)
Information: Building the design 'kernel_1_12_0'. (HDL-193)
Presto compilation completed successfully. (kernel_1_12_0)
Information: Building the design 'kernel_1_13_0'. (HDL-193)
Presto compilation completed successfully. (kernel_1_13_0)
Information: Building the design 'kernel_1_14_0'. (HDL-193)
Presto compilation completed successfully. (kernel_1_14_0)
Information: Building the design 'kernel_1_15_0'. (HDL-193)
Presto compilation completed successfully. (kernel_1_15_0)
Information: Building the design 'kernel_1_16_0'. (HDL-193)
Presto compilation completed successfully. (kernel_1_16_0)
Information: Building the design 'kernel_1_17_0'. (HDL-193)
Presto compilation completed successfully. (kernel_1_17_0)
Information: Building the design 'kernel_1_18_0'. (HDL-193)
Presto compilation completed successfully. (kernel_1_18_0)
Information: Building the design 'kernel_1_19_0'. (HDL-193)
Presto compilation completed successfully. (kernel_1_19_0)
Information: Building the design 'kernel_1_20_0'. (HDL-193)
Presto compilation completed successfully. (kernel_1_20_0)
Information: Building the design 'kernel_1_21_0'. (HDL-193)
Presto compilation completed successfully. (kernel_1_21_0)
Information: Building the design 'kernel_1_22_0'. (HDL-193)
Presto compilation completed successfully. (kernel_1_22_0)
Information: Building the design 'kernel_1_23_0'. (HDL-193)
Presto compilation completed successfully. (kernel_1_23_0)
Information: Building the design 'kernel_1_24_0'. (HDL-193)
Presto compilation completed successfully. (kernel_1_24_0)
Information: Building the design 'kernel_1_25_0'. (HDL-193)
Presto compilation completed successfully. (kernel_1_25_0)
Information: Building the design 'kernel_1_26_0'. (HDL-193)
Presto compilation completed successfully. (kernel_1_26_0)
Information: Building the design 'kernel_1_27_0'. (HDL-193)
Presto compilation completed successfully. (kernel_1_27_0)
Information: Building the design 'kernel_1_28_0'. (HDL-193)
Presto compilation completed successfully. (kernel_1_28_0)
Information: Building the design 'kernel_1_29_0'. (HDL-193)
Presto compilation completed successfully. (kernel_1_29_0)
Information: Building the design 'kernel_1_30_0'. (HDL-193)
Presto compilation completed successfully. (kernel_1_30_0)
Information: Building the design 'kernel_1_31_0'. (HDL-193)
Presto compilation completed successfully. (kernel_1_31_0)
Information: Building the design 'kernel_2_0_0'. (HDL-193)
Presto compilation completed successfully. (kernel_2_0_0)
Information: Building the design 'kernel_2_1_0'. (HDL-193)
Presto compilation completed successfully. (kernel_2_1_0)
Information: Building the design 'kernel_2_2_0'. (HDL-193)
Presto compilation completed successfully. (kernel_2_2_0)
Information: Building the design 'kernel_2_3_0'. (HDL-193)
Presto compilation completed successfully. (kernel_2_3_0)
Information: Building the design 'kernel_2_4_0'. (HDL-193)
Presto compilation completed successfully. (kernel_2_4_0)
Information: Building the design 'kernel_2_5_0'. (HDL-193)
Presto compilation completed successfully. (kernel_2_5_0)
Information: Building the design 'kernel_2_6_0'. (HDL-193)
Presto compilation completed successfully. (kernel_2_6_0)
Information: Building the design 'kernel_2_7_0'. (HDL-193)
Presto compilation completed successfully. (kernel_2_7_0)
Information: Building the design 'kernel_2_8_0'. (HDL-193)
Presto compilation completed successfully. (kernel_2_8_0)
Information: Building the design 'kernel_2_9_0'. (HDL-193)
Presto compilation completed successfully. (kernel_2_9_0)
Information: Building the design 'kernel_2_10_0'. (HDL-193)
Presto compilation completed successfully. (kernel_2_10_0)
Information: Building the design 'kernel_2_11_0'. (HDL-193)
Presto compilation completed successfully. (kernel_2_11_0)
Information: Building the design 'kernel_2_12_0'. (HDL-193)
Presto compilation completed successfully. (kernel_2_12_0)
Information: Building the design 'kernel_2_13_0'. (HDL-193)
Presto compilation completed successfully. (kernel_2_13_0)
Information: Building the design 'kernel_2_14_0'. (HDL-193)
Presto compilation completed successfully. (kernel_2_14_0)
Information: Building the design 'kernel_2_15_0'. (HDL-193)
Presto compilation completed successfully. (kernel_2_15_0)
Information: Building the design 'kernel_2_16_0'. (HDL-193)
Presto compilation completed successfully. (kernel_2_16_0)
Information: Building the design 'kernel_2_17_0'. (HDL-193)
Presto compilation completed successfully. (kernel_2_17_0)
Information: Building the design 'kernel_2_18_0'. (HDL-193)
Presto compilation completed successfully. (kernel_2_18_0)
Information: Building the design 'kernel_2_19_0'. (HDL-193)
Presto compilation completed successfully. (kernel_2_19_0)
Information: Building the design 'kernel_2_20_0'. (HDL-193)
Presto compilation completed successfully. (kernel_2_20_0)
Information: Building the design 'kernel_2_21_0'. (HDL-193)
Presto compilation completed successfully. (kernel_2_21_0)
Information: Building the design 'kernel_2_22_0'. (HDL-193)
Presto compilation completed successfully. (kernel_2_22_0)
Information: Building the design 'kernel_2_23_0'. (HDL-193)
Presto compilation completed successfully. (kernel_2_23_0)
Information: Building the design 'kernel_2_24_0'. (HDL-193)
Presto compilation completed successfully. (kernel_2_24_0)
Information: Building the design 'kernel_2_25_0'. (HDL-193)
Presto compilation completed successfully. (kernel_2_25_0)
Information: Building the design 'kernel_2_26_0'. (HDL-193)
Presto compilation completed successfully. (kernel_2_26_0)
Information: Building the design 'kernel_2_27_0'. (HDL-193)
Presto compilation completed successfully. (kernel_2_27_0)
Information: Building the design 'kernel_2_28_0'. (HDL-193)
Presto compilation completed successfully. (kernel_2_28_0)
Information: Building the design 'kernel_2_29_0'. (HDL-193)
Presto compilation completed successfully. (kernel_2_29_0)
Information: Building the design 'kernel_2_30_0'. (HDL-193)
Presto compilation completed successfully. (kernel_2_30_0)
Information: Building the design 'kernel_2_31_0'. (HDL-193)
Presto compilation completed successfully. (kernel_2_31_0)
Information: Building the design 'kernel_2_32_0'. (HDL-193)
Presto compilation completed successfully. (kernel_2_32_0)
Information: Building the design 'kernel_2_33_0'. (HDL-193)
Presto compilation completed successfully. (kernel_2_33_0)
Information: Building the design 'kernel_2_34_0'. (HDL-193)
Presto compilation completed successfully. (kernel_2_34_0)
Information: Building the design 'kernel_2_35_0'. (HDL-193)
Presto compilation completed successfully. (kernel_2_35_0)
Information: Building the design 'kernel_2_36_0'. (HDL-193)
Presto compilation completed successfully. (kernel_2_36_0)
Information: Building the design 'kernel_2_37_0'. (HDL-193)
Presto compilation completed successfully. (kernel_2_37_0)
Information: Building the design 'kernel_2_38_0'. (HDL-193)
Presto compilation completed successfully. (kernel_2_38_0)
Information: Building the design 'kernel_2_39_0'. (HDL-193)
Presto compilation completed successfully. (kernel_2_39_0)
Information: Building the design 'kernel_2_40_0'. (HDL-193)
Presto compilation completed successfully. (kernel_2_40_0)
Information: Building the design 'kernel_2_41_0'. (HDL-193)
Presto compilation completed successfully. (kernel_2_41_0)
Information: Building the design 'kernel_2_42_0'. (HDL-193)
Presto compilation completed successfully. (kernel_2_42_0)
Information: Building the design 'kernel_2_43_0'. (HDL-193)
Presto compilation completed successfully. (kernel_2_43_0)
Information: Building the design 'kernel_2_44_0'. (HDL-193)
Presto compilation completed successfully. (kernel_2_44_0)
Information: Building the design 'kernel_2_45_0'. (HDL-193)
Presto compilation completed successfully. (kernel_2_45_0)
Information: Building the design 'kernel_2_46_0'. (HDL-193)
Presto compilation completed successfully. (kernel_2_46_0)
Information: Building the design 'kernel_2_47_0'. (HDL-193)
Presto compilation completed successfully. (kernel_2_47_0)
Information: Building the design 'kernel_2_48_0'. (HDL-193)
Presto compilation completed successfully. (kernel_2_48_0)
Information: Building the design 'kernel_2_49_0'. (HDL-193)
Presto compilation completed successfully. (kernel_2_49_0)
Information: Building the design 'kernel_2_50_0'. (HDL-193)
Presto compilation completed successfully. (kernel_2_50_0)
Information: Building the design 'kernel_2_51_0'. (HDL-193)
Presto compilation completed successfully. (kernel_2_51_0)
Information: Building the design 'kernel_2_52_0'. (HDL-193)
Presto compilation completed successfully. (kernel_2_52_0)
Information: Building the design 'kernel_2_53_0'. (HDL-193)
Presto compilation completed successfully. (kernel_2_53_0)
Information: Building the design 'kernel_2_54_0'. (HDL-193)
Presto compilation completed successfully. (kernel_2_54_0)
Information: Building the design 'kernel_2_55_0'. (HDL-193)
Presto compilation completed successfully. (kernel_2_55_0)
Information: Building the design 'kernel_2_56_0'. (HDL-193)
Presto compilation completed successfully. (kernel_2_56_0)
Information: Building the design 'kernel_2_57_0'. (HDL-193)
Presto compilation completed successfully. (kernel_2_57_0)
Information: Building the design 'kernel_2_58_0'. (HDL-193)
Presto compilation completed successfully. (kernel_2_58_0)
Information: Building the design 'kernel_2_59_0'. (HDL-193)
Presto compilation completed successfully. (kernel_2_59_0)
Information: Building the design 'kernel_2_60_0'. (HDL-193)
Presto compilation completed successfully. (kernel_2_60_0)
Information: Building the design 'kernel_2_61_0'. (HDL-193)
Presto compilation completed successfully. (kernel_2_61_0)
Information: Building the design 'kernel_2_62_0'. (HDL-193)
Presto compilation completed successfully. (kernel_2_62_0)
Information: Building the design 'kernel_2_63_0'. (HDL-193)
Presto compilation completed successfully. (kernel_2_63_0)
Information: Building the design 'kernel_3_0_0'. (HDL-193)
Presto compilation completed successfully. (kernel_3_0_0)
Information: Building the design 'kernel_3_1_0'. (HDL-193)
Presto compilation completed successfully. (kernel_3_1_0)
Information: Building the design 'kernel_3_2_0'. (HDL-193)
Presto compilation completed successfully. (kernel_3_2_0)
Information: Building the design 'kernel_3_3_0'. (HDL-193)
Presto compilation completed successfully. (kernel_3_3_0)
Information: Building the design 'kernel_3_4_0'. (HDL-193)
Presto compilation completed successfully. (kernel_3_4_0)
Information: Building the design 'kernel_3_5_0'. (HDL-193)
Presto compilation completed successfully. (kernel_3_5_0)
Information: Building the design 'kernel_3_6_0'. (HDL-193)
Presto compilation completed successfully. (kernel_3_6_0)
Information: Building the design 'kernel_3_7_0'. (HDL-193)
Presto compilation completed successfully. (kernel_3_7_0)
Information: Building the design 'kernel_3_8_0'. (HDL-193)
Presto compilation completed successfully. (kernel_3_8_0)
Information: Building the design 'kernel_3_9_0'. (HDL-193)
Presto compilation completed successfully. (kernel_3_9_0)
Information: Building the design 'kernel_3_10_0'. (HDL-193)
Presto compilation completed successfully. (kernel_3_10_0)
Information: Building the design 'kernel_3_11_0'. (HDL-193)
Presto compilation completed successfully. (kernel_3_11_0)
Information: Building the design 'kernel_3_12_0'. (HDL-193)
Presto compilation completed successfully. (kernel_3_12_0)
Information: Building the design 'kernel_3_13_0'. (HDL-193)
Presto compilation completed successfully. (kernel_3_13_0)
Information: Building the design 'kernel_3_14_0'. (HDL-193)
Presto compilation completed successfully. (kernel_3_14_0)
Information: Building the design 'kernel_3_15_0'. (HDL-193)
Presto compilation completed successfully. (kernel_3_15_0)
Information: Building the design 'kernel_3_16_0'. (HDL-193)
Presto compilation completed successfully. (kernel_3_16_0)
Information: Building the design 'kernel_3_17_0'. (HDL-193)
Presto compilation completed successfully. (kernel_3_17_0)
Information: Building the design 'kernel_3_18_0'. (HDL-193)
Presto compilation completed successfully. (kernel_3_18_0)
Information: Building the design 'kernel_3_19_0'. (HDL-193)
Presto compilation completed successfully. (kernel_3_19_0)
Information: Building the design 'kernel_3_20_0'. (HDL-193)
Presto compilation completed successfully. (kernel_3_20_0)
Information: Building the design 'kernel_3_21_0'. (HDL-193)
Presto compilation completed successfully. (kernel_3_21_0)
Information: Building the design 'kernel_3_22_0'. (HDL-193)
Presto compilation completed successfully. (kernel_3_22_0)
Information: Building the design 'kernel_3_23_0'. (HDL-193)
Presto compilation completed successfully. (kernel_3_23_0)
Information: Building the design 'kernel_3_24_0'. (HDL-193)
Presto compilation completed successfully. (kernel_3_24_0)
Information: Building the design 'kernel_3_25_0'. (HDL-193)
Presto compilation completed successfully. (kernel_3_25_0)
Information: Building the design 'kernel_3_26_0'. (HDL-193)
Presto compilation completed successfully. (kernel_3_26_0)
Information: Building the design 'kernel_3_27_0'. (HDL-193)
Presto compilation completed successfully. (kernel_3_27_0)
Information: Building the design 'kernel_3_28_0'. (HDL-193)
Presto compilation completed successfully. (kernel_3_28_0)
Information: Building the design 'kernel_3_29_0'. (HDL-193)
Presto compilation completed successfully. (kernel_3_29_0)
Information: Building the design 'kernel_3_30_0'. (HDL-193)
Presto compilation completed successfully. (kernel_3_30_0)
Information: Building the design 'kernel_3_31_0'. (HDL-193)
Presto compilation completed successfully. (kernel_3_31_0)
Information: Building the design 'kernel_3_32_0'. (HDL-193)
Presto compilation completed successfully. (kernel_3_32_0)
Information: Building the design 'kernel_3_33_0'. (HDL-193)
Presto compilation completed successfully. (kernel_3_33_0)
Information: Building the design 'kernel_3_34_0'. (HDL-193)
Presto compilation completed successfully. (kernel_3_34_0)
Information: Building the design 'kernel_3_35_0'. (HDL-193)
Presto compilation completed successfully. (kernel_3_35_0)
Information: Building the design 'kernel_3_36_0'. (HDL-193)
Presto compilation completed successfully. (kernel_3_36_0)
Information: Building the design 'kernel_3_37_0'. (HDL-193)
Presto compilation completed successfully. (kernel_3_37_0)
Information: Building the design 'kernel_3_38_0'. (HDL-193)
Presto compilation completed successfully. (kernel_3_38_0)
Information: Building the design 'kernel_3_39_0'. (HDL-193)
Presto compilation completed successfully. (kernel_3_39_0)
Information: Building the design 'kernel_3_40_0'. (HDL-193)
Presto compilation completed successfully. (kernel_3_40_0)
Information: Building the design 'kernel_3_41_0'. (HDL-193)
Presto compilation completed successfully. (kernel_3_41_0)
Information: Building the design 'kernel_3_42_0'. (HDL-193)
Presto compilation completed successfully. (kernel_3_42_0)
Information: Building the design 'kernel_3_43_0'. (HDL-193)
Presto compilation completed successfully. (kernel_3_43_0)
Information: Building the design 'kernel_3_44_0'. (HDL-193)
Presto compilation completed successfully. (kernel_3_44_0)
Information: Building the design 'kernel_3_45_0'. (HDL-193)
Presto compilation completed successfully. (kernel_3_45_0)
Information: Building the design 'kernel_3_46_0'. (HDL-193)
Presto compilation completed successfully. (kernel_3_46_0)
Information: Building the design 'kernel_3_47_0'. (HDL-193)
Presto compilation completed successfully. (kernel_3_47_0)
Information: Building the design 'kernel_3_48_0'. (HDL-193)
Presto compilation completed successfully. (kernel_3_48_0)
Information: Building the design 'kernel_3_49_0'. (HDL-193)
Presto compilation completed successfully. (kernel_3_49_0)
Information: Building the design 'kernel_3_50_0'. (HDL-193)
Presto compilation completed successfully. (kernel_3_50_0)
Information: Building the design 'kernel_3_51_0'. (HDL-193)
Presto compilation completed successfully. (kernel_3_51_0)
Information: Building the design 'kernel_3_52_0'. (HDL-193)
Presto compilation completed successfully. (kernel_3_52_0)
Information: Building the design 'kernel_3_53_0'. (HDL-193)
Presto compilation completed successfully. (kernel_3_53_0)
Information: Building the design 'kernel_3_54_0'. (HDL-193)
Presto compilation completed successfully. (kernel_3_54_0)
Information: Building the design 'kernel_3_55_0'. (HDL-193)
Presto compilation completed successfully. (kernel_3_55_0)
Information: Building the design 'kernel_3_56_0'. (HDL-193)
Presto compilation completed successfully. (kernel_3_56_0)
Information: Building the design 'kernel_3_57_0'. (HDL-193)
Presto compilation completed successfully. (kernel_3_57_0)
Information: Building the design 'kernel_3_58_0'. (HDL-193)
Presto compilation completed successfully. (kernel_3_58_0)
Information: Building the design 'kernel_3_59_0'. (HDL-193)
Presto compilation completed successfully. (kernel_3_59_0)
Information: Building the design 'kernel_3_60_0'. (HDL-193)
Presto compilation completed successfully. (kernel_3_60_0)
Information: Building the design 'kernel_3_61_0'. (HDL-193)
Presto compilation completed successfully. (kernel_3_61_0)
Information: Building the design 'kernel_3_62_0'. (HDL-193)
Presto compilation completed successfully. (kernel_3_62_0)
Information: Building the design 'kernel_3_63_0'. (HDL-193)
Presto compilation completed successfully. (kernel_3_63_0)
Information: Building the design 'kernel_3_64_0'. (HDL-193)
Presto compilation completed successfully. (kernel_3_64_0)
Information: Building the design 'kernel_3_65_0'. (HDL-193)
Presto compilation completed successfully. (kernel_3_65_0)
Information: Building the design 'kernel_3_66_0'. (HDL-193)
Presto compilation completed successfully. (kernel_3_66_0)
Information: Building the design 'kernel_3_67_0'. (HDL-193)
Presto compilation completed successfully. (kernel_3_67_0)
Information: Building the design 'kernel_3_68_0'. (HDL-193)
Presto compilation completed successfully. (kernel_3_68_0)
Information: Building the design 'kernel_3_69_0'. (HDL-193)
Presto compilation completed successfully. (kernel_3_69_0)
Information: Building the design 'kernel_3_70_0'. (HDL-193)
Presto compilation completed successfully. (kernel_3_70_0)
Information: Building the design 'kernel_3_71_0'. (HDL-193)
Presto compilation completed successfully. (kernel_3_71_0)
Information: Building the design 'kernel_3_72_0'. (HDL-193)
Presto compilation completed successfully. (kernel_3_72_0)
Information: Building the design 'kernel_3_73_0'. (HDL-193)
Presto compilation completed successfully. (kernel_3_73_0)
Information: Building the design 'kernel_3_74_0'. (HDL-193)
Presto compilation completed successfully. (kernel_3_74_0)
Information: Building the design 'kernel_3_75_0'. (HDL-193)
Presto compilation completed successfully. (kernel_3_75_0)
Information: Building the design 'kernel_3_76_0'. (HDL-193)
Presto compilation completed successfully. (kernel_3_76_0)
Information: Building the design 'kernel_3_77_0'. (HDL-193)
Presto compilation completed successfully. (kernel_3_77_0)
Information: Building the design 'kernel_3_78_0'. (HDL-193)
Presto compilation completed successfully. (kernel_3_78_0)
Information: Building the design 'kernel_3_79_0'. (HDL-193)
Presto compilation completed successfully. (kernel_3_79_0)
Information: Building the design 'kernel_3_80_0'. (HDL-193)
Presto compilation completed successfully. (kernel_3_80_0)
Information: Building the design 'kernel_3_81_0'. (HDL-193)
Presto compilation completed successfully. (kernel_3_81_0)
Information: Building the design 'kernel_3_82_0'. (HDL-193)
Presto compilation completed successfully. (kernel_3_82_0)
Information: Building the design 'kernel_3_83_0'. (HDL-193)
Presto compilation completed successfully. (kernel_3_83_0)
Information: Building the design 'kernel_3_84_0'. (HDL-193)
Presto compilation completed successfully. (kernel_3_84_0)
Information: Building the design 'kernel_3_85_0'. (HDL-193)
Presto compilation completed successfully. (kernel_3_85_0)
Information: Building the design 'kernel_3_86_0'. (HDL-193)
Presto compilation completed successfully. (kernel_3_86_0)
Information: Building the design 'kernel_3_87_0'. (HDL-193)
Presto compilation completed successfully. (kernel_3_87_0)
Information: Building the design 'kernel_3_88_0'. (HDL-193)
Presto compilation completed successfully. (kernel_3_88_0)
Information: Building the design 'kernel_3_89_0'. (HDL-193)
Presto compilation completed successfully. (kernel_3_89_0)
Information: Building the design 'kernel_3_90_0'. (HDL-193)
Presto compilation completed successfully. (kernel_3_90_0)
Information: Building the design 'kernel_3_91_0'. (HDL-193)
Presto compilation completed successfully. (kernel_3_91_0)
Information: Building the design 'kernel_3_92_0'. (HDL-193)
Presto compilation completed successfully. (kernel_3_92_0)
Information: Building the design 'kernel_3_93_0'. (HDL-193)
Presto compilation completed successfully. (kernel_3_93_0)
Information: Building the design 'kernel_3_94_0'. (HDL-193)
Presto compilation completed successfully. (kernel_3_94_0)
Information: Building the design 'kernel_3_95_0'. (HDL-193)
Presto compilation completed successfully. (kernel_3_95_0)
Information: Building the design 'kernel_3_96_0'. (HDL-193)
Presto compilation completed successfully. (kernel_3_96_0)
Information: Building the design 'kernel_3_97_0'. (HDL-193)
Presto compilation completed successfully. (kernel_3_97_0)
Information: Building the design 'kernel_3_98_0'. (HDL-193)
Presto compilation completed successfully. (kernel_3_98_0)
Information: Building the design 'kernel_3_99_0'. (HDL-193)
Presto compilation completed successfully. (kernel_3_99_0)
Information: Building the design 'kernel_3_100_0'. (HDL-193)
Presto compilation completed successfully. (kernel_3_100_0)
Information: Building the design 'kernel_3_101_0'. (HDL-193)
Presto compilation completed successfully. (kernel_3_101_0)
Information: Building the design 'kernel_3_102_0'. (HDL-193)
Presto compilation completed successfully. (kernel_3_102_0)
Information: Building the design 'kernel_3_103_0'. (HDL-193)
Presto compilation completed successfully. (kernel_3_103_0)
Information: Building the design 'kernel_3_104_0'. (HDL-193)
Presto compilation completed successfully. (kernel_3_104_0)
Information: Building the design 'kernel_3_105_0'. (HDL-193)
Presto compilation completed successfully. (kernel_3_105_0)
Information: Building the design 'kernel_3_106_0'. (HDL-193)
Presto compilation completed successfully. (kernel_3_106_0)
Information: Building the design 'kernel_3_107_0'. (HDL-193)
Presto compilation completed successfully. (kernel_3_107_0)
Information: Building the design 'kernel_3_108_0'. (HDL-193)
Presto compilation completed successfully. (kernel_3_108_0)
Information: Building the design 'kernel_3_109_0'. (HDL-193)
Presto compilation completed successfully. (kernel_3_109_0)
Information: Building the design 'kernel_3_110_0'. (HDL-193)
Presto compilation completed successfully. (kernel_3_110_0)
Information: Building the design 'kernel_3_111_0'. (HDL-193)
Presto compilation completed successfully. (kernel_3_111_0)
Information: Building the design 'kernel_3_112_0'. (HDL-193)
Presto compilation completed successfully. (kernel_3_112_0)
Information: Building the design 'kernel_3_113_0'. (HDL-193)
Presto compilation completed successfully. (kernel_3_113_0)
Information: Building the design 'kernel_3_114_0'. (HDL-193)
Presto compilation completed successfully. (kernel_3_114_0)
Information: Building the design 'kernel_3_115_0'. (HDL-193)
Presto compilation completed successfully. (kernel_3_115_0)
Information: Building the design 'kernel_3_116_0'. (HDL-193)
Presto compilation completed successfully. (kernel_3_116_0)
Information: Building the design 'kernel_3_117_0'. (HDL-193)
Presto compilation completed successfully. (kernel_3_117_0)
Information: Building the design 'kernel_3_118_0'. (HDL-193)
Presto compilation completed successfully. (kernel_3_118_0)
Information: Building the design 'kernel_3_119_0'. (HDL-193)
Presto compilation completed successfully. (kernel_3_119_0)
Information: Building the design 'kernel_3_120_0'. (HDL-193)
Presto compilation completed successfully. (kernel_3_120_0)
Information: Building the design 'kernel_3_121_0'. (HDL-193)
Presto compilation completed successfully. (kernel_3_121_0)
Information: Building the design 'kernel_3_122_0'. (HDL-193)
Presto compilation completed successfully. (kernel_3_122_0)
Information: Building the design 'kernel_3_123_0'. (HDL-193)
Presto compilation completed successfully. (kernel_3_123_0)
Information: Building the design 'kernel_3_124_0'. (HDL-193)
Presto compilation completed successfully. (kernel_3_124_0)
Information: Building the design 'kernel_3_125_0'. (HDL-193)
Presto compilation completed successfully. (kernel_3_125_0)
Information: Building the design 'kernel_3_126_0'. (HDL-193)
Presto compilation completed successfully. (kernel_3_126_0)
Information: Building the design 'kernel_3_127_0'. (HDL-193)
Presto compilation completed successfully. (kernel_3_127_0)
Information: Building the design 'kernel_3_128_0'. (HDL-193)
Presto compilation completed successfully. (kernel_3_128_0)
Information: Building the design 'kernel_3_129_0'. (HDL-193)
Presto compilation completed successfully. (kernel_3_129_0)
Information: Building the design 'kernel_3_130_0'. (HDL-193)
Presto compilation completed successfully. (kernel_3_130_0)
Information: Building the design 'kernel_3_131_0'. (HDL-193)
Presto compilation completed successfully. (kernel_3_131_0)
Information: Building the design 'kernel_3_132_0'. (HDL-193)
Presto compilation completed successfully. (kernel_3_132_0)
Information: Building the design 'kernel_3_133_0'. (HDL-193)
Presto compilation completed successfully. (kernel_3_133_0)
Information: Building the design 'kernel_3_134_0'. (HDL-193)
Presto compilation completed successfully. (kernel_3_134_0)
Information: Building the design 'kernel_3_135_0'. (HDL-193)
Presto compilation completed successfully. (kernel_3_135_0)
Information: Building the design 'kernel_3_136_0'. (HDL-193)
Presto compilation completed successfully. (kernel_3_136_0)
Information: Building the design 'kernel_3_137_0'. (HDL-193)
Presto compilation completed successfully. (kernel_3_137_0)
Information: Building the design 'kernel_3_138_0'. (HDL-193)
Presto compilation completed successfully. (kernel_3_138_0)
Information: Building the design 'kernel_3_139_0'. (HDL-193)
Presto compilation completed successfully. (kernel_3_139_0)
Information: Building the design 'kernel_3_140_0'. (HDL-193)
Presto compilation completed successfully. (kernel_3_140_0)
Information: Building the design 'kernel_3_141_0'. (HDL-193)
Presto compilation completed successfully. (kernel_3_141_0)
Information: Building the design 'kernel_3_142_0'. (HDL-193)
Presto compilation completed successfully. (kernel_3_142_0)
Information: Building the design 'kernel_3_143_0'. (HDL-193)
Presto compilation completed successfully. (kernel_3_143_0)
Information: Building the design 'kernel_3_144_0'. (HDL-193)
Presto compilation completed successfully. (kernel_3_144_0)
Information: Building the design 'kernel_3_145_0'. (HDL-193)
Presto compilation completed successfully. (kernel_3_145_0)
Information: Building the design 'kernel_3_146_0'. (HDL-193)
Presto compilation completed successfully. (kernel_3_146_0)
Information: Building the design 'kernel_3_147_0'. (HDL-193)
Presto compilation completed successfully. (kernel_3_147_0)
Information: Building the design 'kernel_3_148_0'. (HDL-193)
Presto compilation completed successfully. (kernel_3_148_0)
Information: Building the design 'kernel_3_149_0'. (HDL-193)
Presto compilation completed successfully. (kernel_3_149_0)
Information: Building the design 'kernel_3_150_0'. (HDL-193)
Presto compilation completed successfully. (kernel_3_150_0)
Information: Building the design 'kernel_3_151_0'. (HDL-193)
Presto compilation completed successfully. (kernel_3_151_0)
Information: Building the design 'kernel_3_152_0'. (HDL-193)
Presto compilation completed successfully. (kernel_3_152_0)
Information: Building the design 'kernel_3_153_0'. (HDL-193)
Presto compilation completed successfully. (kernel_3_153_0)
Information: Building the design 'kernel_3_154_0'. (HDL-193)
Presto compilation completed successfully. (kernel_3_154_0)
Information: Building the design 'kernel_3_155_0'. (HDL-193)
Presto compilation completed successfully. (kernel_3_155_0)
Information: Building the design 'kernel_3_156_0'. (HDL-193)
Presto compilation completed successfully. (kernel_3_156_0)
Information: Building the design 'kernel_3_157_0'. (HDL-193)
Presto compilation completed successfully. (kernel_3_157_0)
Information: Building the design 'kernel_3_158_0'. (HDL-193)
Presto compilation completed successfully. (kernel_3_158_0)
Information: Building the design 'kernel_3_159_0'. (HDL-193)
Presto compilation completed successfully. (kernel_3_159_0)
Information: Building the design 'kernel_3_160_0'. (HDL-193)
Presto compilation completed successfully. (kernel_3_160_0)
Information: Building the design 'kernel_3_161_0'. (HDL-193)
Presto compilation completed successfully. (kernel_3_161_0)
Information: Building the design 'kernel_3_162_0'. (HDL-193)
Presto compilation completed successfully. (kernel_3_162_0)
Information: Building the design 'kernel_3_163_0'. (HDL-193)
Presto compilation completed successfully. (kernel_3_163_0)
Information: Building the design 'kernel_3_164_0'. (HDL-193)
Presto compilation completed successfully. (kernel_3_164_0)
Information: Building the design 'kernel_3_165_0'. (HDL-193)
Presto compilation completed successfully. (kernel_3_165_0)
Information: Building the design 'kernel_3_166_0'. (HDL-193)
Presto compilation completed successfully. (kernel_3_166_0)
Information: Building the design 'kernel_3_167_0'. (HDL-193)
Presto compilation completed successfully. (kernel_3_167_0)
Information: Building the design 'kernel_3_168_0'. (HDL-193)
Presto compilation completed successfully. (kernel_3_168_0)
Information: Building the design 'kernel_3_169_0'. (HDL-193)
Presto compilation completed successfully. (kernel_3_169_0)
Information: Building the design 'kernel_3_170_0'. (HDL-193)
Presto compilation completed successfully. (kernel_3_170_0)
Information: Building the design 'kernel_3_171_0'. (HDL-193)
Presto compilation completed successfully. (kernel_3_171_0)
Information: Building the design 'kernel_3_172_0'. (HDL-193)
Presto compilation completed successfully. (kernel_3_172_0)
Information: Building the design 'kernel_3_173_0'. (HDL-193)
Presto compilation completed successfully. (kernel_3_173_0)
Information: Building the design 'kernel_3_174_0'. (HDL-193)
Presto compilation completed successfully. (kernel_3_174_0)
Information: Building the design 'kernel_3_175_0'. (HDL-193)
Presto compilation completed successfully. (kernel_3_175_0)
Information: Building the design 'kernel_3_176_0'. (HDL-193)
Presto compilation completed successfully. (kernel_3_176_0)
Information: Building the design 'kernel_3_177_0'. (HDL-193)
Presto compilation completed successfully. (kernel_3_177_0)
Information: Building the design 'kernel_3_178_0'. (HDL-193)
Presto compilation completed successfully. (kernel_3_178_0)
Information: Building the design 'kernel_3_179_0'. (HDL-193)
Presto compilation completed successfully. (kernel_3_179_0)
Information: Building the design 'kernel_3_180_0'. (HDL-193)
Presto compilation completed successfully. (kernel_3_180_0)
Information: Building the design 'kernel_3_181_0'. (HDL-193)
Presto compilation completed successfully. (kernel_3_181_0)
Information: Building the design 'kernel_3_182_0'. (HDL-193)
Presto compilation completed successfully. (kernel_3_182_0)
Information: Building the design 'kernel_3_183_0'. (HDL-193)
Presto compilation completed successfully. (kernel_3_183_0)
Information: Building the design 'kernel_3_184_0'. (HDL-193)
Presto compilation completed successfully. (kernel_3_184_0)
Information: Building the design 'kernel_3_185_0'. (HDL-193)
Presto compilation completed successfully. (kernel_3_185_0)
Information: Building the design 'kernel_3_186_0'. (HDL-193)
Presto compilation completed successfully. (kernel_3_186_0)
Information: Building the design 'kernel_3_187_0'. (HDL-193)
Presto compilation completed successfully. (kernel_3_187_0)
Information: Building the design 'kernel_3_188_0'. (HDL-193)
Presto compilation completed successfully. (kernel_3_188_0)
Information: Building the design 'kernel_3_189_0'. (HDL-193)
Presto compilation completed successfully. (kernel_3_189_0)
Information: Building the design 'kernel_3_190_0'. (HDL-193)
Presto compilation completed successfully. (kernel_3_190_0)
Information: Building the design 'kernel_3_191_0'. (HDL-193)
Presto compilation completed successfully. (kernel_3_191_0)
Information: Building the design 'kernel_4_0_0'. (HDL-193)
Presto compilation completed successfully. (kernel_4_0_0)
Information: Building the design 'kernel_4_1_0'. (HDL-193)
Presto compilation completed successfully. (kernel_4_1_0)
Information: Building the design 'kernel_4_2_0'. (HDL-193)
Presto compilation completed successfully. (kernel_4_2_0)
Information: Building the design 'kernel_4_3_0'. (HDL-193)
Presto compilation completed successfully. (kernel_4_3_0)
Information: Building the design 'kernel_4_4_0'. (HDL-193)
Presto compilation completed successfully. (kernel_4_4_0)
Information: Building the design 'kernel_4_5_0'. (HDL-193)
Presto compilation completed successfully. (kernel_4_5_0)
Information: Building the design 'kernel_4_6_0'. (HDL-193)
Presto compilation completed successfully. (kernel_4_6_0)
Information: Building the design 'kernel_4_7_0'. (HDL-193)
Presto compilation completed successfully. (kernel_4_7_0)
Information: Building the design 'kernel_4_8_0'. (HDL-193)
Presto compilation completed successfully. (kernel_4_8_0)
Information: Building the design 'kernel_4_9_0'. (HDL-193)
Presto compilation completed successfully. (kernel_4_9_0)
Information: Building the design 'kernel_4_10_0'. (HDL-193)
Presto compilation completed successfully. (kernel_4_10_0)
Information: Building the design 'kernel_4_11_0'. (HDL-193)
Presto compilation completed successfully. (kernel_4_11_0)
Information: Building the design 'kernel_4_12_0'. (HDL-193)
Presto compilation completed successfully. (kernel_4_12_0)
Information: Building the design 'kernel_4_13_0'. (HDL-193)
Presto compilation completed successfully. (kernel_4_13_0)
Information: Building the design 'kernel_4_14_0'. (HDL-193)
Presto compilation completed successfully. (kernel_4_14_0)
Information: Building the design 'kernel_4_15_0'. (HDL-193)
Presto compilation completed successfully. (kernel_4_15_0)
Information: Building the design 'kernel_4_16_0'. (HDL-193)
Presto compilation completed successfully. (kernel_4_16_0)
Information: Building the design 'kernel_4_17_0'. (HDL-193)
Presto compilation completed successfully. (kernel_4_17_0)
Information: Building the design 'kernel_4_18_0'. (HDL-193)
Presto compilation completed successfully. (kernel_4_18_0)
Information: Building the design 'kernel_4_19_0'. (HDL-193)
Presto compilation completed successfully. (kernel_4_19_0)
Information: Building the design 'kernel_4_20_0'. (HDL-193)
Presto compilation completed successfully. (kernel_4_20_0)
Information: Building the design 'kernel_4_21_0'. (HDL-193)
Presto compilation completed successfully. (kernel_4_21_0)
Information: Building the design 'kernel_4_22_0'. (HDL-193)
Presto compilation completed successfully. (kernel_4_22_0)
Information: Building the design 'kernel_4_23_0'. (HDL-193)
Presto compilation completed successfully. (kernel_4_23_0)
Information: Building the design 'kernel_4_24_0'. (HDL-193)
Presto compilation completed successfully. (kernel_4_24_0)
Information: Building the design 'kernel_4_25_0'. (HDL-193)
Presto compilation completed successfully. (kernel_4_25_0)
Information: Building the design 'kernel_4_26_0'. (HDL-193)
Presto compilation completed successfully. (kernel_4_26_0)
Information: Building the design 'kernel_4_27_0'. (HDL-193)
Presto compilation completed successfully. (kernel_4_27_0)
Information: Building the design 'kernel_4_28_0'. (HDL-193)
Presto compilation completed successfully. (kernel_4_28_0)
Information: Building the design 'kernel_4_29_0'. (HDL-193)
Presto compilation completed successfully. (kernel_4_29_0)
Information: Building the design 'kernel_4_30_0'. (HDL-193)
Presto compilation completed successfully. (kernel_4_30_0)
Information: Building the design 'kernel_4_31_0'. (HDL-193)
Presto compilation completed successfully. (kernel_4_31_0)
Information: Building the design 'kernel_4_32_0'. (HDL-193)
Presto compilation completed successfully. (kernel_4_32_0)
Information: Building the design 'kernel_4_33_0'. (HDL-193)
Presto compilation completed successfully. (kernel_4_33_0)
Information: Building the design 'kernel_4_34_0'. (HDL-193)
Presto compilation completed successfully. (kernel_4_34_0)
Information: Building the design 'kernel_4_35_0'. (HDL-193)
Presto compilation completed successfully. (kernel_4_35_0)
Information: Building the design 'kernel_4_36_0'. (HDL-193)
Presto compilation completed successfully. (kernel_4_36_0)
Information: Building the design 'kernel_4_37_0'. (HDL-193)
Presto compilation completed successfully. (kernel_4_37_0)
Information: Building the design 'kernel_4_38_0'. (HDL-193)
Presto compilation completed successfully. (kernel_4_38_0)
Information: Building the design 'kernel_4_39_0'. (HDL-193)
Presto compilation completed successfully. (kernel_4_39_0)
Information: Building the design 'kernel_4_40_0'. (HDL-193)
Presto compilation completed successfully. (kernel_4_40_0)
Information: Building the design 'kernel_4_41_0'. (HDL-193)
Presto compilation completed successfully. (kernel_4_41_0)
Information: Building the design 'kernel_4_42_0'. (HDL-193)
Presto compilation completed successfully. (kernel_4_42_0)
Information: Building the design 'kernel_4_43_0'. (HDL-193)
Presto compilation completed successfully. (kernel_4_43_0)
Information: Building the design 'kernel_4_44_0'. (HDL-193)
Presto compilation completed successfully. (kernel_4_44_0)
Information: Building the design 'kernel_4_45_0'. (HDL-193)
Presto compilation completed successfully. (kernel_4_45_0)
Information: Building the design 'kernel_4_46_0'. (HDL-193)
Presto compilation completed successfully. (kernel_4_46_0)
Information: Building the design 'kernel_4_47_0'. (HDL-193)
Presto compilation completed successfully. (kernel_4_47_0)
Information: Building the design 'kernel_4_48_0'. (HDL-193)
Presto compilation completed successfully. (kernel_4_48_0)
Information: Building the design 'kernel_4_49_0'. (HDL-193)
Presto compilation completed successfully. (kernel_4_49_0)
Information: Building the design 'kernel_4_50_0'. (HDL-193)
Presto compilation completed successfully. (kernel_4_50_0)
Information: Building the design 'kernel_4_51_0'. (HDL-193)
Presto compilation completed successfully. (kernel_4_51_0)
Information: Building the design 'kernel_4_52_0'. (HDL-193)
Presto compilation completed successfully. (kernel_4_52_0)
Information: Building the design 'kernel_4_53_0'. (HDL-193)
Presto compilation completed successfully. (kernel_4_53_0)
Information: Building the design 'kernel_4_54_0'. (HDL-193)
Presto compilation completed successfully. (kernel_4_54_0)
Information: Building the design 'kernel_4_55_0'. (HDL-193)
Presto compilation completed successfully. (kernel_4_55_0)
Information: Building the design 'kernel_4_56_0'. (HDL-193)
Presto compilation completed successfully. (kernel_4_56_0)
Information: Building the design 'kernel_4_57_0'. (HDL-193)
Presto compilation completed successfully. (kernel_4_57_0)
Information: Building the design 'kernel_4_58_0'. (HDL-193)
Presto compilation completed successfully. (kernel_4_58_0)
Information: Building the design 'kernel_4_59_0'. (HDL-193)
Presto compilation completed successfully. (kernel_4_59_0)
Information: Building the design 'kernel_4_60_0'. (HDL-193)
Presto compilation completed successfully. (kernel_4_60_0)
Information: Building the design 'kernel_4_61_0'. (HDL-193)
Presto compilation completed successfully. (kernel_4_61_0)
Information: Building the design 'kernel_4_62_0'. (HDL-193)
Presto compilation completed successfully. (kernel_4_62_0)
Information: Building the design 'kernel_4_63_0'. (HDL-193)
Presto compilation completed successfully. (kernel_4_63_0)
Information: Building the design 'kernel_4_64_0'. (HDL-193)
Presto compilation completed successfully. (kernel_4_64_0)
Information: Building the design 'kernel_4_65_0'. (HDL-193)
Presto compilation completed successfully. (kernel_4_65_0)
Information: Building the design 'kernel_4_66_0'. (HDL-193)
Presto compilation completed successfully. (kernel_4_66_0)
Information: Building the design 'kernel_4_67_0'. (HDL-193)
Presto compilation completed successfully. (kernel_4_67_0)
Information: Building the design 'kernel_4_68_0'. (HDL-193)
Presto compilation completed successfully. (kernel_4_68_0)
Information: Building the design 'kernel_4_69_0'. (HDL-193)
Presto compilation completed successfully. (kernel_4_69_0)
Information: Building the design 'kernel_4_70_0'. (HDL-193)
Presto compilation completed successfully. (kernel_4_70_0)
Information: Building the design 'kernel_4_71_0'. (HDL-193)
Presto compilation completed successfully. (kernel_4_71_0)
Information: Building the design 'kernel_4_72_0'. (HDL-193)
Presto compilation completed successfully. (kernel_4_72_0)
Information: Building the design 'kernel_4_73_0'. (HDL-193)
Presto compilation completed successfully. (kernel_4_73_0)
Information: Building the design 'kernel_4_74_0'. (HDL-193)
Presto compilation completed successfully. (kernel_4_74_0)
Information: Building the design 'kernel_4_75_0'. (HDL-193)
Presto compilation completed successfully. (kernel_4_75_0)
Information: Building the design 'kernel_4_76_0'. (HDL-193)
Presto compilation completed successfully. (kernel_4_76_0)
Information: Building the design 'kernel_4_77_0'. (HDL-193)
Presto compilation completed successfully. (kernel_4_77_0)
Information: Building the design 'kernel_4_78_0'. (HDL-193)
Presto compilation completed successfully. (kernel_4_78_0)
Information: Building the design 'kernel_4_79_0'. (HDL-193)
Presto compilation completed successfully. (kernel_4_79_0)
Information: Building the design 'kernel_4_80_0'. (HDL-193)
Presto compilation completed successfully. (kernel_4_80_0)
Information: Building the design 'kernel_4_81_0'. (HDL-193)
Presto compilation completed successfully. (kernel_4_81_0)
Information: Building the design 'kernel_4_82_0'. (HDL-193)
Presto compilation completed successfully. (kernel_4_82_0)
Information: Building the design 'kernel_4_83_0'. (HDL-193)
Presto compilation completed successfully. (kernel_4_83_0)
Information: Building the design 'kernel_4_84_0'. (HDL-193)
Presto compilation completed successfully. (kernel_4_84_0)
Information: Building the design 'kernel_4_85_0'. (HDL-193)
Presto compilation completed successfully. (kernel_4_85_0)
Information: Building the design 'kernel_4_86_0'. (HDL-193)
Presto compilation completed successfully. (kernel_4_86_0)
Information: Building the design 'kernel_4_87_0'. (HDL-193)
Presto compilation completed successfully. (kernel_4_87_0)
Information: Building the design 'kernel_4_88_0'. (HDL-193)
Presto compilation completed successfully. (kernel_4_88_0)
Information: Building the design 'kernel_4_89_0'. (HDL-193)
Presto compilation completed successfully. (kernel_4_89_0)
Information: Building the design 'kernel_4_90_0'. (HDL-193)
Presto compilation completed successfully. (kernel_4_90_0)
Information: Building the design 'kernel_4_91_0'. (HDL-193)
Presto compilation completed successfully. (kernel_4_91_0)
Information: Building the design 'kernel_4_92_0'. (HDL-193)
Presto compilation completed successfully. (kernel_4_92_0)
Information: Building the design 'kernel_4_93_0'. (HDL-193)
Presto compilation completed successfully. (kernel_4_93_0)
Information: Building the design 'kernel_4_94_0'. (HDL-193)
Presto compilation completed successfully. (kernel_4_94_0)
Information: Building the design 'kernel_4_95_0'. (HDL-193)
Presto compilation completed successfully. (kernel_4_95_0)
Information: Building the design 'kernel_4_96_0'. (HDL-193)
Presto compilation completed successfully. (kernel_4_96_0)
Information: Building the design 'kernel_4_97_0'. (HDL-193)
Presto compilation completed successfully. (kernel_4_97_0)
Information: Building the design 'kernel_4_98_0'. (HDL-193)
Presto compilation completed successfully. (kernel_4_98_0)
Information: Building the design 'kernel_4_99_0'. (HDL-193)
Presto compilation completed successfully. (kernel_4_99_0)
Information: Building the design 'kernel_4_100_0'. (HDL-193)
Presto compilation completed successfully. (kernel_4_100_0)
Information: Building the design 'kernel_4_101_0'. (HDL-193)
Presto compilation completed successfully. (kernel_4_101_0)
Information: Building the design 'kernel_4_102_0'. (HDL-193)
Presto compilation completed successfully. (kernel_4_102_0)
Information: Building the design 'kernel_4_103_0'. (HDL-193)
Presto compilation completed successfully. (kernel_4_103_0)
Information: Building the design 'kernel_4_104_0'. (HDL-193)
Presto compilation completed successfully. (kernel_4_104_0)
Information: Building the design 'kernel_4_105_0'. (HDL-193)
Presto compilation completed successfully. (kernel_4_105_0)
Information: Building the design 'kernel_4_106_0'. (HDL-193)
Presto compilation completed successfully. (kernel_4_106_0)
Information: Building the design 'kernel_4_107_0'. (HDL-193)
Presto compilation completed successfully. (kernel_4_107_0)
Information: Building the design 'kernel_4_108_0'. (HDL-193)
Presto compilation completed successfully. (kernel_4_108_0)
Information: Building the design 'kernel_4_109_0'. (HDL-193)
Presto compilation completed successfully. (kernel_4_109_0)
Information: Building the design 'kernel_4_110_0'. (HDL-193)
Presto compilation completed successfully. (kernel_4_110_0)
Information: Building the design 'kernel_4_111_0'. (HDL-193)
Presto compilation completed successfully. (kernel_4_111_0)
Information: Building the design 'kernel_4_112_0'. (HDL-193)
Presto compilation completed successfully. (kernel_4_112_0)
Information: Building the design 'kernel_4_113_0'. (HDL-193)
Presto compilation completed successfully. (kernel_4_113_0)
Information: Building the design 'kernel_4_114_0'. (HDL-193)
Presto compilation completed successfully. (kernel_4_114_0)
Information: Building the design 'kernel_4_115_0'. (HDL-193)
Presto compilation completed successfully. (kernel_4_115_0)
Information: Building the design 'kernel_4_116_0'. (HDL-193)
Presto compilation completed successfully. (kernel_4_116_0)
Information: Building the design 'kernel_4_117_0'. (HDL-193)
Presto compilation completed successfully. (kernel_4_117_0)
Information: Building the design 'kernel_4_118_0'. (HDL-193)
Presto compilation completed successfully. (kernel_4_118_0)
Information: Building the design 'kernel_4_119_0'. (HDL-193)
Presto compilation completed successfully. (kernel_4_119_0)
Information: Building the design 'kernel_4_120_0'. (HDL-193)
Presto compilation completed successfully. (kernel_4_120_0)
Information: Building the design 'kernel_4_121_0'. (HDL-193)
Presto compilation completed successfully. (kernel_4_121_0)
Information: Building the design 'kernel_4_122_0'. (HDL-193)
Presto compilation completed successfully. (kernel_4_122_0)
Information: Building the design 'kernel_4_123_0'. (HDL-193)
Presto compilation completed successfully. (kernel_4_123_0)
Information: Building the design 'kernel_4_124_0'. (HDL-193)
Presto compilation completed successfully. (kernel_4_124_0)
Information: Building the design 'kernel_4_125_0'. (HDL-193)
Presto compilation completed successfully. (kernel_4_125_0)
Information: Building the design 'kernel_4_126_0'. (HDL-193)
Presto compilation completed successfully. (kernel_4_126_0)
Information: Building the design 'kernel_4_127_0'. (HDL-193)
Presto compilation completed successfully. (kernel_4_127_0)
Information: Building the design 'kernel_4_128_0'. (HDL-193)
Presto compilation completed successfully. (kernel_4_128_0)
Information: Building the design 'kernel_4_129_0'. (HDL-193)
Presto compilation completed successfully. (kernel_4_129_0)
Information: Building the design 'kernel_4_130_0'. (HDL-193)
Presto compilation completed successfully. (kernel_4_130_0)
Information: Building the design 'kernel_4_131_0'. (HDL-193)
Presto compilation completed successfully. (kernel_4_131_0)
Information: Building the design 'kernel_4_132_0'. (HDL-193)
Presto compilation completed successfully. (kernel_4_132_0)
Information: Building the design 'kernel_4_133_0'. (HDL-193)
Presto compilation completed successfully. (kernel_4_133_0)
Information: Building the design 'kernel_4_134_0'. (HDL-193)
Presto compilation completed successfully. (kernel_4_134_0)
Information: Building the design 'kernel_4_135_0'. (HDL-193)
Presto compilation completed successfully. (kernel_4_135_0)
Information: Building the design 'kernel_4_136_0'. (HDL-193)
Presto compilation completed successfully. (kernel_4_136_0)
Information: Building the design 'kernel_4_137_0'. (HDL-193)
Presto compilation completed successfully. (kernel_4_137_0)
Information: Building the design 'kernel_4_138_0'. (HDL-193)
Presto compilation completed successfully. (kernel_4_138_0)
Information: Building the design 'kernel_4_139_0'. (HDL-193)
Presto compilation completed successfully. (kernel_4_139_0)
Information: Building the design 'kernel_4_140_0'. (HDL-193)
Presto compilation completed successfully. (kernel_4_140_0)
Information: Building the design 'kernel_4_141_0'. (HDL-193)
Presto compilation completed successfully. (kernel_4_141_0)
Information: Building the design 'kernel_4_142_0'. (HDL-193)
Presto compilation completed successfully. (kernel_4_142_0)
Information: Building the design 'kernel_4_143_0'. (HDL-193)
Presto compilation completed successfully. (kernel_4_143_0)
Information: Building the design 'kernel_4_144_0'. (HDL-193)
Presto compilation completed successfully. (kernel_4_144_0)
Information: Building the design 'kernel_4_145_0'. (HDL-193)
Presto compilation completed successfully. (kernel_4_145_0)
Information: Building the design 'kernel_4_146_0'. (HDL-193)
Presto compilation completed successfully. (kernel_4_146_0)
Information: Building the design 'kernel_4_147_0'. (HDL-193)
Presto compilation completed successfully. (kernel_4_147_0)
Information: Building the design 'kernel_4_148_0'. (HDL-193)
Presto compilation completed successfully. (kernel_4_148_0)
Information: Building the design 'kernel_4_149_0'. (HDL-193)
Presto compilation completed successfully. (kernel_4_149_0)
Information: Building the design 'kernel_4_150_0'. (HDL-193)
Presto compilation completed successfully. (kernel_4_150_0)
Information: Building the design 'kernel_4_151_0'. (HDL-193)
Presto compilation completed successfully. (kernel_4_151_0)
Information: Building the design 'kernel_4_152_0'. (HDL-193)
Presto compilation completed successfully. (kernel_4_152_0)
Information: Building the design 'kernel_4_153_0'. (HDL-193)
Presto compilation completed successfully. (kernel_4_153_0)
Information: Building the design 'kernel_4_154_0'. (HDL-193)
Presto compilation completed successfully. (kernel_4_154_0)
Information: Building the design 'kernel_4_155_0'. (HDL-193)
Presto compilation completed successfully. (kernel_4_155_0)
Information: Building the design 'kernel_4_156_0'. (HDL-193)
Presto compilation completed successfully. (kernel_4_156_0)
Information: Building the design 'kernel_4_157_0'. (HDL-193)
Presto compilation completed successfully. (kernel_4_157_0)
Information: Building the design 'kernel_4_158_0'. (HDL-193)
Presto compilation completed successfully. (kernel_4_158_0)
Information: Building the design 'kernel_4_159_0'. (HDL-193)
Presto compilation completed successfully. (kernel_4_159_0)
Information: Building the design 'kernel_4_160_0'. (HDL-193)
Presto compilation completed successfully. (kernel_4_160_0)
Information: Building the design 'kernel_4_161_0'. (HDL-193)
Presto compilation completed successfully. (kernel_4_161_0)
Information: Building the design 'kernel_4_162_0'. (HDL-193)
Presto compilation completed successfully. (kernel_4_162_0)
Information: Building the design 'kernel_4_163_0'. (HDL-193)
Presto compilation completed successfully. (kernel_4_163_0)
Information: Building the design 'kernel_4_164_0'. (HDL-193)
Presto compilation completed successfully. (kernel_4_164_0)
Information: Building the design 'kernel_4_165_0'. (HDL-193)
Presto compilation completed successfully. (kernel_4_165_0)
Information: Building the design 'kernel_4_166_0'. (HDL-193)
Presto compilation completed successfully. (kernel_4_166_0)
Information: Building the design 'kernel_4_167_0'. (HDL-193)
Presto compilation completed successfully. (kernel_4_167_0)
Information: Building the design 'kernel_4_168_0'. (HDL-193)
Presto compilation completed successfully. (kernel_4_168_0)
Information: Building the design 'kernel_4_169_0'. (HDL-193)
Presto compilation completed successfully. (kernel_4_169_0)
Information: Building the design 'kernel_4_170_0'. (HDL-193)
Presto compilation completed successfully. (kernel_4_170_0)
Information: Building the design 'kernel_4_171_0'. (HDL-193)
Presto compilation completed successfully. (kernel_4_171_0)
Information: Building the design 'kernel_4_172_0'. (HDL-193)
Presto compilation completed successfully. (kernel_4_172_0)
Information: Building the design 'kernel_4_173_0'. (HDL-193)
Presto compilation completed successfully. (kernel_4_173_0)
Information: Building the design 'kernel_4_174_0'. (HDL-193)
Presto compilation completed successfully. (kernel_4_174_0)
Information: Building the design 'kernel_4_175_0'. (HDL-193)
Presto compilation completed successfully. (kernel_4_175_0)
Information: Building the design 'kernel_4_176_0'. (HDL-193)
Presto compilation completed successfully. (kernel_4_176_0)
Information: Building the design 'kernel_4_177_0'. (HDL-193)
Presto compilation completed successfully. (kernel_4_177_0)
Information: Building the design 'kernel_4_178_0'. (HDL-193)
Presto compilation completed successfully. (kernel_4_178_0)
Information: Building the design 'kernel_4_179_0'. (HDL-193)
Presto compilation completed successfully. (kernel_4_179_0)
Information: Building the design 'kernel_4_180_0'. (HDL-193)
Presto compilation completed successfully. (kernel_4_180_0)
Information: Building the design 'kernel_4_181_0'. (HDL-193)
Presto compilation completed successfully. (kernel_4_181_0)
Information: Building the design 'kernel_4_182_0'. (HDL-193)
Presto compilation completed successfully. (kernel_4_182_0)
Information: Building the design 'kernel_4_183_0'. (HDL-193)
Presto compilation completed successfully. (kernel_4_183_0)
Information: Building the design 'kernel_4_184_0'. (HDL-193)
Presto compilation completed successfully. (kernel_4_184_0)
Information: Building the design 'kernel_4_185_0'. (HDL-193)
Presto compilation completed successfully. (kernel_4_185_0)
Information: Building the design 'kernel_4_186_0'. (HDL-193)
Presto compilation completed successfully. (kernel_4_186_0)
Information: Building the design 'kernel_4_187_0'. (HDL-193)
Presto compilation completed successfully. (kernel_4_187_0)
Information: Building the design 'kernel_4_188_0'. (HDL-193)
Presto compilation completed successfully. (kernel_4_188_0)
Information: Building the design 'kernel_4_189_0'. (HDL-193)
Presto compilation completed successfully. (kernel_4_189_0)
Information: Building the design 'kernel_4_190_0'. (HDL-193)
Presto compilation completed successfully. (kernel_4_190_0)
Information: Building the design 'kernel_4_191_0'. (HDL-193)
Presto compilation completed successfully. (kernel_4_191_0)
Information: Building the design 'kernel_5_0_0'. (HDL-193)
Presto compilation completed successfully. (kernel_5_0_0)
Information: Building the design 'kernel_5_1_0'. (HDL-193)
Presto compilation completed successfully. (kernel_5_1_0)
Information: Building the design 'kernel_5_2_0'. (HDL-193)
Presto compilation completed successfully. (kernel_5_2_0)
Information: Building the design 'kernel_5_3_0'. (HDL-193)
Presto compilation completed successfully. (kernel_5_3_0)
Information: Building the design 'kernel_5_4_0'. (HDL-193)
Presto compilation completed successfully. (kernel_5_4_0)
Information: Building the design 'kernel_5_5_0'. (HDL-193)
Presto compilation completed successfully. (kernel_5_5_0)
Information: Building the design 'kernel_5_6_0'. (HDL-193)
Presto compilation completed successfully. (kernel_5_6_0)
Information: Building the design 'kernel_5_7_0'. (HDL-193)
Presto compilation completed successfully. (kernel_5_7_0)
Information: Building the design 'kernel_5_8_0'. (HDL-193)
Presto compilation completed successfully. (kernel_5_8_0)
Information: Building the design 'kernel_5_9_0'. (HDL-193)
Presto compilation completed successfully. (kernel_5_9_0)
Information: Building the design 'kernel_5_10_0'. (HDL-193)
Presto compilation completed successfully. (kernel_5_10_0)
Information: Building the design 'kernel_5_11_0'. (HDL-193)
Presto compilation completed successfully. (kernel_5_11_0)
Information: Building the design 'kernel_5_12_0'. (HDL-193)
Presto compilation completed successfully. (kernel_5_12_0)
Information: Building the design 'kernel_5_13_0'. (HDL-193)
Presto compilation completed successfully. (kernel_5_13_0)
Information: Building the design 'kernel_5_14_0'. (HDL-193)
Presto compilation completed successfully. (kernel_5_14_0)
Information: Building the design 'kernel_5_15_0'. (HDL-193)
Presto compilation completed successfully. (kernel_5_15_0)
Information: Building the design 'kernel_6_0_0'. (HDL-193)
Presto compilation completed successfully. (kernel_6_0_0)
Information: Building the design 'kernel_6_1_0'. (HDL-193)
Presto compilation completed successfully. (kernel_6_1_0)
Information: Building the design 'kernel_6_2_0'. (HDL-193)
Presto compilation completed successfully. (kernel_6_2_0)
Information: Building the design 'kernel_6_3_0'. (HDL-193)
Presto compilation completed successfully. (kernel_6_3_0)
Information: Building the design 'kernel_6_4_0'. (HDL-193)
Presto compilation completed successfully. (kernel_6_4_0)
1
date
Sun Oct  3 23:18:40 2021
link

  Linking design 'jscL_Nulla'
  Using the following designs and libraries:
  --------------------------------------------------------------------------
  gscl45nm (library)          /home/home2/students/esmailid/NCSU-FreePDK45-1.4/FreePDK45/osu_soc/lib/files/gscl45nm.db

1
#set_max_area 0
set_clock_gating_style -sequential_cell latch -positive_edge_logic {nand} -negative_edge_logic {nor} -minimum_bitwidth 5 -max_fanout 64

Current clock gating style....
Sequential cell: latch
Minimum bank bitwidth: 5
Minimum bank bitwidth for enhanced clock gating: 10
Maximum fanout: 64
Setup time for clock gate: 0.000000
Hold time for clock gate: 0.000000
Clock gating circuitry (positive edge): nand
 Note: inverter between clock gating circuitry 
       and (positive edge) register clock pin.
Clock gating circuitry (negative edge): nor
Control point insertion: none
Control signal for control point: scan_enable
Observation point insertion: false
Observation logic depth: 5
1
source -echo -verbose ./constraints.tcl
create_clock $clkname  -name CLK  -period $clkperiod
1
#set_multicycle_path -setup 2 -from I2/Z_S_reg* -to I2/Z_S_reg*
#set_multicycle_path -hold  1 -from I2/Z_S_reg* -to I2/Z_S_reg*
#set_multicycle_path -setup 2 -from I1/Z_S_reg* -to I2/Z_S_reg*
#set_multicycle_path -hold  1 -from I1/Z_S_reg* -to I2/Z_S_reg*
#set_multicycle_path -setup 2 -from I1/Z_C_reg* -to I2/Z_S_reg*
#set_multicycle_path -hold  1 -from I1/Z_C_reg* -to I2/Z_S_reg*
#set_multicycle_path -setup 2 -from I1/C_reg*   -to I2/Z_S_reg*
#set_multicycle_path -hold  1 -from I1/C_reg*   -to I2/Z_S_reg*
#set_multicycle_path -setup 2 -from M_reg* -to I2/Z_S_reg*
#set_multicycle_path -hold  1 -from M_reg* -to I2/Z_S_reg*
set input_ports  [remove_from_collection [all_inputs] $clkname]
{in[63] in[62] in[61] in[60] in[59] in[58] in[57] in[56] in[55] in[54] in[53] in[52] in[51] in[50] in[49] in[48] in[47] in[46] in[45] in[44] in[43] in[42] in[41] in[40] in[39] in[38] in[37] in[36] in[35] in[34] in[33] in[32] in[31] in[30] in[29] in[28] in[27] in[26] in[25] in[24] in[23] in[22] in[21] in[20] in[19] in[18] in[17] in[16] in[15] in[14] in[13] in[12] in[11] in[10] in[9] in[8] in[7] in[6] in[5] in[4] in[3] in[2] in[1] in[0]}
set output_ports [all_outputs]
{out[34] out[33] out[32] out[31] out[30] out[29] out[28] out[27] out[26] out[25] out[24] out[23] out[22] out[21] out[20] out[19] out[18] out[17] out[16] out[15] out[14] out[13] out[12] out[11] out[10] out[9] out[8] out[7] out[6] out[5] out[4] out[3] out[2] out[1] out[0]}
#############################################################################################
#set_input_delay  -max [expr $clkperiod/4]   [get_ports $input_ports ]  -clock CLK
#set_input_delay  -min 0   [get_ports $input_ports ]  -clock CLK
#set_output_delay -max [expr $clkperiod/4]   [get_ports $output_ports ] -clock CLK
#set_output_delay -min 0.5            [get_ports $output_ports ] -clock CLK
#############################################################################################
##  set_input_transition -max 0.5 [get_ports $input_ports]
##  set_input_transition -min 0   [get_ports $input_ports]
##  set_load -max .001   [get_ports $output_ports]
##  set_load -min .0005  [get_ports $output_ports]
group_path -name output_group -to   [all_outputs]
1
group_path -name input_group  -from [all_inputs]
1
#set_max_delay [expr $clkperiod/2] -from [all_inputs] -to [all_outputs] -group_path "io_group"
infer_switching_activity -apply
Information: Updating design information... (UID-85)
Warning: Design 'jscL_Nulla' contains 33 high-fanout nets. A fanout number of 1000 will be used for delay calculations involving these nets. (TIM-134)
